{"/Users/emiliedion/Desktop/git/A2019/LOG4420-TP3/routes/rest/members.js":{"path":"/Users/emiliedion/Desktop/git/A2019/LOG4420-TP3/routes/rest/members.js","statementMap":{"0":{"start":{"line":1,"column":16},"end":{"line":1,"column":34}},"1":{"start":{"line":2,"column":22},"end":{"line":2,"column":37}},"2":{"start":{"line":4,"column":0},"end":{"line":28,"column":2}},"3":{"start":{"line":5,"column":17},"end":{"line":5,"column":33}},"4":{"start":{"line":7,"column":2},"end":{"line":25,"column":5}},"5":{"start":{"line":8,"column":18},"end":{"line":8,"column":32}},"6":{"start":{"line":9,"column":32},"end":{"line":9,"column":69}},"7":{"start":{"line":10,"column":4},"end":{"line":24,"column":5}},"8":{"start":{"line":11,"column":19},"end":{"line":11,"column":46}},"9":{"start":{"line":13,"column":22},"end":{"line":16,"column":8}},"10":{"start":{"line":14,"column":53},"end":{"line":14,"column":54}},"11":{"start":{"line":15,"column":8},"end":{"line":15,"column":62}},"12":{"start":{"line":17,"column":6},"end":{"line":17,"column":27}},"13":{"start":{"line":18,"column":6},"end":{"line":18,"column":24}},"14":{"start":{"line":20,"column":6},"end":{"line":20,"column":27}},"15":{"start":{"line":21,"column":24},"end":{"line":21,"column":52}},"16":{"start":{"line":22,"column":21},"end":{"line":22,"column":58}},"17":{"start":{"line":23,"column":6},"end":{"line":23,"column":27}},"18":{"start":{"line":27,"column":2},"end":{"line":27,"column":16}}},"fnMap":{"0":{"name":"(anonymous_0)","decl":{"start":{"line":4,"column":17},"end":{"line":4,"column":18}},"loc":{"start":{"line":4,"column":32},"end":{"line":28,"column":1}},"line":4},"1":{"name":"(anonymous_1)","decl":{"start":{"line":7,"column":18},"end":{"line":7,"column":19}},"loc":{"start":{"line":7,"column":44},"end":{"line":25,"column":3}},"line":7},"2":{"name":"(anonymous_2)","decl":{"start":{"line":13,"column":31},"end":{"line":13,"column":32}},"loc":{"start":{"line":13,"column":41},"end":{"line":16,"column":7}},"line":13}},"branchMap":{"0":{"loc":{"start":{"line":15,"column":22},"end":{"line":15,"column":30}},"type":"binary-expr","locations":[{"start":{"line":15,"column":22},"end":{"line":15,"column":25}},{"start":{"line":15,"column":29},"end":{"line":15,"column":30}}],"line":15},"1":{"loc":{"start":{"line":22,"column":21},"end":{"line":22,"column":58}},"type":"cond-expr","locations":[{"start":{"line":22,"column":33},"end":{"line":22,"column":44}},{"start":{"line":22,"column":47},"end":{"line":22,"column":58}}],"line":22}},"s":{"0":1,"1":1,"2":1,"3":3,"4":3,"5":2,"6":2,"7":2,"8":2,"9":0,"10":0,"11":0,"12":0,"13":0,"14":2,"15":2,"16":2,"17":2,"18":3},"f":{"0":3,"1":2,"2":0},"b":{"0":[0,0],"1":[1,1]},"_coverageSchema":"43e27e138ebf9cfc5966b082cf9a028302ed4184","hash":"26f414967753fc99b577dc4ccddf4fdd55df90e0","contentHash":"4990aa9f84c10cb104c736102827e59a8657b3b25ba3f4dd201b65ede26fe3f1"},"/Users/emiliedion/Desktop/git/A2019/LOG4420-TP3/services/feed.js":{"path":"/Users/emiliedion/Desktop/git/A2019/LOG4420-TP3/services/feed.js","statementMap":{"0":{"start":{"line":1,"column":14},"end":{"line":1,"column":30}},"1":{"start":{"line":20,"column":17},"end":{"line":30,"column":1}},"2":{"start":{"line":20,"column":32},"end":{"line":30,"column":1}},"3":{"start":{"line":20,"column":50},"end":{"line":30,"column":1}},"4":{"start":{"line":20,"column":62},"end":{"line":30,"column":1}},"5":{"start":{"line":20,"column":74},"end":{"line":30,"column":1}},"6":{"start":{"line":21,"column":23},"end":{"line":21,"column":90}},"7":{"start":{"line":23,"column":2},"end":{"line":29,"column":4}},"8":{"start":{"line":24,"column":4},"end":{"line":28,"column":5}},"9":{"start":{"line":25,"column":6},"end":{"line":25,"column":25}},"10":{"start":{"line":27,"column":6},"end":{"line":27,"column":53}},"11":{"start":{"line":40,"column":37},"end":{"line":45,"column":1}},"12":{"start":{"line":41,"column":16},"end":{"line":43,"column":50}},"13":{"start":{"line":42,"column":42},"end":{"line":42,"column":73}},"14":{"start":{"line":43,"column":22},"end":{"line":43,"column":49}},"15":{"start":{"line":44,"column":2},"end":{"line":44,"column":23}},"16":{"start":{"line":47,"column":0},"end":{"line":51,"column":1}},"17":{"start":{"line":48,"column":2},"end":{"line":50,"column":3}}},"fnMap":{"0":{"name":"(anonymous_0)","decl":{"start":{"line":20,"column":17},"end":{"line":20,"column":18}},"loc":{"start":{"line":20,"column":32},"end":{"line":30,"column":1}},"line":20},"1":{"name":"(anonymous_1)","decl":{"start":{"line":20,"column":32},"end":{"line":20,"column":33}},"loc":{"start":{"line":20,"column":50},"end":{"line":30,"column":1}},"line":20},"2":{"name":"(anonymous_2)","decl":{"start":{"line":20,"column":50},"end":{"line":20,"column":51}},"loc":{"start":{"line":20,"column":62},"end":{"line":30,"column":1}},"line":20},"3":{"name":"(anonymous_3)","decl":{"start":{"line":20,"column":62},"end":{"line":20,"column":63}},"loc":{"start":{"line":20,"column":74},"end":{"line":30,"column":1}},"line":20},"4":{"name":"(anonymous_4)","decl":{"start":{"line":20,"column":74},"end":{"line":20,"column":75}},"loc":{"start":{"line":20,"column":86},"end":{"line":30,"column":1}},"line":20},"5":{"name":"(anonymous_5)","decl":{"start":{"line":23,"column":102},"end":{"line":23,"column":103}},"loc":{"start":{"line":23,"column":120},"end":{"line":29,"column":3}},"line":23},"6":{"name":"(anonymous_6)","decl":{"start":{"line":40,"column":37},"end":{"line":40,"column":38}},"loc":{"start":{"line":40,"column":60},"end":{"line":45,"column":1}},"line":40},"7":{"name":"(anonymous_7)","decl":{"start":{"line":42,"column":12},"end":{"line":42,"column":13}},"loc":{"start":{"line":42,"column":42},"end":{"line":42,"column":73}},"line":42},"8":{"name":"(anonymous_8)","decl":{"start":{"line":43,"column":10},"end":{"line":43,"column":11}},"loc":{"start":{"line":43,"column":22},"end":{"line":43,"column":49}},"line":43},"9":{"name":"(anonymous_9)","decl":{"start":{"line":47,"column":17},"end":{"line":47,"column":18}},"loc":{"start":{"line":47,"column":50},"end":{"line":51,"column":1}},"line":47}},"branchMap":{"0":{"loc":{"start":{"line":24,"column":4},"end":{"line":28,"column":5}},"type":"if","locations":[{"start":{"line":24,"column":4},"end":{"line":28,"column":5}},{"start":{"line":24,"column":4},"end":{"line":28,"column":5}}],"line":24}},"s":{"0":1,"1":1,"2":2,"3":2,"4":2,"5":2,"6":2,"7":2,"8":2,"9":1,"10":1,"11":1,"12":1,"13":2,"14":1,"15":1,"16":1,"17":2},"f":{"0":2,"1":2,"2":2,"3":2,"4":2,"5":2,"6":1,"7":2,"8":1,"9":2},"b":{"0":[1,1]},"_coverageSchema":"43e27e138ebf9cfc5966b082cf9a028302ed4184","hash":"7984004b1e9c8a22f4af3ae959ac236c6b590883","contentHash":"cc60fd1cc39bb7dbf58f786769bafb14d6442b9a896e6af67a63662bcae53d4c"},"/Users/emiliedion/Desktop/git/A2019/LOG4420-TP3/services/mongo/news.js":{"path":"/Users/emiliedion/Desktop/git/A2019/LOG4420-TP3/services/mongo/news.js","statementMap":{"0":{"start":{"line":1,"column":15},"end":{"line":1,"column":32}},"1":{"start":{"line":2,"column":27},"end":{"line":2,"column":46}},"2":{"start":{"line":19,"column":16},"end":{"line":38,"column":1}},"3":{"start":{"line":19,"column":22},"end":{"line":38,"column":1}},"4":{"start":{"line":19,"column":34},"end":{"line":38,"column":1}},"5":{"start":{"line":20,"column":2},"end":{"line":36,"column":5}},"6":{"start":{"line":21,"column":4},"end":{"line":35,"column":5}},"7":{"start":{"line":21,"column":13},"end":{"line":21,"column":32}},"8":{"start":{"line":23,"column":19},"end":{"line":33,"column":10}},"9":{"start":{"line":25,"column":33},"end":{"line":25,"column":65}},"10":{"start":{"line":26,"column":35},"end":{"line":26,"column":86}},"11":{"start":{"line":27,"column":10},"end":{"line":32,"column":11}},"12":{"start":{"line":34,"column":6},"end":{"line":34,"column":26}},"13":{"start":{"line":40,"column":0},"end":{"line":44,"column":1}},"14":{"start":{"line":41,"column":2},"end":{"line":43,"column":3}}},"fnMap":{"0":{"name":"(anonymous_0)","decl":{"start":{"line":19,"column":16},"end":{"line":19,"column":17}},"loc":{"start":{"line":19,"column":22},"end":{"line":38,"column":1}},"line":19},"1":{"name":"(anonymous_1)","decl":{"start":{"line":19,"column":22},"end":{"line":19,"column":23}},"loc":{"start":{"line":19,"column":34},"end":{"line":38,"column":1}},"line":19},"2":{"name":"(anonymous_2)","decl":{"start":{"line":19,"column":34},"end":{"line":19,"column":35}},"loc":{"start":{"line":19,"column":46},"end":{"line":38,"column":1}},"line":19},"3":{"name":"(anonymous_3)","decl":{"start":{"line":20,"column":39},"end":{"line":20,"column":40}},"loc":{"start":{"line":20,"column":54},"end":{"line":36,"column":3}},"line":20},"4":{"name":"(anonymous_4)","decl":{"start":{"line":24,"column":13},"end":{"line":24,"column":14}},"loc":{"start":{"line":24,"column":18},"end":{"line":33,"column":9}},"line":24},"5":{"name":"(anonymous_5)","decl":{"start":{"line":40,"column":17},"end":{"line":40,"column":18}},"loc":{"start":{"line":40,"column":23},"end":{"line":44,"column":1}},"line":40}},"branchMap":{"0":{"loc":{"start":{"line":21,"column":4},"end":{"line":35,"column":5}},"type":"if","locations":[{"start":{"line":21,"column":4},"end":{"line":35,"column":5}},{"start":{"line":21,"column":4},"end":{"line":35,"column":5}}],"line":21},"1":{"loc":{"start":{"line":23,"column":20},"end":{"line":23,"column":47}},"type":"cond-expr","locations":[{"start":{"line":23,"column":38},"end":{"line":23,"column":40}},{"start":{"line":23,"column":43},"end":{"line":23,"column":47}}],"line":23}},"s":{"0":1,"1":1,"2":1,"3":2,"4":2,"5":2,"6":2,"7":0,"8":2,"9":10,"10":10,"11":10,"12":2,"13":1,"14":2},"f":{"0":2,"1":2,"2":2,"3":2,"4":10,"5":2},"b":{"0":[0,2],"1":[0,2]},"_coverageSchema":"43e27e138ebf9cfc5966b082cf9a028302ed4184","hash":"05abc50cfe5f767daa84985db9a9e484e5701ae7","contentHash":"f8d3d266acd5bf2f8703e09803b59fa7599919d4fd87e2ca6ad55110e66b2fbf"},"/Users/emiliedion/Desktop/git/A2019/LOG4420-TP3/services/utils.js":{"path":"/Users/emiliedion/Desktop/git/A2019/LOG4420-TP3/services/utils.js","statementMap":{"0":{"start":{"line":15,"column":0},"end":{"line":23,"column":2}},"1":{"start":{"line":16,"column":2},"end":{"line":22,"column":3}},"2":{"start":{"line":17,"column":4},"end":{"line":17,"column":14}},"3":{"start":{"line":18,"column":9},"end":{"line":22,"column":3}},"4":{"start":{"line":19,"column":4},"end":{"line":19,"column":27}},"5":{"start":{"line":21,"column":4},"end":{"line":21,"column":23}}},"fnMap":{"0":{"name":"(anonymous_0)","decl":{"start":{"line":15,"column":25},"end":{"line":15,"column":26}},"loc":{"start":{"line":15,"column":46},"end":{"line":23,"column":1}},"line":15}},"branchMap":{"0":{"loc":{"start":{"line":16,"column":2},"end":{"line":22,"column":3}},"type":"if","locations":[{"start":{"line":16,"column":2},"end":{"line":22,"column":3}},{"start":{"line":16,"column":2},"end":{"line":22,"column":3}}],"line":16},"1":{"loc":{"start":{"line":18,"column":9},"end":{"line":22,"column":3}},"type":"if","locations":[{"start":{"line":18,"column":9},"end":{"line":22,"column":3}},{"start":{"line":18,"column":9},"end":{"line":22,"column":3}}],"line":18}},"s":{"0":1,"1":256,"2":21,"3":235,"4":215,"5":20},"f":{"0":256},"b":{"0":[21,235],"1":[215,20]},"_coverageSchema":"43e27e138ebf9cfc5966b082cf9a028302ed4184","hash":"4c2960447cdbbded57e8aec23dc6344bd136b73c","contentHash":"dbd9059c96c555c6cc632b2d56e00872fe1b200f0eb7bcf87bb630fd1a4f3ab8"},"/Users/emiliedion/Desktop/git/A2019/LOG4420-TP3/services/yaml/news.js":{"path":"/Users/emiliedion/Desktop/git/A2019/LOG4420-TP3/services/yaml/news.js","statementMap":{"0":{"start":{"line":1,"column":13},"end":{"line":1,"column":31}},"1":{"start":{"line":2,"column":15},"end":{"line":2,"column":32}},"2":{"start":{"line":3,"column":27},"end":{"line":3,"column":46}},"3":{"start":{"line":20,"column":16},"end":{"line":40,"column":1}},"4":{"start":{"line":20,"column":22},"end":{"line":40,"column":1}},"5":{"start":{"line":20,"column":34},"end":{"line":40,"column":1}},"6":{"start":{"line":21,"column":2},"end":{"line":39,"column":4}},"7":{"start":{"line":22,"column":4},"end":{"line":38,"column":5}},"8":{"start":{"line":23,"column":6},"end":{"line":23,"column":25}},"9":{"start":{"line":25,"column":29},"end":{"line":25,"column":51}},"10":{"start":{"line":26,"column":19},"end":{"line":36,"column":10}},"11":{"start":{"line":28,"column":33},"end":{"line":28,"column":65}},"12":{"start":{"line":29,"column":35},"end":{"line":29,"column":86}},"13":{"start":{"line":30,"column":10},"end":{"line":35,"column":11}},"14":{"start":{"line":37,"column":6},"end":{"line":37,"column":26}},"15":{"start":{"line":42,"column":0},"end":{"line":46,"column":1}},"16":{"start":{"line":43,"column":2},"end":{"line":45,"column":3}}},"fnMap":{"0":{"name":"(anonymous_0)","decl":{"start":{"line":20,"column":16},"end":{"line":20,"column":17}},"loc":{"start":{"line":20,"column":22},"end":{"line":40,"column":1}},"line":20},"1":{"name":"(anonymous_1)","decl":{"start":{"line":20,"column":22},"end":{"line":20,"column":23}},"loc":{"start":{"line":20,"column":34},"end":{"line":40,"column":1}},"line":20},"2":{"name":"(anonymous_2)","decl":{"start":{"line":20,"column":34},"end":{"line":20,"column":35}},"loc":{"start":{"line":20,"column":46},"end":{"line":40,"column":1}},"line":20},"3":{"name":"(anonymous_3)","decl":{"start":{"line":21,"column":41},"end":{"line":21,"column":42}},"loc":{"start":{"line":21,"column":59},"end":{"line":39,"column":3}},"line":21},"4":{"name":"(anonymous_4)","decl":{"start":{"line":27,"column":13},"end":{"line":27,"column":14}},"loc":{"start":{"line":27,"column":18},"end":{"line":36,"column":9}},"line":27},"5":{"name":"(anonymous_5)","decl":{"start":{"line":42,"column":17},"end":{"line":42,"column":18}},"loc":{"start":{"line":42,"column":23},"end":{"line":46,"column":1}},"line":42}},"branchMap":{"0":{"loc":{"start":{"line":22,"column":4},"end":{"line":38,"column":5}},"type":"if","locations":[{"start":{"line":22,"column":4},"end":{"line":38,"column":5}},{"start":{"line":22,"column":4},"end":{"line":38,"column":5}}],"line":22},"1":{"loc":{"start":{"line":26,"column":20},"end":{"line":26,"column":67}},"type":"cond-expr","locations":[{"start":{"line":26,"column":48},"end":{"line":26,"column":50}},{"start":{"line":26,"column":53},"end":{"line":26,"column":67}}],"line":26}},"s":{"0":1,"1":1,"2":1,"3":1,"4":3,"5":3,"6":3,"7":3,"8":1,"9":2,"10":2,"11":1,"12":1,"13":1,"14":2,"15":1,"16":3},"f":{"0":3,"1":3,"2":3,"3":3,"4":1,"5":3},"b":{"0":[1,2],"1":[1,1]},"_coverageSchema":"43e27e138ebf9cfc5966b082cf9a028302ed4184","hash":"a571141d30d2b4f27d8076033b23eecb27a76812","contentHash":"83ed8ab6ba29f0edcdd2a4c5d60e8ddd3994f70d7472825b128f45152e9a2a0e"},"/Users/emiliedion/Desktop/git/A2019/LOG4420-TP3/services/mongo/projects.js":{"path":"/Users/emiliedion/Desktop/git/A2019/LOG4420-TP3/services/mongo/projects.js","statementMap":{"0":{"start":{"line":1,"column":27},"end":{"line":1,"column":46}},"1":{"start":{"line":2,"column":17},"end":{"line":2,"column":44}},"2":{"start":{"line":19,"column":20},"end":{"line":44,"column":1}},"3":{"start":{"line":19,"column":26},"end":{"line":44,"column":1}},"4":{"start":{"line":19,"column":38},"end":{"line":44,"column":1}},"5":{"start":{"line":20,"column":2},"end":{"line":43,"column":7}},"6":{"start":{"line":23,"column":6},"end":{"line":42,"column":7}},"7":{"start":{"line":23,"column":15},"end":{"line":23,"column":35}},"8":{"start":{"line":25,"column":24},"end":{"line":40,"column":12}},"9":{"start":{"line":28,"column":36},"end":{"line":28,"column":75}},"10":{"start":{"line":29,"column":42},"end":{"line":32,"column":13}},"11":{"start":{"line":33,"column":12},"end":{"line":39,"column":14}},"12":{"start":{"line":41,"column":8},"end":{"line":41,"column":32}},"13":{"start":{"line":63,"column":23},"end":{"line":84,"column":1}},"14":{"start":{"line":63,"column":29},"end":{"line":84,"column":1}},"15":{"start":{"line":63,"column":47},"end":{"line":84,"column":1}},"16":{"start":{"line":63,"column":59},"end":{"line":84,"column":1}},"17":{"start":{"line":63,"column":65},"end":{"line":84,"column":1}},"18":{"start":{"line":64,"column":2},"end":{"line":83,"column":5}},"19":{"start":{"line":65,"column":4},"end":{"line":82,"column":5}},"20":{"start":{"line":65,"column":13},"end":{"line":65,"column":33}},"21":{"start":{"line":67,"column":6},"end":{"line":81,"column":7}},"22":{"start":{"line":68,"column":8},"end":{"line":68,"column":64}},"23":{"start":{"line":69,"column":8},"end":{"line":69,"column":76}},"24":{"start":{"line":70,"column":8},"end":{"line":70,"column":32}},"25":{"start":{"line":73,"column":10},"end":{"line":77,"column":65}},"26":{"start":{"line":78,"column":22},"end":{"line":78,"column":41}},"27":{"start":{"line":79,"column":8},"end":{"line":79,"column":33}},"28":{"start":{"line":80,"column":8},"end":{"line":80,"column":30}},"29":{"start":{"line":86,"column":0},"end":{"line":91,"column":2}},"30":{"start":{"line":87,"column":2},"end":{"line":90,"column":4}}},"fnMap":{"0":{"name":"(anonymous_0)","decl":{"start":{"line":19,"column":20},"end":{"line":19,"column":21}},"loc":{"start":{"line":19,"column":26},"end":{"line":44,"column":1}},"line":19},"1":{"name":"(anonymous_1)","decl":{"start":{"line":19,"column":26},"end":{"line":19,"column":27}},"loc":{"start":{"line":19,"column":38},"end":{"line":44,"column":1}},"line":19},"2":{"name":"(anonymous_2)","decl":{"start":{"line":19,"column":38},"end":{"line":19,"column":39}},"loc":{"start":{"line":19,"column":50},"end":{"line":44,"column":1}},"line":19},"3":{"name":"(anonymous_3)","decl":{"start":{"line":22,"column":13},"end":{"line":22,"column":14}},"loc":{"start":{"line":22,"column":28},"end":{"line":43,"column":5}},"line":22},"4":{"name":"(anonymous_4)","decl":{"start":{"line":27,"column":15},"end":{"line":27,"column":16}},"loc":{"start":{"line":27,"column":26},"end":{"line":40,"column":11}},"line":27},"5":{"name":"(anonymous_5)","decl":{"start":{"line":63,"column":23},"end":{"line":63,"column":24}},"loc":{"start":{"line":63,"column":29},"end":{"line":84,"column":1}},"line":63},"6":{"name":"(anonymous_6)","decl":{"start":{"line":63,"column":29},"end":{"line":63,"column":30}},"loc":{"start":{"line":63,"column":47},"end":{"line":84,"column":1}},"line":63},"7":{"name":"(anonymous_7)","decl":{"start":{"line":63,"column":47},"end":{"line":63,"column":48}},"loc":{"start":{"line":63,"column":59},"end":{"line":84,"column":1}},"line":63},"8":{"name":"(anonymous_8)","decl":{"start":{"line":63,"column":59},"end":{"line":63,"column":60}},"loc":{"start":{"line":63,"column":65},"end":{"line":84,"column":1}},"line":63},"9":{"name":"(anonymous_9)","decl":{"start":{"line":63,"column":65},"end":{"line":63,"column":66}},"loc":{"start":{"line":63,"column":77},"end":{"line":84,"column":1}},"line":63},"10":{"name":"(anonymous_10)","decl":{"start":{"line":64,"column":49},"end":{"line":64,"column":50}},"loc":{"start":{"line":64,"column":67},"end":{"line":83,"column":3}},"line":64},"11":{"name":"(anonymous_11)","decl":{"start":{"line":86,"column":17},"end":{"line":86,"column":18}},"loc":{"start":{"line":86,"column":23},"end":{"line":91,"column":1}},"line":86}},"branchMap":{"0":{"loc":{"start":{"line":23,"column":6},"end":{"line":42,"column":7}},"type":"if","locations":[{"start":{"line":23,"column":6},"end":{"line":42,"column":7}},{"start":{"line":23,"column":6},"end":{"line":42,"column":7}}],"line":23},"1":{"loc":{"start":{"line":25,"column":25},"end":{"line":25,"column":50}},"type":"cond-expr","locations":[{"start":{"line":25,"column":41},"end":{"line":25,"column":43}},{"start":{"line":25,"column":46},"end":{"line":25,"column":50}}],"line":25},"2":{"loc":{"start":{"line":38,"column":16},"end":{"line":38,"column":78}},"type":"cond-expr","locations":[{"start":{"line":38,"column":53},"end":{"line":38,"column":55}},{"start":{"line":38,"column":58},"end":{"line":38,"column":78}}],"line":38},"3":{"loc":{"start":{"line":65,"column":4},"end":{"line":82,"column":5}},"type":"if","locations":[{"start":{"line":65,"column":4},"end":{"line":82,"column":5}},{"start":{"line":65,"column":4},"end":{"line":82,"column":5}}],"line":65},"4":{"loc":{"start":{"line":67,"column":6},"end":{"line":81,"column":7}},"type":"if","locations":[{"start":{"line":67,"column":6},"end":{"line":81,"column":7}},{"start":{"line":67,"column":6},"end":{"line":81,"column":7}}],"line":67},"5":{"loc":{"start":{"line":73,"column":10},"end":{"line":77,"column":65}},"type":"cond-expr","locations":[{"start":{"line":76,"column":14},"end":{"line":76,"column":31}},{"start":{"line":77,"column":14},"end":{"line":77,"column":65}}],"line":73},"6":{"loc":{"start":{"line":73,"column":10},"end":{"line":75,"column":75}},"type":"binary-expr","locations":[{"start":{"line":73,"column":10},"end":{"line":73,"column":38}},{"start":{"line":74,"column":10},"end":{"line":74,"column":50}},{"start":{"line":75,"column":10},"end":{"line":75,"column":75}}],"line":73}},"s":{"0":1,"1":1,"2":1,"3":5,"4":4,"5":4,"6":4,"7":0,"8":4,"9":68,"10":68,"11":68,"12":4,"13":1,"14":5,"15":3,"16":3,"17":3,"18":3,"19":3,"20":0,"21":3,"22":2,"23":2,"24":2,"25":1,"26":1,"27":1,"28":1,"29":1,"30":5},"f":{"0":5,"1":4,"2":4,"3":4,"4":68,"5":5,"6":3,"7":3,"8":3,"9":3,"10":3,"11":5},"b":{"0":[0,4],"1":[0,4],"2":[0,68],"3":[0,3],"4":[2,1],"5":[0,1],"6":[1,0,0]},"_coverageSchema":"43e27e138ebf9cfc5966b082cf9a028302ed4184","hash":"310aa25b44c07d4d19218224882ed24672a9a009","contentHash":"3aeea5aa9a3fd650eb48f2f14c5e0f1d229ae42219322fb98f36dc2436ae20e6"},"/Users/emiliedion/Desktop/git/A2019/LOG4420-TP3/services/yaml/projects.js":{"path":"/Users/emiliedion/Desktop/git/A2019/LOG4420-TP3/services/yaml/projects.js","statementMap":{"0":{"start":{"line":1,"column":13},"end":{"line":1,"column":31}},"1":{"start":{"line":2,"column":27},"end":{"line":2,"column":46}},"2":{"start":{"line":19,"column":20},"end":{"line":40,"column":1}},"3":{"start":{"line":19,"column":26},"end":{"line":40,"column":1}},"4":{"start":{"line":19,"column":38},"end":{"line":40,"column":1}},"5":{"start":{"line":20,"column":2},"end":{"line":39,"column":4}},"6":{"start":{"line":21,"column":4},"end":{"line":38,"column":5}},"7":{"start":{"line":22,"column":6},"end":{"line":22,"column":25}},"8":{"start":{"line":24,"column":29},"end":{"line":24,"column":51}},"9":{"start":{"line":25,"column":23},"end":{"line":36,"column":10}},"10":{"start":{"line":28,"column":34},"end":{"line":28,"column":73}},"11":{"start":{"line":29,"column":40},"end":{"line":29,"column":85}},"12":{"start":{"line":30,"column":10},"end":{"line":35,"column":11}},"13":{"start":{"line":37,"column":6},"end":{"line":37,"column":30}},"14":{"start":{"line":59,"column":23},"end":{"line":75,"column":1}},"15":{"start":{"line":59,"column":29},"end":{"line":75,"column":1}},"16":{"start":{"line":59,"column":47},"end":{"line":75,"column":1}},"17":{"start":{"line":59,"column":59},"end":{"line":75,"column":1}},"18":{"start":{"line":59,"column":65},"end":{"line":75,"column":1}},"19":{"start":{"line":60,"column":2},"end":{"line":74,"column":4}},"20":{"start":{"line":61,"column":4},"end":{"line":73,"column":5}},"21":{"start":{"line":62,"column":6},"end":{"line":62,"column":25}},"22":{"start":{"line":64,"column":25},"end":{"line":64,"column":57}},"23":{"start":{"line":64,"column":44},"end":{"line":64,"column":56}},"24":{"start":{"line":65,"column":6},"end":{"line":72,"column":7}},"25":{"start":{"line":66,"column":8},"end":{"line":66,"column":34}},"26":{"start":{"line":68,"column":25},"end":{"line":68,"column":240}},"27":{"start":{"line":69,"column":22},"end":{"line":69,"column":41}},"28":{"start":{"line":70,"column":8},"end":{"line":70,"column":32}},"29":{"start":{"line":71,"column":8},"end":{"line":71,"column":29}},"30":{"start":{"line":77,"column":0},"end":{"line":82,"column":1}},"31":{"start":{"line":78,"column":2},"end":{"line":81,"column":3}}},"fnMap":{"0":{"name":"(anonymous_0)","decl":{"start":{"line":19,"column":20},"end":{"line":19,"column":21}},"loc":{"start":{"line":19,"column":26},"end":{"line":40,"column":1}},"line":19},"1":{"name":"(anonymous_1)","decl":{"start":{"line":19,"column":26},"end":{"line":19,"column":27}},"loc":{"start":{"line":19,"column":38},"end":{"line":40,"column":1}},"line":19},"2":{"name":"(anonymous_2)","decl":{"start":{"line":19,"column":38},"end":{"line":19,"column":39}},"loc":{"start":{"line":19,"column":50},"end":{"line":40,"column":1}},"line":19},"3":{"name":"(anonymous_3)","decl":{"start":{"line":20,"column":45},"end":{"line":20,"column":46}},"loc":{"start":{"line":20,"column":63},"end":{"line":39,"column":3}},"line":20},"4":{"name":"(anonymous_4)","decl":{"start":{"line":27,"column":13},"end":{"line":27,"column":14}},"loc":{"start":{"line":27,"column":24},"end":{"line":36,"column":9}},"line":27},"5":{"name":"(anonymous_5)","decl":{"start":{"line":59,"column":23},"end":{"line":59,"column":24}},"loc":{"start":{"line":59,"column":29},"end":{"line":75,"column":1}},"line":59},"6":{"name":"(anonymous_6)","decl":{"start":{"line":59,"column":29},"end":{"line":59,"column":30}},"loc":{"start":{"line":59,"column":47},"end":{"line":75,"column":1}},"line":59},"7":{"name":"(anonymous_7)","decl":{"start":{"line":59,"column":47},"end":{"line":59,"column":48}},"loc":{"start":{"line":59,"column":59},"end":{"line":75,"column":1}},"line":59},"8":{"name":"(anonymous_8)","decl":{"start":{"line":59,"column":59},"end":{"line":59,"column":60}},"loc":{"start":{"line":59,"column":65},"end":{"line":75,"column":1}},"line":59},"9":{"name":"(anonymous_9)","decl":{"start":{"line":59,"column":65},"end":{"line":59,"column":66}},"loc":{"start":{"line":59,"column":77},"end":{"line":75,"column":1}},"line":59},"10":{"name":"(anonymous_10)","decl":{"start":{"line":60,"column":28},"end":{"line":60,"column":29}},"loc":{"start":{"line":60,"column":47},"end":{"line":74,"column":3}},"line":60},"11":{"name":"(anonymous_11)","decl":{"start":{"line":64,"column":39},"end":{"line":64,"column":40}},"loc":{"start":{"line":64,"column":44},"end":{"line":64,"column":56}},"line":64},"12":{"name":"(anonymous_12)","decl":{"start":{"line":77,"column":17},"end":{"line":77,"column":18}},"loc":{"start":{"line":77,"column":23},"end":{"line":82,"column":1}},"line":77}},"branchMap":{"0":{"loc":{"start":{"line":21,"column":4},"end":{"line":38,"column":5}},"type":"if","locations":[{"start":{"line":21,"column":4},"end":{"line":38,"column":5}},{"start":{"line":21,"column":4},"end":{"line":38,"column":5}}],"line":21},"1":{"loc":{"start":{"line":25,"column":24},"end":{"line":25,"column":71}},"type":"cond-expr","locations":[{"start":{"line":25,"column":52},"end":{"line":25,"column":54}},{"start":{"line":25,"column":57},"end":{"line":25,"column":71}}],"line":25},"2":{"loc":{"start":{"line":34,"column":26},"end":{"line":34,"column":90}},"type":"cond-expr","locations":[{"start":{"line":34,"column":65},"end":{"line":34,"column":67}},{"start":{"line":34,"column":70},"end":{"line":34,"column":90}}],"line":34},"3":{"loc":{"start":{"line":61,"column":4},"end":{"line":73,"column":5}},"type":"if","locations":[{"start":{"line":61,"column":4},"end":{"line":73,"column":5}},{"start":{"line":61,"column":4},"end":{"line":73,"column":5}}],"line":61},"4":{"loc":{"start":{"line":65,"column":6},"end":{"line":72,"column":7}},"type":"if","locations":[{"start":{"line":65,"column":6},"end":{"line":72,"column":7}},{"start":{"line":65,"column":6},"end":{"line":72,"column":7}}],"line":65},"5":{"loc":{"start":{"line":68,"column":25},"end":{"line":68,"column":240}},"type":"cond-expr","locations":[{"start":{"line":68,"column":169},"end":{"line":68,"column":186}},{"start":{"line":68,"column":189},"end":{"line":68,"column":240}}],"line":68},"6":{"loc":{"start":{"line":68,"column":25},"end":{"line":68,"column":166}},"type":"binary-expr","locations":[{"start":{"line":68,"column":25},"end":{"line":68,"column":53}},{"start":{"line":68,"column":57},"end":{"line":68,"column":97}},{"start":{"line":68,"column":101},"end":{"line":68,"column":166}}],"line":68}},"s":{"0":1,"1":1,"2":1,"3":10,"4":7,"5":7,"6":7,"7":2,"8":5,"9":5,"10":4,"11":4,"12":4,"13":5,"14":1,"15":7,"16":3,"17":3,"18":3,"19":3,"20":3,"21":1,"22":2,"23":2,"24":2,"25":1,"26":1,"27":1,"28":1,"29":1,"30":1,"31":7},"f":{"0":10,"1":7,"2":7,"3":7,"4":4,"5":7,"6":3,"7":3,"8":3,"9":3,"10":3,"11":2,"12":7},"b":{"0":[2,5],"1":[1,4],"2":[1,3],"3":[1,2],"4":[1,1],"5":[0,1],"6":[1,0,0]},"_coverageSchema":"43e27e138ebf9cfc5966b082cf9a028302ed4184","hash":"02fa005c44ef8d3010faabaa36f1e19bbc14431d","contentHash":"d0cb70b012a9342aac82d75c07b01e8643abd22bd170561a902d0eba08fb4965"},"/Users/emiliedion/Desktop/git/A2019/LOG4420-TP3/services/mongo/publication.js":{"path":"/Users/emiliedion/Desktop/git/A2019/LOG4420-TP3/services/mongo/publication.js","statementMap":{"0":{"start":{"line":1,"column":15},"end":{"line":1,"column":32}},"1":{"start":{"line":2,"column":16},"end":{"line":2,"column":34}},"2":{"start":{"line":18,"column":32},"end":{"line":27,"column":1}},"3":{"start":{"line":18,"column":38},"end":{"line":27,"column":1}},"4":{"start":{"line":19,"column":2},"end":{"line":26,"column":7}},"5":{"start":{"line":22,"column":6},"end":{"line":25,"column":7}},"6":{"start":{"line":22,"column":15},"end":{"line":22,"column":35}},"7":{"start":{"line":24,"column":8},"end":{"line":24,"column":29}},"8":{"start":{"line":50,"column":24},"end":{"line":78,"column":1}},"9":{"start":{"line":50,"column":30},"end":{"line":78,"column":1}},"10":{"start":{"line":50,"column":44},"end":{"line":78,"column":1}},"11":{"start":{"line":51,"column":17},"end":{"line":54,"column":8}},"12":{"start":{"line":52,"column":4},"end":{"line":52,"column":41}},"13":{"start":{"line":53,"column":4},"end":{"line":53,"column":16}},"14":{"start":{"line":56,"column":2},"end":{"line":77,"column":7}},"15":{"start":{"line":62,"column":6},"end":{"line":76,"column":7}},"16":{"start":{"line":62,"column":15},"end":{"line":62,"column":35}},"17":{"start":{"line":64,"column":29},"end":{"line":74,"column":10}},"18":{"start":{"line":65,"column":10},"end":{"line":73,"column":12}},"19":{"start":{"line":75,"column":8},"end":{"line":75,"column":37}},"20":{"start":{"line":95,"column":26},"end":{"line":99,"column":1}},"21":{"start":{"line":95,"column":32},"end":{"line":99,"column":1}},"22":{"start":{"line":95,"column":47},"end":{"line":99,"column":1}},"23":{"start":{"line":96,"column":2},"end":{"line":98,"column":5}},"24":{"start":{"line":97,"column":4},"end":{"line":97,"column":60}},"25":{"start":{"line":108,"column":26},"end":{"line":115,"column":1}},"26":{"start":{"line":108,"column":32},"end":{"line":115,"column":1}},"27":{"start":{"line":108,"column":38},"end":{"line":115,"column":1}},"28":{"start":{"line":109,"column":2},"end":{"line":114,"column":4}},"29":{"start":{"line":112,"column":6},"end":{"line":112,"column":62}},"30":{"start":{"line":132,"column":29},"end":{"line":141,"column":1}},"31":{"start":{"line":132,"column":35},"end":{"line":141,"column":1}},"32":{"start":{"line":132,"column":45},"end":{"line":141,"column":1}},"33":{"start":{"line":133,"column":2},"end":{"line":140,"column":7}},"34":{"start":{"line":136,"column":6},"end":{"line":139,"column":7}},"35":{"start":{"line":136,"column":15},"end":{"line":136,"column":35}},"36":{"start":{"line":138,"column":8},"end":{"line":138,"column":76}},"37":{"start":{"line":138,"column":46},"end":{"line":138,"column":72}},"38":{"start":{"line":143,"column":0},"end":{"line":151,"column":2}},"39":{"start":{"line":144,"column":2},"end":{"line":150,"column":4}}},"fnMap":{"0":{"name":"(anonymous_0)","decl":{"start":{"line":18,"column":32},"end":{"line":18,"column":33}},"loc":{"start":{"line":18,"column":38},"end":{"line":27,"column":1}},"line":18},"1":{"name":"(anonymous_1)","decl":{"start":{"line":18,"column":38},"end":{"line":18,"column":39}},"loc":{"start":{"line":18,"column":50},"end":{"line":27,"column":1}},"line":18},"2":{"name":"(anonymous_2)","decl":{"start":{"line":21,"column":11},"end":{"line":21,"column":12}},"loc":{"start":{"line":21,"column":26},"end":{"line":26,"column":5}},"line":21},"3":{"name":"(anonymous_3)","decl":{"start":{"line":50,"column":24},"end":{"line":50,"column":25}},"loc":{"start":{"line":50,"column":30},"end":{"line":78,"column":1}},"line":50},"4":{"name":"(anonymous_4)","decl":{"start":{"line":50,"column":30},"end":{"line":50,"column":31}},"loc":{"start":{"line":50,"column":44},"end":{"line":78,"column":1}},"line":50},"5":{"name":"(anonymous_5)","decl":{"start":{"line":50,"column":44},"end":{"line":50,"column":45}},"loc":{"start":{"line":50,"column":56},"end":{"line":78,"column":1}},"line":50},"6":{"name":"(anonymous_6)","decl":{"start":{"line":51,"column":43},"end":{"line":51,"column":44}},"loc":{"start":{"line":51,"column":56},"end":{"line":54,"column":3}},"line":51},"7":{"name":"(anonymous_7)","decl":{"start":{"line":61,"column":13},"end":{"line":61,"column":14}},"loc":{"start":{"line":61,"column":28},"end":{"line":77,"column":5}},"line":61},"8":{"name":"(anonymous_8)","decl":{"start":{"line":64,"column":61},"end":{"line":64,"column":62}},"loc":{"start":{"line":64,"column":76},"end":{"line":74,"column":9}},"line":64},"9":{"name":"(anonymous_9)","decl":{"start":{"line":95,"column":26},"end":{"line":95,"column":27}},"loc":{"start":{"line":95,"column":32},"end":{"line":99,"column":1}},"line":95},"10":{"name":"(anonymous_10)","decl":{"start":{"line":95,"column":32},"end":{"line":95,"column":33}},"loc":{"start":{"line":95,"column":47},"end":{"line":99,"column":1}},"line":95},"11":{"name":"(anonymous_11)","decl":{"start":{"line":95,"column":47},"end":{"line":95,"column":48}},"loc":{"start":{"line":95,"column":59},"end":{"line":99,"column":1}},"line":95},"12":{"name":"(anonymous_12)","decl":{"start":{"line":96,"column":55},"end":{"line":96,"column":56}},"loc":{"start":{"line":96,"column":77},"end":{"line":98,"column":3}},"line":96},"13":{"name":"(anonymous_13)","decl":{"start":{"line":108,"column":26},"end":{"line":108,"column":27}},"loc":{"start":{"line":108,"column":32},"end":{"line":115,"column":1}},"line":108},"14":{"name":"(anonymous_14)","decl":{"start":{"line":108,"column":32},"end":{"line":108,"column":33}},"loc":{"start":{"line":108,"column":38},"end":{"line":115,"column":1}},"line":108},"15":{"name":"(anonymous_15)","decl":{"start":{"line":108,"column":38},"end":{"line":108,"column":39}},"loc":{"start":{"line":108,"column":50},"end":{"line":115,"column":1}},"line":108},"16":{"name":"(anonymous_16)","decl":{"start":{"line":111,"column":4},"end":{"line":111,"column":5}},"loc":{"start":{"line":111,"column":26},"end":{"line":113,"column":5}},"line":111},"17":{"name":"(anonymous_17)","decl":{"start":{"line":132,"column":29},"end":{"line":132,"column":30}},"loc":{"start":{"line":132,"column":35},"end":{"line":141,"column":1}},"line":132},"18":{"name":"(anonymous_18)","decl":{"start":{"line":132,"column":35},"end":{"line":132,"column":36}},"loc":{"start":{"line":132,"column":45},"end":{"line":141,"column":1}},"line":132},"19":{"name":"(anonymous_19)","decl":{"start":{"line":132,"column":45},"end":{"line":132,"column":46}},"loc":{"start":{"line":132,"column":57},"end":{"line":141,"column":1}},"line":132},"20":{"name":"(anonymous_20)","decl":{"start":{"line":135,"column":13},"end":{"line":135,"column":14}},"loc":{"start":{"line":135,"column":28},"end":{"line":140,"column":5}},"line":135},"21":{"name":"(anonymous_21)","decl":{"start":{"line":138,"column":33},"end":{"line":138,"column":34}},"loc":{"start":{"line":138,"column":46},"end":{"line":138,"column":72}},"line":138},"22":{"name":"(anonymous_22)","decl":{"start":{"line":143,"column":17},"end":{"line":143,"column":18}},"loc":{"start":{"line":143,"column":23},"end":{"line":151,"column":1}},"line":143}},"branchMap":{"0":{"loc":{"start":{"line":22,"column":6},"end":{"line":25,"column":7}},"type":"if","locations":[{"start":{"line":22,"column":6},"end":{"line":25,"column":7}},{"start":{"line":22,"column":6},"end":{"line":25,"column":7}}],"line":22},"1":{"loc":{"start":{"line":52,"column":17},"end":{"line":52,"column":40}},"type":"cond-expr","locations":[{"start":{"line":52,"column":34},"end":{"line":52,"column":35}},{"start":{"line":52,"column":38},"end":{"line":52,"column":40}}],"line":52},"2":{"loc":{"start":{"line":62,"column":6},"end":{"line":76,"column":7}},"type":"if","locations":[{"start":{"line":62,"column":6},"end":{"line":76,"column":7}},{"start":{"line":62,"column":6},"end":{"line":76,"column":7}}],"line":62},"3":{"loc":{"start":{"line":64,"column":30},"end":{"line":64,"column":55}},"type":"cond-expr","locations":[{"start":{"line":64,"column":46},"end":{"line":64,"column":48}},{"start":{"line":64,"column":51},"end":{"line":64,"column":55}}],"line":64},"4":{"loc":{"start":{"line":68,"column":14},"end":{"line":72,"column":35}},"type":"cond-expr","locations":[{"start":{"line":69,"column":18},"end":{"line":69,"column":27}},{"start":{"line":70,"column":18},"end":{"line":72,"column":35}}],"line":68},"5":{"loc":{"start":{"line":97,"column":4},"end":{"line":97,"column":59}},"type":"cond-expr","locations":[{"start":{"line":97,"column":10},"end":{"line":97,"column":29}},{"start":{"line":97,"column":32},"end":{"line":97,"column":59}}],"line":97},"6":{"loc":{"start":{"line":112,"column":6},"end":{"line":112,"column":61}},"type":"cond-expr","locations":[{"start":{"line":112,"column":12},"end":{"line":112,"column":31}},{"start":{"line":112,"column":34},"end":{"line":112,"column":61}}],"line":112},"7":{"loc":{"start":{"line":136,"column":6},"end":{"line":139,"column":7}},"type":"if","locations":[{"start":{"line":136,"column":6},"end":{"line":139,"column":7}},{"start":{"line":136,"column":6},"end":{"line":139,"column":7}}],"line":136},"8":{"loc":{"start":{"line":138,"column":46},"end":{"line":138,"column":72}},"type":"cond-expr","locations":[{"start":{"line":138,"column":66},"end":{"line":138,"column":67}},{"start":{"line":138,"column":70},"end":{"line":138,"column":72}}],"line":138}},"s":{"0":1,"1":1,"2":1,"3":8,"4":3,"5":3,"6":0,"7":3,"8":1,"9":8,"10":6,"11":6,"12":6,"13":6,"14":3,"15":3,"16":0,"17":3,"18":60,"19":3,"20":1,"21":8,"22":1,"23":1,"24":1,"25":1,"26":8,"27":1,"28":1,"29":1,"30":1,"31":8,"32":0,"33":0,"34":0,"35":0,"36":0,"37":0,"38":1,"39":8},"f":{"0":8,"1":3,"2":3,"3":8,"4":6,"5":6,"6":6,"7":3,"8":60,"9":8,"10":1,"11":1,"12":1,"13":8,"14":1,"15":1,"16":1,"17":8,"18":0,"19":0,"20":0,"21":0,"22":8},"b":{"0":[0,3],"1":[0,6],"2":[0,3],"3":[0,3],"4":[27,33],"5":[0,1],"6":[0,1],"7":[0,0],"8":[0,0]},"_coverageSchema":"43e27e138ebf9cfc5966b082cf9a028302ed4184","hash":"0cc3ef45e5af1b84156dcc117549ea6c813d06b7","contentHash":"4d17728e811d1ca5872ba53c6a6a422fb222cbd8353fa3d59e57c838127fc96a"},"/Users/emiliedion/Desktop/git/A2019/LOG4420-TP3/services/yaml/publication.js":{"path":"/Users/emiliedion/Desktop/git/A2019/LOG4420-TP3/services/yaml/publication.js","statementMap":{"0":{"start":{"line":1,"column":13},"end":{"line":1,"column":31}},"1":{"start":{"line":2,"column":15},"end":{"line":2,"column":32}},"2":{"start":{"line":18,"column":32},"end":{"line":28,"column":1}},"3":{"start":{"line":18,"column":38},"end":{"line":28,"column":1}},"4":{"start":{"line":19,"column":2},"end":{"line":27,"column":5}},"5":{"start":{"line":20,"column":4},"end":{"line":26,"column":5}},"6":{"start":{"line":21,"column":6},"end":{"line":21,"column":26}},"7":{"start":{"line":23,"column":29},"end":{"line":23,"column":51}},"8":{"start":{"line":24,"column":27},"end":{"line":24,"column":72}},"9":{"start":{"line":25,"column":6},"end":{"line":25,"column":42}},"10":{"start":{"line":44,"column":24},"end":{"line":78,"column":1}},"11":{"start":{"line":44,"column":30},"end":{"line":78,"column":1}},"12":{"start":{"line":44,"column":44},"end":{"line":78,"column":1}},"13":{"start":{"line":45,"column":2},"end":{"line":77,"column":5}},"14":{"start":{"line":46,"column":4},"end":{"line":76,"column":5}},"15":{"start":{"line":47,"column":6},"end":{"line":47,"column":26}},"16":{"start":{"line":49,"column":29},"end":{"line":49,"column":51}},"17":{"start":{"line":50,"column":27},"end":{"line":62,"column":10}},"18":{"start":{"line":53,"column":10},"end":{"line":61,"column":12}},"19":{"start":{"line":64,"column":6},"end":{"line":75,"column":7}},"20":{"start":{"line":69,"column":8},"end":{"line":69,"column":37}},"21":{"start":{"line":71,"column":27},"end":{"line":71,"column":73}},"22":{"start":{"line":72,"column":25},"end":{"line":72,"column":54}},"23":{"start":{"line":73,"column":33},"end":{"line":73,"column":73}},"24":{"start":{"line":74,"column":8},"end":{"line":74,"column":41}},"25":{"start":{"line":80,"column":26},"end":{"line":82,"column":1}},"26":{"start":{"line":80,"column":32},"end":{"line":82,"column":1}},"27":{"start":{"line":80,"column":47},"end":{"line":82,"column":1}},"28":{"start":{"line":81,"column":2},"end":{"line":81,"column":13}},"29":{"start":{"line":84,"column":26},"end":{"line":86,"column":1}},"30":{"start":{"line":84,"column":32},"end":{"line":86,"column":1}},"31":{"start":{"line":84,"column":38},"end":{"line":86,"column":1}},"32":{"start":{"line":85,"column":2},"end":{"line":85,"column":23}},"33":{"start":{"line":97,"column":28},"end":{"line":108,"column":1}},"34":{"start":{"line":97,"column":42},"end":{"line":108,"column":1}},"35":{"start":{"line":98,"column":2},"end":{"line":107,"column":8}},"36":{"start":{"line":99,"column":4},"end":{"line":105,"column":5}},"37":{"start":{"line":100,"column":20},"end":{"line":100,"column":27}},"38":{"start":{"line":101,"column":20},"end":{"line":101,"column":27}},"39":{"start":{"line":103,"column":8},"end":{"line":103,"column":66}},"40":{"start":{"line":104,"column":6},"end":{"line":104,"column":79}},"41":{"start":{"line":106,"column":4},"end":{"line":106,"column":15}},"42":{"start":{"line":117,"column":29},"end":{"line":130,"column":1}},"43":{"start":{"line":117,"column":35},"end":{"line":130,"column":1}},"44":{"start":{"line":117,"column":45},"end":{"line":130,"column":1}},"45":{"start":{"line":118,"column":2},"end":{"line":129,"column":5}},"46":{"start":{"line":119,"column":4},"end":{"line":128,"column":5}},"47":{"start":{"line":120,"column":6},"end":{"line":120,"column":26}},"48":{"start":{"line":122,"column":6},"end":{"line":127,"column":8}},"49":{"start":{"line":125,"column":33},"end":{"line":125,"column":65}},"50":{"start":{"line":126,"column":29},"end":{"line":126,"column":55}},"51":{"start":{"line":132,"column":0},"end":{"line":140,"column":2}},"52":{"start":{"line":133,"column":2},"end":{"line":139,"column":4}}},"fnMap":{"0":{"name":"(anonymous_0)","decl":{"start":{"line":18,"column":32},"end":{"line":18,"column":33}},"loc":{"start":{"line":18,"column":38},"end":{"line":28,"column":1}},"line":18},"1":{"name":"(anonymous_1)","decl":{"start":{"line":18,"column":38},"end":{"line":18,"column":39}},"loc":{"start":{"line":18,"column":50},"end":{"line":28,"column":1}},"line":18},"2":{"name":"(anonymous_2)","decl":{"start":{"line":19,"column":49},"end":{"line":19,"column":50}},"loc":{"start":{"line":19,"column":67},"end":{"line":27,"column":3}},"line":19},"3":{"name":"(anonymous_3)","decl":{"start":{"line":44,"column":24},"end":{"line":44,"column":25}},"loc":{"start":{"line":44,"column":30},"end":{"line":78,"column":1}},"line":44},"4":{"name":"(anonymous_4)","decl":{"start":{"line":44,"column":30},"end":{"line":44,"column":31}},"loc":{"start":{"line":44,"column":44},"end":{"line":78,"column":1}},"line":44},"5":{"name":"(anonymous_5)","decl":{"start":{"line":44,"column":44},"end":{"line":44,"column":45}},"loc":{"start":{"line":44,"column":56},"end":{"line":78,"column":1}},"line":44},"6":{"name":"(anonymous_6)","decl":{"start":{"line":45,"column":49},"end":{"line":45,"column":50}},"loc":{"start":{"line":45,"column":67},"end":{"line":77,"column":3}},"line":45},"7":{"name":"(anonymous_7)","decl":{"start":{"line":51,"column":69},"end":{"line":51,"column":70}},"loc":{"start":{"line":51,"column":75},"end":{"line":51,"column":77}},"line":51},"8":{"name":"(anonymous_8)","decl":{"start":{"line":52,"column":13},"end":{"line":52,"column":14}},"loc":{"start":{"line":52,"column":28},"end":{"line":62,"column":9}},"line":52},"9":{"name":"(anonymous_9)","decl":{"start":{"line":80,"column":26},"end":{"line":80,"column":27}},"loc":{"start":{"line":80,"column":32},"end":{"line":82,"column":1}},"line":80},"10":{"name":"(anonymous_10)","decl":{"start":{"line":80,"column":32},"end":{"line":80,"column":33}},"loc":{"start":{"line":80,"column":47},"end":{"line":82,"column":1}},"line":80},"11":{"name":"(anonymous_11)","decl":{"start":{"line":80,"column":47},"end":{"line":80,"column":48}},"loc":{"start":{"line":80,"column":59},"end":{"line":82,"column":1}},"line":80},"12":{"name":"(anonymous_12)","decl":{"start":{"line":84,"column":26},"end":{"line":84,"column":27}},"loc":{"start":{"line":84,"column":32},"end":{"line":86,"column":1}},"line":84},"13":{"name":"(anonymous_13)","decl":{"start":{"line":84,"column":32},"end":{"line":84,"column":33}},"loc":{"start":{"line":84,"column":38},"end":{"line":86,"column":1}},"line":84},"14":{"name":"(anonymous_14)","decl":{"start":{"line":84,"column":38},"end":{"line":84,"column":39}},"loc":{"start":{"line":84,"column":50},"end":{"line":86,"column":1}},"line":84},"15":{"name":"(anonymous_15)","decl":{"start":{"line":97,"column":28},"end":{"line":97,"column":29}},"loc":{"start":{"line":97,"column":42},"end":{"line":108,"column":1}},"line":97},"16":{"name":"(anonymous_16)","decl":{"start":{"line":97,"column":42},"end":{"line":97,"column":43}},"loc":{"start":{"line":97,"column":54},"end":{"line":108,"column":1}},"line":97},"17":{"name":"(anonymous_17)","decl":{"start":{"line":98,"column":35},"end":{"line":98,"column":36}},"loc":{"start":{"line":98,"column":50},"end":{"line":107,"column":3}},"line":98},"18":{"name":"(anonymous_18)","decl":{"start":{"line":117,"column":29},"end":{"line":117,"column":30}},"loc":{"start":{"line":117,"column":35},"end":{"line":130,"column":1}},"line":117},"19":{"name":"(anonymous_19)","decl":{"start":{"line":117,"column":35},"end":{"line":117,"column":36}},"loc":{"start":{"line":117,"column":45},"end":{"line":130,"column":1}},"line":117},"20":{"name":"(anonymous_20)","decl":{"start":{"line":117,"column":45},"end":{"line":117,"column":46}},"loc":{"start":{"line":117,"column":57},"end":{"line":130,"column":1}},"line":117},"21":{"name":"(anonymous_21)","decl":{"start":{"line":118,"column":26},"end":{"line":118,"column":27}},"loc":{"start":{"line":118,"column":49},"end":{"line":129,"column":3}},"line":118},"22":{"name":"(anonymous_22)","decl":{"start":{"line":125,"column":18},"end":{"line":125,"column":19}},"loc":{"start":{"line":125,"column":33},"end":{"line":125,"column":65}},"line":125},"23":{"name":"(anonymous_23)","decl":{"start":{"line":126,"column":16},"end":{"line":126,"column":17}},"loc":{"start":{"line":126,"column":29},"end":{"line":126,"column":55}},"line":126},"24":{"name":"(anonymous_24)","decl":{"start":{"line":132,"column":17},"end":{"line":132,"column":18}},"loc":{"start":{"line":132,"column":23},"end":{"line":140,"column":1}},"line":132}},"branchMap":{"0":{"loc":{"start":{"line":20,"column":4},"end":{"line":26,"column":5}},"type":"if","locations":[{"start":{"line":20,"column":4},"end":{"line":26,"column":5}},{"start":{"line":20,"column":4},"end":{"line":26,"column":5}}],"line":20},"1":{"loc":{"start":{"line":24,"column":27},"end":{"line":24,"column":72}},"type":"cond-expr","locations":[{"start":{"line":24,"column":53},"end":{"line":24,"column":55}},{"start":{"line":24,"column":58},"end":{"line":24,"column":72}}],"line":24},"2":{"loc":{"start":{"line":46,"column":4},"end":{"line":76,"column":5}},"type":"if","locations":[{"start":{"line":46,"column":4},"end":{"line":76,"column":5}},{"start":{"line":46,"column":4},"end":{"line":76,"column":5}}],"line":46},"3":{"loc":{"start":{"line":50,"column":28},"end":{"line":50,"column":73}},"type":"cond-expr","locations":[{"start":{"line":50,"column":54},"end":{"line":50,"column":56}},{"start":{"line":50,"column":59},"end":{"line":50,"column":73}}],"line":50},"4":{"loc":{"start":{"line":51,"column":14},"end":{"line":51,"column":77}},"type":"cond-expr","locations":[{"start":{"line":51,"column":35},"end":{"line":51,"column":66}},{"start":{"line":51,"column":69},"end":{"line":51,"column":77}}],"line":51},"5":{"loc":{"start":{"line":56,"column":14},"end":{"line":60,"column":35}},"type":"cond-expr","locations":[{"start":{"line":57,"column":18},"end":{"line":57,"column":27}},{"start":{"line":58,"column":18},"end":{"line":60,"column":35}}],"line":56},"6":{"loc":{"start":{"line":64,"column":6},"end":{"line":75,"column":7}},"type":"if","locations":[{"start":{"line":64,"column":6},"end":{"line":75,"column":7}},{"start":{"line":64,"column":6},"end":{"line":75,"column":7}}],"line":64},"7":{"loc":{"start":{"line":65,"column":8},"end":{"line":67,"column":38}},"type":"binary-expr","locations":[{"start":{"line":65,"column":8},"end":{"line":65,"column":32}},{"start":{"line":66,"column":8},"end":{"line":66,"column":43}},{"start":{"line":67,"column":8},"end":{"line":67,"column":38}}],"line":65},"8":{"loc":{"start":{"line":99,"column":4},"end":{"line":105,"column":5}},"type":"if","locations":[{"start":{"line":99,"column":4},"end":{"line":105,"column":5}},{"start":{"line":99,"column":4},"end":{"line":105,"column":5}}],"line":99},"9":{"loc":{"start":{"line":103,"column":8},"end":{"line":103,"column":66}},"type":"cond-expr","locations":[{"start":{"line":103,"column":32},"end":{"line":103,"column":34}},{"start":{"line":103,"column":37},"end":{"line":103,"column":66}}],"line":103},"10":{"loc":{"start":{"line":103,"column":37},"end":{"line":103,"column":66}},"type":"cond-expr","locations":[{"start":{"line":103,"column":61},"end":{"line":103,"column":62}},{"start":{"line":103,"column":65},"end":{"line":103,"column":66}}],"line":103},"11":{"loc":{"start":{"line":104,"column":13},"end":{"line":104,"column":78}},"type":"cond-expr","locations":[{"start":{"line":104,"column":31},"end":{"line":104,"column":38}},{"start":{"line":104,"column":41},"end":{"line":104,"column":78}}],"line":104},"12":{"loc":{"start":{"line":104,"column":41},"end":{"line":104,"column":78}},"type":"cond-expr","locations":[{"start":{"line":104,"column":60},"end":{"line":104,"column":68}},{"start":{"line":104,"column":71},"end":{"line":104,"column":78}}],"line":104},"13":{"loc":{"start":{"line":119,"column":4},"end":{"line":128,"column":5}},"type":"if","locations":[{"start":{"line":119,"column":4},"end":{"line":128,"column":5}},{"start":{"line":119,"column":4},"end":{"line":128,"column":5}}],"line":119},"14":{"loc":{"start":{"line":126,"column":29},"end":{"line":126,"column":55}},"type":"cond-expr","locations":[{"start":{"line":126,"column":49},"end":{"line":126,"column":50}},{"start":{"line":126,"column":53},"end":{"line":126,"column":55}}],"line":126}},"s":{"0":1,"1":1,"2":1,"3":9,"4":2,"5":2,"6":0,"7":2,"8":2,"9":2,"10":1,"11":12,"12":7,"13":7,"14":7,"15":2,"16":5,"17":5,"18":4,"19":5,"20":5,"21":0,"22":0,"23":0,"24":0,"25":1,"26":9,"27":0,"28":0,"29":1,"30":9,"31":0,"32":0,"33":1,"34":0,"35":0,"36":0,"37":0,"38":0,"39":0,"40":0,"41":0,"42":1,"43":9,"44":3,"45":3,"46":3,"47":1,"48":2,"49":2,"50":0,"51":1,"52":9},"f":{"0":9,"1":2,"2":2,"3":12,"4":7,"5":7,"6":7,"7":0,"8":4,"9":9,"10":0,"11":0,"12":9,"13":0,"14":0,"15":0,"16":0,"17":0,"18":9,"19":3,"20":3,"21":3,"22":2,"23":0,"24":9},"b":{"0":[0,2],"1":[1,1],"2":[2,5],"3":[1,4],"4":[0,5],"5":[4,0],"6":[5,0],"7":[5,5,0],"8":[0,0],"9":[0,0],"10":[0,0],"11":[0,0],"12":[0,0],"13":[1,2],"14":[0,0]},"_coverageSchema":"43e27e138ebf9cfc5966b082cf9a028302ed4184","hash":"38517eae1ddf19f3420ff9e8e143000ca313f10f","contentHash":"d63f6aa1122295a12d3fe90c88a6161485300bcd51511cc296511a5959578151"},"/Users/emiliedion/Desktop/git/A2019/LOG4420-TP3/services/mongo/seminar.js":{"path":"/Users/emiliedion/Desktop/git/A2019/LOG4420-TP3/services/mongo/seminar.js","statementMap":{"0":{"start":{"line":1,"column":15},"end":{"line":1,"column":32}},"1":{"start":{"line":2,"column":27},"end":{"line":2,"column":46}},"2":{"start":{"line":21,"column":20},"end":{"line":47,"column":1}},"3":{"start":{"line":21,"column":26},"end":{"line":47,"column":1}},"4":{"start":{"line":21,"column":35},"end":{"line":47,"column":1}},"5":{"start":{"line":21,"column":47},"end":{"line":47,"column":1}},"6":{"start":{"line":22,"column":2},"end":{"line":46,"column":4}},"7":{"start":{"line":23,"column":4},"end":{"line":45,"column":5}},"8":{"start":{"line":24,"column":6},"end":{"line":24,"column":25}},"9":{"start":{"line":26,"column":23},"end":{"line":40,"column":10}},"10":{"start":{"line":28,"column":34},"end":{"line":28,"column":67}},"11":{"start":{"line":29,"column":40},"end":{"line":29,"column":79}},"12":{"start":{"line":30,"column":26},"end":{"line":30,"column":72}},"13":{"start":{"line":31,"column":35},"end":{"line":31,"column":86}},"14":{"start":{"line":32,"column":10},"end":{"line":39,"column":11}},"15":{"start":{"line":42,"column":30},"end":{"line":42,"column":84}},"16":{"start":{"line":43,"column":34},"end":{"line":43,"column":86}},"17":{"start":{"line":43,"column":69},"end":{"line":43,"column":75}},"18":{"start":{"line":44,"column":6},"end":{"line":44,"column":41}},"19":{"start":{"line":58,"column":33},"end":{"line":64,"column":1}},"20":{"start":{"line":58,"column":42},"end":{"line":64,"column":1}},"21":{"start":{"line":59,"column":2},"end":{"line":63,"column":3}},"22":{"start":{"line":60,"column":4},"end":{"line":60,"column":52}},"23":{"start":{"line":60,"column":32},"end":{"line":60,"column":51}},"24":{"start":{"line":62,"column":4},"end":{"line":62,"column":19}},"25":{"start":{"line":75,"column":21},"end":{"line":85,"column":1}},"26":{"start":{"line":75,"column":30},"end":{"line":85,"column":1}},"27":{"start":{"line":76,"column":25},"end":{"line":79,"column":63}},"28":{"start":{"line":80,"column":2},"end":{"line":84,"column":3}},"29":{"start":{"line":81,"column":4},"end":{"line":81,"column":81}},"30":{"start":{"line":81,"column":37},"end":{"line":81,"column":80}},"31":{"start":{"line":83,"column":4},"end":{"line":83,"column":19}},"32":{"start":{"line":95,"column":16},"end":{"line":103,"column":1}},"33":{"start":{"line":95,"column":25},"end":{"line":103,"column":1}},"34":{"start":{"line":95,"column":31},"end":{"line":103,"column":1}},"35":{"start":{"line":96,"column":2},"end":{"line":102,"column":3}},"36":{"start":{"line":97,"column":4},"end":{"line":97,"column":43}},"37":{"start":{"line":98,"column":9},"end":{"line":102,"column":3}},"38":{"start":{"line":99,"column":4},"end":{"line":99,"column":43}},"39":{"start":{"line":101,"column":4},"end":{"line":101,"column":12}},"40":{"start":{"line":105,"column":0},"end":{"line":109,"column":1}},"41":{"start":{"line":106,"column":2},"end":{"line":108,"column":3}}},"fnMap":{"0":{"name":"(anonymous_0)","decl":{"start":{"line":21,"column":20},"end":{"line":21,"column":21}},"loc":{"start":{"line":21,"column":26},"end":{"line":47,"column":1}},"line":21},"1":{"name":"(anonymous_1)","decl":{"start":{"line":21,"column":26},"end":{"line":21,"column":27}},"loc":{"start":{"line":21,"column":35},"end":{"line":47,"column":1}},"line":21},"2":{"name":"(anonymous_2)","decl":{"start":{"line":21,"column":35},"end":{"line":21,"column":36}},"loc":{"start":{"line":21,"column":47},"end":{"line":47,"column":1}},"line":21},"3":{"name":"(anonymous_3)","decl":{"start":{"line":21,"column":47},"end":{"line":21,"column":48}},"loc":{"start":{"line":21,"column":59},"end":{"line":47,"column":1}},"line":21},"4":{"name":"(anonymous_4)","decl":{"start":{"line":22,"column":43},"end":{"line":22,"column":44}},"loc":{"start":{"line":22,"column":58},"end":{"line":46,"column":3}},"line":22},"5":{"name":"(anonymous_5)","decl":{"start":{"line":27,"column":13},"end":{"line":27,"column":14}},"loc":{"start":{"line":27,"column":18},"end":{"line":40,"column":9}},"line":27},"6":{"name":"(anonymous_6)","decl":{"start":{"line":43,"column":57},"end":{"line":43,"column":58}},"loc":{"start":{"line":43,"column":69},"end":{"line":43,"column":75}},"line":43},"7":{"name":"(anonymous_7)","decl":{"start":{"line":58,"column":33},"end":{"line":58,"column":34}},"loc":{"start":{"line":58,"column":42},"end":{"line":64,"column":1}},"line":58},"8":{"name":"(anonymous_8)","decl":{"start":{"line":58,"column":42},"end":{"line":58,"column":43}},"loc":{"start":{"line":58,"column":54},"end":{"line":64,"column":1}},"line":58},"9":{"name":"(anonymous_9)","decl":{"start":{"line":60,"column":27},"end":{"line":60,"column":28}},"loc":{"start":{"line":60,"column":32},"end":{"line":60,"column":51}},"line":60},"10":{"name":"(anonymous_10)","decl":{"start":{"line":75,"column":21},"end":{"line":75,"column":22}},"loc":{"start":{"line":75,"column":30},"end":{"line":85,"column":1}},"line":75},"11":{"name":"(anonymous_11)","decl":{"start":{"line":75,"column":30},"end":{"line":75,"column":31}},"loc":{"start":{"line":75,"column":42},"end":{"line":85,"column":1}},"line":75},"12":{"name":"(anonymous_12)","decl":{"start":{"line":81,"column":25},"end":{"line":81,"column":26}},"loc":{"start":{"line":81,"column":37},"end":{"line":81,"column":80}},"line":81},"13":{"name":"(anonymous_13)","decl":{"start":{"line":95,"column":16},"end":{"line":95,"column":17}},"loc":{"start":{"line":95,"column":25},"end":{"line":103,"column":1}},"line":95},"14":{"name":"(anonymous_14)","decl":{"start":{"line":95,"column":25},"end":{"line":95,"column":26}},"loc":{"start":{"line":95,"column":31},"end":{"line":103,"column":1}},"line":95},"15":{"name":"(anonymous_15)","decl":{"start":{"line":95,"column":31},"end":{"line":95,"column":32}},"loc":{"start":{"line":95,"column":37},"end":{"line":103,"column":1}},"line":95},"16":{"name":"(anonymous_16)","decl":{"start":{"line":105,"column":17},"end":{"line":105,"column":18}},"loc":{"start":{"line":105,"column":23},"end":{"line":109,"column":1}},"line":105}},"branchMap":{"0":{"loc":{"start":{"line":23,"column":4},"end":{"line":45,"column":5}},"type":"if","locations":[{"start":{"line":23,"column":4},"end":{"line":45,"column":5}},{"start":{"line":23,"column":4},"end":{"line":45,"column":5}}],"line":23},"1":{"loc":{"start":{"line":26,"column":24},"end":{"line":26,"column":51}},"type":"cond-expr","locations":[{"start":{"line":26,"column":42},"end":{"line":26,"column":44}},{"start":{"line":26,"column":47},"end":{"line":26,"column":51}}],"line":26},"2":{"loc":{"start":{"line":59,"column":2},"end":{"line":63,"column":3}},"type":"if","locations":[{"start":{"line":59,"column":2},"end":{"line":63,"column":3}},{"start":{"line":59,"column":2},"end":{"line":63,"column":3}}],"line":59},"3":{"loc":{"start":{"line":59,"column":6},"end":{"line":59,"column":53}},"type":"binary-expr","locations":[{"start":{"line":59,"column":6},"end":{"line":59,"column":25}},{"start":{"line":59,"column":29},"end":{"line":59,"column":53}}],"line":59},"4":{"loc":{"start":{"line":76,"column":25},"end":{"line":79,"column":63}},"type":"binary-expr","locations":[{"start":{"line":76,"column":25},"end":{"line":76,"column":44}},{"start":{"line":77,"column":4},"end":{"line":77,"column":28}},{"start":{"line":78,"column":4},"end":{"line":78,"column":34}},{"start":{"line":79,"column":5},"end":{"line":79,"column":31}},{"start":{"line":79,"column":35},"end":{"line":79,"column":62}}],"line":76},"5":{"loc":{"start":{"line":80,"column":2},"end":{"line":84,"column":3}},"type":"if","locations":[{"start":{"line":80,"column":2},"end":{"line":84,"column":3}},{"start":{"line":80,"column":2},"end":{"line":84,"column":3}}],"line":80},"6":{"loc":{"start":{"line":96,"column":2},"end":{"line":102,"column":3}},"type":"if","locations":[{"start":{"line":96,"column":2},"end":{"line":102,"column":3}},{"start":{"line":96,"column":2},"end":{"line":102,"column":3}}],"line":96},"7":{"loc":{"start":{"line":97,"column":11},"end":{"line":97,"column":43}},"type":"cond-expr","locations":[{"start":{"line":97,"column":23},"end":{"line":97,"column":25}},{"start":{"line":97,"column":28},"end":{"line":97,"column":43}}],"line":97},"8":{"loc":{"start":{"line":97,"column":28},"end":{"line":97,"column":43}},"type":"cond-expr","locations":[{"start":{"line":97,"column":38},"end":{"line":97,"column":39}},{"start":{"line":97,"column":42},"end":{"line":97,"column":43}}],"line":97},"9":{"loc":{"start":{"line":98,"column":9},"end":{"line":102,"column":3}},"type":"if","locations":[{"start":{"line":98,"column":9},"end":{"line":102,"column":3}},{"start":{"line":98,"column":9},"end":{"line":102,"column":3}}],"line":98},"10":{"loc":{"start":{"line":99,"column":11},"end":{"line":99,"column":43}},"type":"cond-expr","locations":[{"start":{"line":99,"column":23},"end":{"line":99,"column":24}},{"start":{"line":99,"column":27},"end":{"line":99,"column":43}}],"line":99},"11":{"loc":{"start":{"line":99,"column":27},"end":{"line":99,"column":43}},"type":"cond-expr","locations":[{"start":{"line":99,"column":37},"end":{"line":99,"column":39}},{"start":{"line":99,"column":42},"end":{"line":99,"column":43}}],"line":99}},"s":{"0":1,"1":1,"2":1,"3":5,"4":5,"5":5,"6":5,"7":5,"8":0,"9":5,"10":40,"11":40,"12":40,"13":40,"14":40,"15":5,"16":5,"17":10,"18":5,"19":1,"20":5,"21":5,"22":4,"23":32,"24":1,"25":1,"26":5,"27":5,"28":5,"29":3,"30":13,"31":2,"32":1,"33":13,"34":13,"35":13,"36":10,"37":3,"38":3,"39":0,"40":1,"41":5},"f":{"0":5,"1":5,"2":5,"3":5,"4":5,"5":40,"6":10,"7":5,"8":5,"9":32,"10":5,"11":5,"12":13,"13":13,"14":13,"15":13,"16":5},"b":{"0":[0,5],"1":[0,5],"2":[4,1],"3":[5,5],"4":[5,5,3,3,1],"5":[3,2],"6":[10,3],"7":[6,4],"8":[0,4],"9":[3,0],"10":[2,1],"11":[0,1]},"_coverageSchema":"43e27e138ebf9cfc5966b082cf9a028302ed4184","hash":"dd9f3b1aaeb7d1e33afb2623e50a7f7285da2dfe","contentHash":"061e050af55b729225442e8f5d1900754b497155c0e79a11e751390f1fdcd2f9"},"/Users/emiliedion/Desktop/git/A2019/LOG4420-TP3/services/yaml/seminar.js":{"path":"/Users/emiliedion/Desktop/git/A2019/LOG4420-TP3/services/yaml/seminar.js","statementMap":{"0":{"start":{"line":1,"column":13},"end":{"line":1,"column":31}},"1":{"start":{"line":2,"column":15},"end":{"line":2,"column":32}},"2":{"start":{"line":3,"column":27},"end":{"line":3,"column":46}},"3":{"start":{"line":22,"column":20},"end":{"line":49,"column":1}},"4":{"start":{"line":22,"column":26},"end":{"line":49,"column":1}},"5":{"start":{"line":22,"column":35},"end":{"line":49,"column":1}},"6":{"start":{"line":22,"column":47},"end":{"line":49,"column":1}},"7":{"start":{"line":23,"column":2},"end":{"line":48,"column":4}},"8":{"start":{"line":24,"column":4},"end":{"line":47,"column":5}},"9":{"start":{"line":25,"column":6},"end":{"line":25,"column":25}},"10":{"start":{"line":27,"column":29},"end":{"line":27,"column":51}},"11":{"start":{"line":28,"column":23},"end":{"line":42,"column":10}},"12":{"start":{"line":30,"column":34},"end":{"line":30,"column":67}},"13":{"start":{"line":31,"column":40},"end":{"line":31,"column":79}},"14":{"start":{"line":32,"column":26},"end":{"line":32,"column":72}},"15":{"start":{"line":33,"column":35},"end":{"line":33,"column":86}},"16":{"start":{"line":34,"column":10},"end":{"line":41,"column":11}},"17":{"start":{"line":44,"column":30},"end":{"line":44,"column":84}},"18":{"start":{"line":45,"column":34},"end":{"line":45,"column":86}},"19":{"start":{"line":45,"column":69},"end":{"line":45,"column":75}},"20":{"start":{"line":46,"column":6},"end":{"line":46,"column":41}},"21":{"start":{"line":60,"column":33},"end":{"line":66,"column":1}},"22":{"start":{"line":60,"column":42},"end":{"line":66,"column":1}},"23":{"start":{"line":61,"column":2},"end":{"line":65,"column":3}},"24":{"start":{"line":62,"column":4},"end":{"line":62,"column":52}},"25":{"start":{"line":62,"column":32},"end":{"line":62,"column":51}},"26":{"start":{"line":64,"column":4},"end":{"line":64,"column":19}},"27":{"start":{"line":77,"column":21},"end":{"line":87,"column":1}},"28":{"start":{"line":77,"column":30},"end":{"line":87,"column":1}},"29":{"start":{"line":78,"column":25},"end":{"line":81,"column":63}},"30":{"start":{"line":82,"column":2},"end":{"line":86,"column":3}},"31":{"start":{"line":83,"column":4},"end":{"line":83,"column":81}},"32":{"start":{"line":83,"column":37},"end":{"line":83,"column":80}},"33":{"start":{"line":85,"column":4},"end":{"line":85,"column":19}},"34":{"start":{"line":97,"column":16},"end":{"line":105,"column":1}},"35":{"start":{"line":97,"column":25},"end":{"line":105,"column":1}},"36":{"start":{"line":97,"column":31},"end":{"line":105,"column":1}},"37":{"start":{"line":98,"column":2},"end":{"line":104,"column":3}},"38":{"start":{"line":99,"column":4},"end":{"line":99,"column":43}},"39":{"start":{"line":100,"column":9},"end":{"line":104,"column":3}},"40":{"start":{"line":101,"column":4},"end":{"line":101,"column":43}},"41":{"start":{"line":103,"column":4},"end":{"line":103,"column":12}},"42":{"start":{"line":107,"column":0},"end":{"line":111,"column":1}},"43":{"start":{"line":108,"column":2},"end":{"line":110,"column":3}}},"fnMap":{"0":{"name":"(anonymous_0)","decl":{"start":{"line":22,"column":20},"end":{"line":22,"column":21}},"loc":{"start":{"line":22,"column":26},"end":{"line":49,"column":1}},"line":22},"1":{"name":"(anonymous_1)","decl":{"start":{"line":22,"column":26},"end":{"line":22,"column":27}},"loc":{"start":{"line":22,"column":35},"end":{"line":49,"column":1}},"line":22},"2":{"name":"(anonymous_2)","decl":{"start":{"line":22,"column":35},"end":{"line":22,"column":36}},"loc":{"start":{"line":22,"column":47},"end":{"line":49,"column":1}},"line":22},"3":{"name":"(anonymous_3)","decl":{"start":{"line":22,"column":47},"end":{"line":22,"column":48}},"loc":{"start":{"line":22,"column":59},"end":{"line":49,"column":1}},"line":22},"4":{"name":"(anonymous_4)","decl":{"start":{"line":23,"column":45},"end":{"line":23,"column":46}},"loc":{"start":{"line":23,"column":63},"end":{"line":48,"column":3}},"line":23},"5":{"name":"(anonymous_5)","decl":{"start":{"line":29,"column":13},"end":{"line":29,"column":14}},"loc":{"start":{"line":29,"column":18},"end":{"line":42,"column":9}},"line":29},"6":{"name":"(anonymous_6)","decl":{"start":{"line":45,"column":57},"end":{"line":45,"column":58}},"loc":{"start":{"line":45,"column":69},"end":{"line":45,"column":75}},"line":45},"7":{"name":"(anonymous_7)","decl":{"start":{"line":60,"column":33},"end":{"line":60,"column":34}},"loc":{"start":{"line":60,"column":42},"end":{"line":66,"column":1}},"line":60},"8":{"name":"(anonymous_8)","decl":{"start":{"line":60,"column":42},"end":{"line":60,"column":43}},"loc":{"start":{"line":60,"column":54},"end":{"line":66,"column":1}},"line":60},"9":{"name":"(anonymous_9)","decl":{"start":{"line":62,"column":27},"end":{"line":62,"column":28}},"loc":{"start":{"line":62,"column":32},"end":{"line":62,"column":51}},"line":62},"10":{"name":"(anonymous_10)","decl":{"start":{"line":77,"column":21},"end":{"line":77,"column":22}},"loc":{"start":{"line":77,"column":30},"end":{"line":87,"column":1}},"line":77},"11":{"name":"(anonymous_11)","decl":{"start":{"line":77,"column":30},"end":{"line":77,"column":31}},"loc":{"start":{"line":77,"column":42},"end":{"line":87,"column":1}},"line":77},"12":{"name":"(anonymous_12)","decl":{"start":{"line":83,"column":25},"end":{"line":83,"column":26}},"loc":{"start":{"line":83,"column":37},"end":{"line":83,"column":80}},"line":83},"13":{"name":"(anonymous_13)","decl":{"start":{"line":97,"column":16},"end":{"line":97,"column":17}},"loc":{"start":{"line":97,"column":25},"end":{"line":105,"column":1}},"line":97},"14":{"name":"(anonymous_14)","decl":{"start":{"line":97,"column":25},"end":{"line":97,"column":26}},"loc":{"start":{"line":97,"column":31},"end":{"line":105,"column":1}},"line":97},"15":{"name":"(anonymous_15)","decl":{"start":{"line":97,"column":31},"end":{"line":97,"column":32}},"loc":{"start":{"line":97,"column":37},"end":{"line":105,"column":1}},"line":97},"16":{"name":"(anonymous_16)","decl":{"start":{"line":107,"column":17},"end":{"line":107,"column":18}},"loc":{"start":{"line":107,"column":23},"end":{"line":111,"column":1}},"line":107}},"branchMap":{"0":{"loc":{"start":{"line":24,"column":4},"end":{"line":47,"column":5}},"type":"if","locations":[{"start":{"line":24,"column":4},"end":{"line":47,"column":5}},{"start":{"line":24,"column":4},"end":{"line":47,"column":5}}],"line":24},"1":{"loc":{"start":{"line":28,"column":24},"end":{"line":28,"column":71}},"type":"cond-expr","locations":[{"start":{"line":28,"column":52},"end":{"line":28,"column":54}},{"start":{"line":28,"column":57},"end":{"line":28,"column":71}}],"line":28},"2":{"loc":{"start":{"line":61,"column":2},"end":{"line":65,"column":3}},"type":"if","locations":[{"start":{"line":61,"column":2},"end":{"line":65,"column":3}},{"start":{"line":61,"column":2},"end":{"line":65,"column":3}}],"line":61},"3":{"loc":{"start":{"line":61,"column":6},"end":{"line":61,"column":53}},"type":"binary-expr","locations":[{"start":{"line":61,"column":6},"end":{"line":61,"column":25}},{"start":{"line":61,"column":29},"end":{"line":61,"column":53}}],"line":61},"4":{"loc":{"start":{"line":78,"column":25},"end":{"line":81,"column":63}},"type":"binary-expr","locations":[{"start":{"line":78,"column":25},"end":{"line":78,"column":44}},{"start":{"line":79,"column":4},"end":{"line":79,"column":28}},{"start":{"line":80,"column":4},"end":{"line":80,"column":34}},{"start":{"line":81,"column":5},"end":{"line":81,"column":31}},{"start":{"line":81,"column":35},"end":{"line":81,"column":62}}],"line":78},"5":{"loc":{"start":{"line":82,"column":2},"end":{"line":86,"column":3}},"type":"if","locations":[{"start":{"line":82,"column":2},"end":{"line":86,"column":3}},{"start":{"line":82,"column":2},"end":{"line":86,"column":3}}],"line":82},"6":{"loc":{"start":{"line":98,"column":2},"end":{"line":104,"column":3}},"type":"if","locations":[{"start":{"line":98,"column":2},"end":{"line":104,"column":3}},{"start":{"line":98,"column":2},"end":{"line":104,"column":3}}],"line":98},"7":{"loc":{"start":{"line":99,"column":11},"end":{"line":99,"column":43}},"type":"cond-expr","locations":[{"start":{"line":99,"column":23},"end":{"line":99,"column":25}},{"start":{"line":99,"column":28},"end":{"line":99,"column":43}}],"line":99},"8":{"loc":{"start":{"line":99,"column":28},"end":{"line":99,"column":43}},"type":"cond-expr","locations":[{"start":{"line":99,"column":38},"end":{"line":99,"column":39}},{"start":{"line":99,"column":42},"end":{"line":99,"column":43}}],"line":99},"9":{"loc":{"start":{"line":100,"column":9},"end":{"line":104,"column":3}},"type":"if","locations":[{"start":{"line":100,"column":9},"end":{"line":104,"column":3}},{"start":{"line":100,"column":9},"end":{"line":104,"column":3}}],"line":100},"10":{"loc":{"start":{"line":101,"column":11},"end":{"line":101,"column":43}},"type":"cond-expr","locations":[{"start":{"line":101,"column":23},"end":{"line":101,"column":24}},{"start":{"line":101,"column":27},"end":{"line":101,"column":43}}],"line":101},"11":{"loc":{"start":{"line":101,"column":27},"end":{"line":101,"column":43}},"type":"cond-expr","locations":[{"start":{"line":101,"column":37},"end":{"line":101,"column":39}},{"start":{"line":101,"column":42},"end":{"line":101,"column":43}}],"line":101}},"s":{"0":1,"1":1,"2":1,"3":1,"4":6,"5":6,"6":6,"7":6,"8":6,"9":1,"10":5,"11":5,"12":6,"13":6,"14":6,"15":6,"16":6,"17":5,"18":5,"19":10,"20":5,"21":1,"22":5,"23":5,"24":1,"25":1,"26":4,"27":1,"28":5,"29":5,"30":5,"31":2,"32":2,"33":3,"34":1,"35":2,"36":2,"37":2,"38":1,"39":1,"40":1,"41":0,"42":1,"43":6},"f":{"0":6,"1":6,"2":6,"3":6,"4":6,"5":6,"6":10,"7":5,"8":5,"9":1,"10":5,"11":5,"12":2,"13":2,"14":2,"15":2,"16":6},"b":{"0":[1,5],"1":[1,4],"2":[1,4],"3":[5,5],"4":[5,5,2,2,1],"5":[2,3],"6":[1,1],"7":[1,0],"8":[0,0],"9":[1,0],"10":[0,1],"11":[1,0]},"_coverageSchema":"43e27e138ebf9cfc5966b082cf9a028302ed4184","hash":"3062e11275674519204d174dde23ff25405104f9","contentHash":"d459f5954a7977e1e01b75bd856dfc0d18f7930524e50fbf9e681659959c0f40"},"/Users/emiliedion/Desktop/git/A2019/LOG4420-TP3/services/mongo/team.js":{"path":"/Users/emiliedion/Desktop/git/A2019/LOG4420-TP3/services/mongo/team.js","statementMap":{"0":{"start":{"line":9,"column":23},"end":{"line":24,"column":1}},"1":{"start":{"line":9,"column":29},"end":{"line":24,"column":1}},"2":{"start":{"line":10,"column":2},"end":{"line":23,"column":5}},"3":{"start":{"line":11,"column":4},"end":{"line":22,"column":5}},"4":{"start":{"line":11,"column":13},"end":{"line":11,"column":32}},"5":{"start":{"line":13,"column":19},"end":{"line":20,"column":10}},"6":{"start":{"line":15,"column":10},"end":{"line":19,"column":11}},"7":{"start":{"line":16,"column":12},"end":{"line":16,"column":93}},"8":{"start":{"line":18,"column":12},"end":{"line":18,"column":55}},"9":{"start":{"line":21,"column":6},"end":{"line":21,"column":26}},"10":{"start":{"line":26,"column":0},"end":{"line":30,"column":1}},"11":{"start":{"line":27,"column":2},"end":{"line":29,"column":3}}},"fnMap":{"0":{"name":"(anonymous_0)","decl":{"start":{"line":9,"column":23},"end":{"line":9,"column":24}},"loc":{"start":{"line":9,"column":29},"end":{"line":24,"column":1}},"line":9},"1":{"name":"(anonymous_1)","decl":{"start":{"line":9,"column":29},"end":{"line":9,"column":30}},"loc":{"start":{"line":9,"column":41},"end":{"line":24,"column":1}},"line":9},"2":{"name":"(anonymous_2)","decl":{"start":{"line":10,"column":42},"end":{"line":10,"column":43}},"loc":{"start":{"line":10,"column":57},"end":{"line":23,"column":3}},"line":10},"3":{"name":"(anonymous_3)","decl":{"start":{"line":14,"column":14},"end":{"line":14,"column":15}},"loc":{"start":{"line":14,"column":26},"end":{"line":20,"column":9}},"line":14},"4":{"name":"(anonymous_4)","decl":{"start":{"line":26,"column":17},"end":{"line":26,"column":18}},"loc":{"start":{"line":26,"column":23},"end":{"line":30,"column":1}},"line":26}},"branchMap":{"0":{"loc":{"start":{"line":11,"column":4},"end":{"line":22,"column":5}},"type":"if","locations":[{"start":{"line":11,"column":4},"end":{"line":22,"column":5}},{"start":{"line":11,"column":4},"end":{"line":22,"column":5}}],"line":11},"1":{"loc":{"start":{"line":13,"column":20},"end":{"line":13,"column":47}},"type":"cond-expr","locations":[{"start":{"line":13,"column":38},"end":{"line":13,"column":40}},{"start":{"line":13,"column":43},"end":{"line":13,"column":47}}],"line":13},"2":{"loc":{"start":{"line":15,"column":10},"end":{"line":19,"column":11}},"type":"if","locations":[{"start":{"line":15,"column":10},"end":{"line":19,"column":11}},{"start":{"line":15,"column":10},"end":{"line":19,"column":11}}],"line":15},"3":{"loc":{"start":{"line":16,"column":19},"end":{"line":16,"column":93}},"type":"cond-expr","locations":[{"start":{"line":16,"column":51},"end":{"line":16,"column":53}},{"start":{"line":16,"column":56},"end":{"line":16,"column":93}}],"line":16},"4":{"loc":{"start":{"line":16,"column":56},"end":{"line":16,"column":93}},"type":"cond-expr","locations":[{"start":{"line":16,"column":88},"end":{"line":16,"column":89}},{"start":{"line":16,"column":92},"end":{"line":16,"column":93}}],"line":16},"5":{"loc":{"start":{"line":18,"column":19},"end":{"line":18,"column":55}},"type":"cond-expr","locations":[{"start":{"line":18,"column":49},"end":{"line":18,"column":51}},{"start":{"line":18,"column":54},"end":{"line":18,"column":55}}],"line":18}},"s":{"0":1,"1":1,"2":1,"3":1,"4":0,"5":1,"6":68,"7":0,"8":68,"9":1,"10":1,"11":1},"f":{"0":1,"1":1,"2":1,"3":68,"4":1},"b":{"0":[0,1],"1":[0,1],"2":[0,68],"3":[0,0],"4":[0,0],"5":[35,33]},"_coverageSchema":"43e27e138ebf9cfc5966b082cf9a028302ed4184","hash":"47547c195175ea38be697dca702dbce0de769a7a","contentHash":"65f2f1505b50abadd8f090dd1fcc7258451dfa1d82151ac36f32aa3ab1712b2a"},"/Users/emiliedion/Desktop/git/A2019/LOG4420-TP3/services/yaml/team.js":{"path":"/Users/emiliedion/Desktop/git/A2019/LOG4420-TP3/services/yaml/team.js","statementMap":{"0":{"start":{"line":1,"column":13},"end":{"line":1,"column":31}},"1":{"start":{"line":11,"column":23},"end":{"line":28,"column":1}},"2":{"start":{"line":11,"column":29},"end":{"line":28,"column":1}},"3":{"start":{"line":12,"column":2},"end":{"line":27,"column":4}},"4":{"start":{"line":13,"column":4},"end":{"line":26,"column":5}},"5":{"start":{"line":14,"column":6},"end":{"line":14,"column":25}},"6":{"start":{"line":16,"column":29},"end":{"line":16,"column":51}},"7":{"start":{"line":17,"column":19},"end":{"line":24,"column":10}},"8":{"start":{"line":19,"column":10},"end":{"line":23,"column":11}},"9":{"start":{"line":20,"column":12},"end":{"line":20,"column":93}},"10":{"start":{"line":22,"column":12},"end":{"line":22,"column":55}},"11":{"start":{"line":25,"column":6},"end":{"line":25,"column":26}},"12":{"start":{"line":30,"column":0},"end":{"line":34,"column":1}},"13":{"start":{"line":31,"column":2},"end":{"line":33,"column":3}}},"fnMap":{"0":{"name":"(anonymous_0)","decl":{"start":{"line":11,"column":23},"end":{"line":11,"column":24}},"loc":{"start":{"line":11,"column":29},"end":{"line":28,"column":1}},"line":11},"1":{"name":"(anonymous_1)","decl":{"start":{"line":11,"column":29},"end":{"line":11,"column":30}},"loc":{"start":{"line":11,"column":41},"end":{"line":28,"column":1}},"line":11},"2":{"name":"(anonymous_2)","decl":{"start":{"line":12,"column":41},"end":{"line":12,"column":42}},"loc":{"start":{"line":12,"column":59},"end":{"line":27,"column":3}},"line":12},"3":{"name":"(anonymous_3)","decl":{"start":{"line":18,"column":14},"end":{"line":18,"column":15}},"loc":{"start":{"line":18,"column":26},"end":{"line":24,"column":9}},"line":18},"4":{"name":"(anonymous_4)","decl":{"start":{"line":30,"column":17},"end":{"line":30,"column":18}},"loc":{"start":{"line":30,"column":23},"end":{"line":34,"column":1}},"line":30}},"branchMap":{"0":{"loc":{"start":{"line":13,"column":4},"end":{"line":26,"column":5}},"type":"if","locations":[{"start":{"line":13,"column":4},"end":{"line":26,"column":5}},{"start":{"line":13,"column":4},"end":{"line":26,"column":5}}],"line":13},"1":{"loc":{"start":{"line":17,"column":20},"end":{"line":17,"column":67}},"type":"cond-expr","locations":[{"start":{"line":17,"column":48},"end":{"line":17,"column":50}},{"start":{"line":17,"column":53},"end":{"line":17,"column":67}}],"line":17},"2":{"loc":{"start":{"line":19,"column":10},"end":{"line":23,"column":11}},"type":"if","locations":[{"start":{"line":19,"column":10},"end":{"line":23,"column":11}},{"start":{"line":19,"column":10},"end":{"line":23,"column":11}}],"line":19},"3":{"loc":{"start":{"line":20,"column":19},"end":{"line":20,"column":93}},"type":"cond-expr","locations":[{"start":{"line":20,"column":51},"end":{"line":20,"column":53}},{"start":{"line":20,"column":56},"end":{"line":20,"column":93}}],"line":20},"4":{"loc":{"start":{"line":20,"column":56},"end":{"line":20,"column":93}},"type":"cond-expr","locations":[{"start":{"line":20,"column":88},"end":{"line":20,"column":89}},{"start":{"line":20,"column":92},"end":{"line":20,"column":93}}],"line":20},"5":{"loc":{"start":{"line":22,"column":19},"end":{"line":22,"column":55}},"type":"cond-expr","locations":[{"start":{"line":22,"column":49},"end":{"line":22,"column":51}},{"start":{"line":22,"column":54},"end":{"line":22,"column":55}}],"line":22}},"s":{"0":1,"1":1,"2":5,"3":5,"4":5,"5":1,"6":4,"7":4,"8":11,"9":7,"10":4,"11":4,"12":1,"13":5},"f":{"0":5,"1":5,"2":5,"3":11,"4":5},"b":{"0":[1,4],"1":[1,3],"2":[7,4],"3":[3,4],"4":[1,3],"5":[2,2]},"_coverageSchema":"43e27e138ebf9cfc5966b082cf9a028302ed4184","hash":"296a8d2eba72787a0e88d8bcfe29c3d18d1e89c0","contentHash":"985073bd31335cf19b909e37dcdb51ce5892e5f22e738cc26e0fc07e3ffc48bd"},"/Users/emiliedion/Desktop/git/A2019/LOG4420-TP3/routes/rest/feed.js":{"path":"/Users/emiliedion/Desktop/git/A2019/LOG4420-TP3/routes/rest/feed.js","statementMap":{"0":{"start":{"line":1,"column":16},"end":{"line":1,"column":34}},"1":{"start":{"line":2,"column":22},"end":{"line":2,"column":37}},"2":{"start":{"line":4,"column":0},"end":{"line":29,"column":2}},"3":{"start":{"line":5,"column":17},"end":{"line":5,"column":33}},"4":{"start":{"line":7,"column":2},"end":{"line":26,"column":5}},"5":{"start":{"line":8,"column":24},"end":{"line":8,"column":38}},"6":{"start":{"line":9,"column":26},"end":{"line":9,"column":74}},"7":{"start":{"line":11,"column":4},"end":{"line":25,"column":5}},"8":{"start":{"line":12,"column":19},"end":{"line":12,"column":40}},"9
[...]
:14},"end":{"line":40,"column":15}},"loc":{"start":{"line":40,"column":26},"end":{"line":43,"column":9}},"line":40},"4":{"name":"(anonymous_4)","decl":{"start":{"line":44,"column":15},"end":{"line":44,"column":16}},"loc":{"start":{"line":44,"column":25},"end":{"line":47,"column":9}},"line":44},"5":{"name":"(anonymous_5)","decl":{"start":{"line":56,"column":21},"end":{"line":56,"column":22}},"loc":{"start":{"line":56,"column":47},"end":{"line":106,"column":3}},"line":56}},"branchMap":{"0":{"loc":{"start":{"line":34,"column":27},"end":{"line":34,"column":64}},"type":"cond-expr","locations":[{"start":{"line":34,"column":39},"end":{"line":34,"column":50}},{"start":{"line":34,"column":53},"end":{"line":34,"column":64}}],"line":34},"1":{"loc":{"start":{"line":51,"column":21},"end":{"line":51,"column":58}},"type":"cond-expr","locations":[{"start":{"line":51,"column":33},"end":{"line":51,"column":44}},{"start":{"line":51,"column":47},"end":{"line":51,"column":58}}],"line":51},"2":{"loc":{"start":{"line":88,"column":25},"end":{"line":88,"column":62}},"type":"cond-expr","locations":[{"start":{"line":88,"column":37},"end":{"line":88,"column":48}},{"start":{"line":88,"column":51},"end":{"line":88,"column":62}}],"line":88},"3":{"loc":{"start":{"line":92,"column":6},"end":{"line":104,"column":7}},"type":"if","locations":[{"start":{"line":92,"column":6},"end":{"line":104,"column":7}},{"start":{"line":92,"column":6},"end":{"line":104,"column":7}}],"line":92},"4":{"loc":{"start":{"line":95,"column":23},"end":{"line":95,"column":60}},"type":"cond-expr","locations":[{"start":{"line":95,"column":35},"end":{"line":95,"column":46}},{"start":{"line":95,"column":49},"end":{"line":95,"column":60}}],"line":95},"5":{"loc":{"start":{"line":101,"column":23},"end":{"line":101,"column":60}},"type":"cond-expr","locations":[{"start":{"line":101,"column":35},"end":{"line":101,"column":46}},{"start":{"line":101,"column":49},"end":{"line":101,"column":60}}],"line":101}},"s":{"0":1,"1":1,"2":1,"3":7,"4":7,"5":3,"6":3,"7":3,"8":3,"9":1,"10":0,"11":0,"12":0,"13":0,"14":0,"15":0,"16":0,"17":0,"18":1,"19":1,"20":1,"21":0,"22":0,"23":2,"24":2,"25":1,"26":1,"27":7,"28":4,"29":4,"30":4,"31":4,"32":4,"33":1,"34":1,"35":1,"36":1,"37":1,"38":1,"39":1,"40":0,"41":0,"42":0,"43":3,"44":1,"45":1,"46":1,"47":1,"48":1,"49":2,"50":2,"51":1,"52":1,"53":1,"54":7},"f":{"0":7,"1":3,"2":0,"3":1,"4":0,"5":4},"b":{"0":[0,0],"1":[1,0],"2":[0,0],"3":[1,2],"4":[0,1],"5":[1,0]},"_coverageSchema":"43e27e138ebf9cfc5966b082cf9a028302ed4184","hash":"6fc153b9befa1324ac6c8a19794e8aa7233761da","contentHash":"53da99e5589c9bde92b14dffc122038a32d059aa074398432b44d53a6a3be8b9"},"/Users/emiliedion/Desktop/git/A2019/LOG4420-TP3/routes/rest/publications.js":{"path":"/Users/emiliedion/Desktop/git/A2019/LOG4420-TP3/routes/rest/publications.js","statementMap":{"0":{"start":{"line":1,"column":16},"end":{"line":1,"column":34}},"1":{"start":{"line":2,"column":22},"end":{"line":2,"column":37}},"2":{"start":{"line":4,"column":0},"end":{"line":163,"column":2}},"3":{"start":{"line":5,"column":17},"end":{"line":5,"column":33}},"4":{"start":{"line":7,"column":2},"end":{"line":65,"column":5}},"5":{"start":{"line":8,"column":18},"end":{"line":8,"column":32}},"6":{"start":{"line":9,"column":47},"end":{"line":9,"column":56}},"7":{"start":{"line":10,"column":20},"end":{"line":10,"column":22}},"8":{"start":{"line":15,"column":4},"end":{"line":39,"column":5}},"9":{"start":{"line":17,"column":6},"end":{"line":25,"column":7}},"10":{"start":{"line":18,"column":8},"end":{"line":20,"column":11}},"11":{"start":{"line":19,"column":10},"end":{"line":19,"column":51}},"12":{"start":{"line":22,"column":8},"end":{"line":24,"column":11}},"13":{"start":{"line":23,"column":10},"end":{"line":23,"column":50}},"14":{"start":{"line":26,"column":11},"end":{"line":39,"column":5}},"15":{"start":{"line":28,"column":6},"end":{"line":30,"column":9}},"16":{"start":{"line":29,"column":8},"end":{"line":29,"column":54}},"17":{"start":{"line":31,"column":11},"end":{"line":39,"column":5}},"18":{"start":{"line":33,"column":6},"end":{"line":35,"column":9}},"19":{"start":{"line":34,"column":8},"end":{"line":34,"column":53}},"20":{"start":{"line":36,"column":11},"end":{"line":39,"column":5}},"21":{"start":{"line":38,"column":6},"end":{"line":38,"column":40}},"22":{"start":{"line":41,"column":23},"end":{"line":45,"column":5}},"23":{"start":{"line":47,"column":33},"end":{"line":49,"column":5}},"24":{"start":{"line":50,"column":4},"end":{"line":64,"column":5}},"25":{"start":{"line":51,"column":19},"end":{"line":51,"column":47}},"26":{"start":{"line":52,"column":27},"end":{"line":55,"column":8}},"27":{"start":{"line":53,"column":33},"end":{"line":53,"column":34}},"28":{"start":{"line":54,"column":8},"end":{"line":54,"column":37}},"29":{"start":{"line":56,"column":6},"end":{"line":56,"column":27}},"30":{"start":{"line":57,"column":6},"end":{"line":57,"column":29}},"31":{"start":{"line":59,"column":6},"end":{"line":59,"column":23}},"32":{"start":{"line":60,"column":6},"end":{"line":60,"column":27}},"33":{"start":{"line":61,"column":24},"end":{"line":61,"column":49}},"34":{"start":{"line":62,"column":21},"end":{"line":62,"column":58}},"35":{"start":{"line":63,"column":6},"end":{"line":63,"column":27}},"36":{"start":{"line":67,"column":2},"end":{"line":118,"column":5}},"37":{"start":{"line":68,"column":18},"end":{"line":68,"column":32}},"38":{"start":{"line":69,"column":21},"end":{"line":69,"column":24}},"39":{"start":{"line":70,"column":19},"end":{"line":70,"column":21}},"40":{"start":{"line":72,"column":4},"end":{"line":75,"column":5}},"41":{"start":{"line":74,"column":6},"end":{"line":74,"column":53}},"42":{"start":{"line":77,"column":51},"end":{"line":77,"column":55}},"43":{"start":{"line":78,"column":4},"end":{"line":80,"column":5}},"44":{"start":{"line":79,"column":6},"end":{"line":79,"column":54}},"45":{"start":{"line":82,"column":23},"end":{"line":82,"column":41}},"46":{"start":{"line":83,"column":4},"end":{"line":85,"column":5}},"47":{"start":{"line":84,"column":6},"end":{"line":84,"column":54}},"48":{"start":{"line":87,"column":24},"end":{"line":87,"column":43}},"49":{"start":{"line":88,"column":4},"end":{"line":90,"column":5}},"50":{"start":{"line":89,"column":6},"end":{"line":89,"column":53}},"51":{"start":{"line":92,"column":4},"end":{"line":94,"column":5}},"52":{"start":{"line":93,"column":6},"end":{"line":93,"column":61}},"53":{"start":{"line":96,"column":4},"end":{"line":98,"column":5}},"54":{"start":{"line":97,"column":6},"end":{"line":97,"column":63}},"55":{"start":{"line":100,"column":4},"end":{"line":104,"column":5}},"56":{"start":{"line":101,"column":6},"end":{"line":101,"column":27}},"57":{"start":{"line":102,"column":6},"end":{"line":102,"column":27}},"58":{"start":{"line":103,"column":6},"end":{"line":103,"column":13}},"59":{"start":{"line":105,"column":35},"end":{"line":107,"column":5}},"60":{"start":{"line":108,"column":4},"end":{"line":117,"column":5}},"61":{"start":{"line":109,"column":6},"end":{"line":109,"column":37}},"62":{"start":{"line":110,"column":6},"end":{"line":110,"column":27}},"63":{"start":{"line":111,"column":6},"end":{"line":111,"column":31}},"64":{"start":{"line":113,"column":6},"end":{"line":113,"column":27}},"65":{"start":{"line":114,"column":24},"end":{"line":114,"column":55}},"66":{"start":{"line":115,"column":21},"end":{"line":115,"column":58}},"67":{"start":{"line":116,"column":6},"end":{"line":116,"column":27}},"68":{"start":{"line":120,"column":2},"end":{"line":145,"column":5}},"69":{"start":{"line":121,"column":18},"end":{"line":121,"column":32}},"70":{"start":{"line":122,"column":19},"end":{"line":122,"column":29}},"71":{"start":{"line":123,"column":35},"end":{"line":125,"column":5}},"72":{"start":{"line":126,"column":4},"end":{"line":144,"column":5}},"73":{"start":{"line":127,"column":6},"end":{"line":127,"column":37}},"74":{"start":{"line":128,"column":6},"end":{"line":128,"column":27}},"75":{"start":{"line":129,"column":6},"end":{"line":129,"column":31}},"76":{"start":{"line":131,"column":6},"end":{"line":143,"column":7}},"77":{"start":{"line":132,"column":8},"end":{"line":132,"column":29}},"78":{"start":{"line":133,"column":26},"end":{"line":133,"column":60}},"79":{"start":{"line":134,"column":23},"end":{"line":134,"column":60}},"80":{"start":{"line":135,"column":8},"end":{"line":135,"column":29}},"81":{"start":{"line":136,"column":8},"end":{"line":136,"column":15}},"82":{"start":{"line":138,"column":8},"end":{"line":138,"column":29}},"83":{"start":{"line":139,"column":26},"end":{"line":139,"column":57}},"84":{"start":{"line":140,"column":23},"end":{"line":140,"column":60}},"85":{"start":{"line":141,"column":8},"end":{"line":141,"column":29}},"86":{"start":{"line":142,"column":8},"end":{"line":142,"column":15}},"87":{"start":{"line":147,"column":2},"end":{"line":160,"column":5}},"88":{"start":{"line":148,"column":39},"end":{"line":150,"column":5}},"89":{"start":{"line":151,"column":4},"end":{"line":159,"column":5}},"90":{"start":{"line":152,"column":19},"end":{"line":152,"column":53}},"91":{"start":{"line":153,"column":6},"end":{"line":153,"column":33}},"92":{"start":{"line":155,"column":6},"end":{"line":155,"column":27}},"93":{"start":{"line":156,"column":24},"end":{"line":156,"column":49}},"94":{"start":{"line":157,"column":21},"end":{"line":157,"column":58}},"95":{"start":{"line":158,"column":6},"end":{"line":158,"column":27}},"96":{"start":{"line":162,"column":2},"end":{"line":162,"column":16}}},"fnMap":{"0":{"name":"(anonymous_0)","decl":{"start":{"line":4,"column":17},"end":{"line":4,"column":18}},"loc":{"start":{"line":4,"column":39},"end":{"line":163,"column":1}},"line":4},"1":{"name":"(anonymous_1)","decl":{"start":{"line":7,"column":18},"end":{"line":7,"column":19}},"loc":{"start":{"line":7,"column":44},"end":{"line":65,"column":3}},"line":7},"2":{"name":"(anonymous_2)","decl":{"start":{"line":18,"column":24},"end":{"line":18,"column":25}},"loc":{"start":{"line":18,"column":34},"end":{"line":20,"column":9}},"line":18},"3":{"name":"(anonymous_3)","decl":{"start":{"line":22,"column":25},"end":{"line":22,"column":26}},"loc":{"start":{"line":22,"column":35},"end":{"line":24,"column":9}},"line":22},"4":{"name":"(anonymous_4)","decl":{"start":{"line":28,"column":22},"end":{"line":28,"column":23}},"loc":{"start":{"line":28,"column":32},"end":{"line":30,"column":7}},"line":28},"5":{"name":"(anonymous_5)","decl":{"start":{"line":33,"column":23},"end":{"line":33,"column":24}},"loc":{"start":{"line":33,"column":33},"end":{"line":35,"column":7}},"line":33},"6":{"name":"(anonymous_6)","decl":{"start":{"line":52,"column":36},"end":{"line":52,"column":37}},"loc":{"start":{"line":52,"column":41},"end":{"line":55,"column":7}},"line":52},"7":{"name":"(anonymous_7)","decl":{"start":{"line":67,"column":19},"end":{"line":67,"column":20}},"loc":{"start":{"line":67,"column":45},"end":{"line":118,"column":3}},"line":67},"8":{"name":"(anonymous_8)","decl":{"start":{"line":120,"column":24},"end":{"line":120,"column":25}},"loc":{"start":{"line":120,"column":50},"end":{"line":145,"column":3}},"line":120},"9":{"name":"(anonymous_9)","decl":{"start":{"line":147,"column":23},"end":{"line":147,"column":24}},"loc":{"start":{"line":147,"column":49},"end":{"line":160,"column":3}},"line":147}},"branchMap":{"0":{"loc":{"start":{"line":15,"column":4},"end":{"line":39,"column":5}},"type":"if","locations":[{"start":{"line":15,"column":4},"end":{"line":39,"column":5}},{"start":{"line":15,"column":4},"end":{"line":39,"column":5}}],"line":15},"1":{"loc":{"start":{"line":15,"column":8},"end":{"line":15,"column":57}},"type":"binary-expr","locations":[{"start":{"line":15,"column":8},"end":{"line":15,"column":30}},{"start":{"line":15,"column":34},"end":{"line":15,"column":57}}],"line":15},"2":{"loc":{"start":{"line":17,"column":6},"end":{"line":25,"column":7}},"type":"if","locations":[{"start":{"line":17,"column":6},"end":{"line":25,"column":7}},{"start":{"line":17,"column":6},"end":{"line":25,"column":7}}],"line":17},"3":{"loc":{"start":{"line":19,"column":27},"end":{"line":19,"column":48}},"type":"binary-expr","locations":[{"start":{"line":19,"column":27},"end":{"line":19,"column":38}},{"start":{"line":19,"column":42},"end":{"line":19,"column":48}}],"line":19},"4":{"loc":{"start":{"line":23,"column":24},"end":{"line":23,"column":44}},"type":"binary-expr","locations":[{"start":{"line":23,"column":24},"end":{"line":23,"column":34}},{"start":{"line":23,"column":38},"end":{"line":23,"column":44}}],"line":23},"5":{"loc":{"start":{"line":26,"column":11},"end":{"line":39,"column":5}},"type":"if","locations":[{"start":{"line":26,"column":11},"end":{"line":39,"column":5}},{"start":{"line":26,"column":11},"end":{"line":39,"column":5}}],"line":26},"6":{"loc":{"start":{"line":29,"column":25},"end":{"line":29,"column":51}},"type":"cond-expr","locations":[{"start":{"line":29,"column":34},"end":{"line":29,"column":42}},{"start":{"line":29,"column":45},"end":{"line":29,"column":51}}],"line":29},"7":{"loc":{"start":{"line":31,"column":11},"end":{"line":39,"column":5}},"type":"if","locations":[{"start":{"line":31,"column":11},"end":{"line":39,"column":5}},{"start":{"line":31,"column":11},"end":{"line":39,"column":5}}],"line":31},"8":{"loc":{"start":{"line":34,"column":22},"end":{"line":34,"column":47}},"type":"cond-expr","locations":[{"start":{"line":34,"column":31},"end":{"line":34,"column":38}},{"start":{"line":34,"column":41},"end":{"line":34,"column":47}}],"line":34},"9":{"loc":{"start":{"line":36,"column":11},"end":{"line":39,"column":5}},"type":"if","locations":[{"start":{"line":36,"column":11},"end":{"line":39,"column":5}},{"start":{"line":36,"column":11},"end":{"line":39,"column":5}}],"line":36},"10":{"loc":{"start":{"line":36,"column":15},"end":{"line":36,"column":34}},"type":"binary-expr","locations":[{"start":{"line":36,"column":15},"end":{"line":36,"column":22}},{"start":{"line":36,"column":26},"end":{"line":36,"column":34}}],"line":36},"11":{"loc":{"start":{"line":42,"column":18},"end":{"line":42,"column":27}},"type":"binary-expr","locations":[{"start":{"line":42,"column":18},"end":{"line":42,"column":22}},{"start":{"line":42,"column":26},"end":{"line":42,"column":27}}],"line":42},"12":{"loc":{"start":{"line":43,"column":13},"end":{"line":43,"column":24}},"type":"binary-expr","locations":[{"start":{"line":43,"column":13},"end":{"line":43,"column":18}},{"start":{"line":43,"column":22},"end":{"line":43,"column":24}}],"line":43},"13":{"loc":{"start":{"line":62,"column":21},"end":{"line":62,"column":58}},"type":"cond-expr","locations":[{"start":{"line":62,"column":33},"end":{"line":62,"column":44}},{"start":{"line":62,"column":47},"end":{"line":62,"column":58}}],"line":62},"14":{"loc":{"start":{"line":72,"column":4},"end":{"line":75,"column":5}},"type":"if","locations":[{"start":{"line":72,"column":4},"end":{"line":75,"column":5}},{"start":{"line":72,"column":4},"end":{"line":75,"column":5}}],"line":72},"15":{"loc":{"start":{"line":72,"column":8},"end":{"line":72,"column":72}},"type":"binary-expr","locations":[{"start":{"line":72,"column":8},"end":{"line":72,"column":41}},{"start":{"line":72,"column":45},"end":{"line":72,"column":72}}],"line":72},"16":{"loc":{"start":{"line":78,"column":4},"end":{"line":80,"column":5}},"type":"if","locations":[{"start":{"line":78,"column":4},"end":{"line":80,"column":5}},{"start":{"line":78,"column":4},"end":{"line":80,"column":5}}],"line":78},"17":{"loc":{"start":{"line":78,"column":8},"end":{"line":78,"column":40}},"type":"binary-expr","locations":[{"start":{"line":78,"column":8},"end":{"line":78,"column":16}},{"start":{"line":78,"column":20},"end":{"line":78,"column":40}}],"line":78},"18":{"loc":{"start":{"line":83,"column":4},"end":{"line":85,"column":5}},"type":"if","locations":[{"start":{"line":83,"column":4},"end":{"line":85,"column":5}},{"start":{"line":83,"column":4},"end":{"line":85,"column":5}}],"line":83},"19":{"loc":{"start":{"line":83,"column":8},"end":{"line":83,"column":44}},"type":"binary-expr","locations":[{"start":{"line":83,"column":8},"end":{"line":83,"column":25}},{"start":{"line":83,"column":29},"end":{"line":83,"column":44}}],"line":83},"20":{"loc":{"start":{"line":88,"column":4},"end":{"line":90,"column":5}},"type":"if","locations":[{"start":{"line":88,"column":4},"end":{"line":90,"column":5}},{"start":{"line":88,"column":4},"end":{"line":90,"column":5}}],"line":88},"21":{"loc":{"start":{"line":88,"column":8},"end":{"line":88,"column":65}},"type":"binary-expr","locations":[{"start":{"line":88,"column":8},"end":{"line":88,"column":26}},{"start":{"line":88,"column":30},"end":{"line":88,"column":45}},{"start":{"line":88,"column":49},"end":{"line":88,"column":65}}],"line":88},"22":{"loc":{"start":{"line":92,"column":4},"end":{"line":94,"column":5}},"type":"if","locations":[{"start":{"line":92,"column":4},"end":{"line":94,"column":5}},{"start":{"line":92,"column":4},"end":{"line":94,"column":5}}],"line":92},"23":{"loc":{"start":{"line":96,"column":4},"end":{"line":98,"column":5}},"type":"if","locations":[{"start":{"line":96,"column":4},"end":{"line":98,"column":5}},{"start":{"line":96,"column":4},"end":{"line":98,"column":5}}],"line":96},"24":{"loc":{"start":{"line":100,"column":4},"end":{"line":104,"column":5}},"type":"if","locations":[{"start":{"line":100,"column":4},"end":{"line":104,"column":5}},{"start":{"line":100,"column":4},"end":{"line":104,"column":5}}],"line":100},"25":{"loc":{"start":{"line":115,"column":21},"end":{"line":115,"column":58}},"type":"cond-expr","locations":[{"start":{"line":115,"column":33},"end":{"line":115,"column":44}},{"start":{"line":115,"column":47},"end":{"line":115,"column":58}}],"line":115},"26":{"loc":{"start":{"line":131,"column":6},"end":{"line":143,"column":7}},"type":"if","locations":[{"start":{"line":131,"column":6},"end":{"line":143,"column":7}},{"start":{"line":131,"column":6},"end":{"line":143,"column":7}}],"line":131},"27":{"loc":{"start":{"line":134,"column":23},"end":{"line":134,"column":60}},"type":"cond-expr","locations":[{"start":{"line":134,"column":35},"end":{"line":134,"column":46}},{"start":{"line":134,"column":49},"end":{"line":134,"column":60}}],"line":134},"28":{"loc":{"start":{"line":140,"column":23},"end":{"line":140,"column":60}},"type":"cond-expr","locations":[{"start":{"line":140,"column":35},"end":{"line":140,"column":46}},{"start":{"line":140,"column":49},"end":{"line":140,"column":60}}],"line":140},"29":{"loc":{"start":{"line":157,"column":21},"end":{"line":157,"column":58}},"type":"cond-expr","locations":[{"start":{"line":157,"column":33},"end":{"line":157,"column":44}},{"start":{"line":157,"column":47},"end":{"line":157,"column":58}}],"line":157}},"s":{"0":1,"1":1,"2":1,"3":21,"4":21,"5":3,"6":3,"7":3,"8":3,"9":0,"10":0,"11":0,"12":0,"13":0,"14":3,"15":0,"16":0,"17":3,"18":0,"19":0,"20":3,"21":0,"22":3,"23":3,"24":3,"25":3,"26":1,"27":0,"28":0,"29":1,"30":1,"31":2,"32":0,"33":0,"34":0,"35":0,"36":21,"37":15,"38":15,"39":15,"40":15,"41":0,"42":13,"43":13,"44":1,"45":13,"46":13,"47":2,"48":13,"49":13,"50":3,"51":13,"52":1,"53":11,"54":1,"55":10,"56":8,"57":8,"58":8,"59":2,"60":2,"61":2,"62":1,"63":1,"64":1,"65":1,"66":1,"67":1,"68":21,"69":3,"70":3,"71":3,"72":3,"73":3,"74":1,"75":1,"76":2,"77":1,"78":1,"79":1,"80":1,"81":1,"82":1,"83":1,"84":1,"85":1,"86":1,"87":21,"88":0,"89":0,"90":0,"91":0,"92":0,"93":0,"94":0,"95":0,"96":21},"f":{"0":21,"1":3,"2":0,"3":0,"4":0,"5":0,"6":0,"7":15,"8":3,"9":0},"b":{"0":[0,3],"1":[3,0],"2":[0,0],"3":[0,0],"4":[0,0],"5":[0,3],"6":[0,0],"7":[0,3],"8":[0,0],"9":[0,3],"10":[3,0],"11":[3,3],"12":[3,3],"13":[0,0],"14":[0,13],"15":[15,0],"16":[1,12],"17":[13,12],"18":[2,11],"19":[13,11],"20":[3,10],"21":[13,11,11],"22":[1,10],"23":[1,9],"24":[8,2],"25":[1,0],"26":[1,1],"27":[0,1],"28":[1,0],"29":[0,0]},"_coverageSchema":"43e27e138ebf9cfc5966b082cf9a028302ed4184","hash":"f83ca8a749167c7851a2a0c06ce4ad05559a13ff","contentHash":"1414436bca1228878f52f701928b088a498861ba1dd942b59c1125304273df19"}}