{"/Users/emiliedion/Desktop/git/A2019/LOG4420-TP3/helpers/formatter.js":{"path":"/Users/emiliedion/Desktop/git/A2019/LOG4420-TP3/helpers/formatter.js","statementMap":{"0":{"start":{"line":1,"column":15},"end":{"line":1,"column":32}},"1":{"start":{"line":3,"column":0},"end":{"line":6,"column":1}},"2":{"start":{"line":4,"column":27},"end":{"line":4,"column":55}},"3":{"start":{"line":5,"column":28},"end":{"line":5,"column":58}}},"fnMap":{"0":{"name":"(anonymous_0)","decl":{"start":{"line":4,"column":16},"end":{"line":4,"column":17}},"loc":{"start":{"line":4,"column":27},"end":{"line":4,"column":55}},"line":4},"1":{"name":"(anonymous_1)","decl":{"start":{"line":5,"column":17},"end":{"line":5,"column":18}},"loc":{"start":{"line":5,"column":28},"end":{"line":5,"column":58}},"line":5}},"branchMap":{},"s":{"0":0,"1":0,"2":0,"3":0},"f":{"0":0,"1":0},"b":{}},"/Users/emiliedion/Desktop/git/A2019/LOG4420-TP3/routes/home.js":{"path":"/Users/emiliedion/Desktop/git/A2019/LOG4420-TP3/routes/home.js","statementMap":{"0":{"start":{"line":1,"column":16},"end":{"line":1,"column":34}},"1":{"start":{"line":2,"column":15},"end":{"line":2,"column":31}},"2":{"start":{"line":4,"column":15},"end":{"line":4,"column":32}},"3":{"start":{"line":5,"column":14},"end":{"line":5,"column":35}},"4":{"start":{"line":6,"column":12},"end":{"line":6,"column":45}},"5":{"start":{"line":8,"column":0},"end":{"line":20,"column":2}},"6":{"start":{"line":9,"column":20},"end":{"line":9,"column":75}},"7":{"start":{"line":11,"column":4},"end":{"line":18,"column":11}},"8":{"start":{"line":12,"column":26},"end":{"line":12,"column":41}},"9":{"start":{"line":14,"column":12},"end":{"line":14,"column":58}},"10":{"start":{"line":14,"column":41},"end":{"line":14,"column":56}},"11":{"start":{"line":15,"column":12},"end":{"line":17,"column":15}},"12":{"start":{"line":16,"column":16},"end":{"line":16,"column":48}},"13":{"start":{"line":22,"column":0},"end":{"line":22,"column":23}}},"fnMap":{"0":{"name":"(anonymous_0)","decl":{"start":{"line":8,"column":16},"end":{"line":8,"column":17}},"loc":{"start":{"line":8,"column":36},"end":{"line":20,"column":1}},"line":8},"1":{"name":"(anonymous_1)","decl":{"start":{"line":12,"column":14},"end":{"line":12,"column":15}},"loc":{"start":{"line":12,"column":26},"end":{"line":12,"column":41}},"line":12},"2":{"name":"(anonymous_2)","decl":{"start":{"line":13,"column":14},"end":{"line":13,"column":15}},"loc":{"start":{"line":13,"column":23},"end":{"line":18,"column":9}},"line":13},"3":{"name":"(anonymous_3)","decl":{"start":{"line":14,"column":33},"end":{"line":14,"column":34}},"loc":{"start":{"line":14,"column":41},"end":{"line":14,"column":56}},"line":14},"4":{"name":"(anonymous_4)","decl":{"start":{"line":15,"column":61},"end":{"line":15,"column":62}},"loc":{"start":{"line":15,"column":76},"end":{"line":17,"column":13}},"line":15}},"branchMap":{"0":{"loc":{"start":{"line":16,"column":16},"end":{"line":16,"column":48}},"type":"cond-expr","locations":[{"start":{"line":16,"column":22},"end":{"line":16,"column":31}},{"start":{"line":16,"column":34},"end":{"line":16,"column":48}}],"line":16}},"s":{"0":0,"1":0,"2":0,"3":0,"4":0,"5":0,"6":0,"7":0,"8":0,"9":0,"10":0,"11":0,"12":0,"13":0},"f":{"0":0,"1":0,"2":0,"3":0,"4":0},"b":{"0":[0,0]}},"/Users/emiliedion/Desktop/git/A2019/LOG4420-TP3/routes/index.js":{"path":"/Users/emiliedion/Desktop/git/A2019/LOG4420-TP3/routes/index.js","statementMap":{"0":{"start":{"line":1,"column":16},"end":{"line":1,"column":34}},"1":{"start":{"line":2,"column":15},"end":{"line":2,"column":31}},"2":{"start":{"line":4,"column":0},"end":{"line":11,"column":1}},"3":{"start":{"line":5,"column":2},"end":{"line":5,"column":36}},"4":{"start":{"line":6,"column":2},"end":{"line":6,"column":40}},"5":{"start":{"line":7,"column":2},"end":{"line":7,"column":48}},"6":{"start":{"line":8,"column":2},"end":{"line":8,"column":56}},"7":{"start":{"line":10,"column":2},"end":{"line":10,"column":31}}},"fnMap":{"0":{"name":"(anonymous_0)","decl":{"start":{"line":4,"column":17},"end":{"line":4,"column":18}},"loc":{"start":{"line":4,"column":37},"end":{"line":11,"column":1}},"line":4}},"branchMap":{},"s":{"0":0,"1":0,"2":0,"3":0,"4":0,"5":0,"6":0,"7":0},"f":{"0":0},"b":{}},"/Users/emiliedion/Desktop/git/A2019/LOG4420-TP3/routes/projects.js":{"path":"/Users/emiliedion/Desktop/git/A2019/LOG4420-TP3/routes/projects.js","statementMap":{"0":{"start":{"line":1,"column":16},"end":{"line":1,"column":34}},"1":{"start":{"line":2,"column":15},"end":{"line":2,"column":31}},"2":{"start":{"line":3,"column":14},"end":{"line":3,"column":35}},"3":{"start":{"line":4,"column":12},"end":{"line":4,"column":49}},"4":{"start":{"line":6,"column":0},"end":{"line":20,"column":3}},"5":{"start":{"line":7,"column":18},"end":{"line":7,"column":73}},"6":{"start":{"line":9,"column":2},"end":{"line":19,"column":7}},"7":{"start":{"line":10,"column":22},"end":{"line":10,"column":37}},"8":{"start":{"line":12,"column":6},"end":{"line":18,"column":8}},"9":{"start":{"line":14,"column":34},"end":{"line":14,"column":43}},"10":{"start":{"line":16,"column":10},"end":{"line":16,"column":43}},"11":{"start":{"line":22,"column":0},"end":{"line":32,"column":3}},"12":{"start":{"line":23,"column":18},"end":{"line":23,"column":73}},"13":{"start":{"line":25,"column":2},"end":{"line":31,"column":7}},"14":{"start":{"line":26,"column":22},"end":{"line":26,"column":37}},"15":{"start":{"line":28,"column":6},"end":{"line":30,"column":9}},"16":{"start":{"line":29,"column":8},"end":{"line":29,"column":41}},"17":{"start":{"line":34,"column":0},"end":{"line":34,"column":24}}},"fnMap":{"0":{"name":"(anonymous_0)","decl":{"start":{"line":6,"column":16},"end":{"line":6,"column":17}},"loc":{"start":{"line":6,"column":36},"end":{"line":20,"column":1}},"line":6},"1":{"name":"(anonymous_1)","decl":{"start":{"line":10,"column":10},"end":{"line":10,"column":11}},"loc":{"start":{"line":10,"column":22},"end":{"line":10,"column":37}},"line":10},"2":{"name":"(anonymous_2)","decl":{"start":{"line":11,"column":10},"end":{"line":11,"column":11}},"loc":{"start":{"line":11,"column":18},"end":{"line":19,"column":5}},"line":11},"3":{"name":"(anonymous_3)","decl":{"start":{"line":14,"column":29},"end":{"line":14,"column":30}},"loc":{"start":{"line":14,"column":34},"end":{"line":14,"column":43}},"line":14},"4":{"name":"(anonymous_4)","decl":{"start":{"line":15,"column":8},"end":{"line":15,"column":9}},"loc":{"start":{"line":15,"column":23},"end":{"line":17,"column":9}},"line":15},"5":{"name":"(anonymous_5)","decl":{"start":{"line":22,"column":19},"end":{"line":22,"column":20}},"loc":{"start":{"line":22,"column":39},"end":{"line":32,"column":1}},"line":22},"6":{"name":"(anonymous_6)","decl":{"start":{"line":26,"column":10},"end":{"line":26,"column":11}},"loc":{"start":{"line":26,"column":22},"end":{"line":26,"column":37}},"line":26},"7":{"name":"(anonymous_7)","decl":{"start":{"line":27,"column":10},"end":{"line":27,"column":11}},"loc":{"start":{"line":27,"column":18},"end":{"line":31,"column":5}},"line":27},"8":{"name":"(anonymous_8)","decl":{"start":{"line":28,"column":45},"end":{"line":28,"column":46}},"loc":{"start":{"line":28,"column":60},"end":{"line":30,"column":7}},"line":28}},"branchMap":{"0":{"loc":{"start":{"line":16,"column":10},"end":{"line":16,"column":42}},"type":"cond-expr","locations":[{"start":{"line":16,"column":16},"end":{"line":16,"column":25}},{"start":{"line":16,"column":28},"end":{"line":16,"column":42}}],"line":16},"1":{"loc":{"start":{"line":29,"column":8},"end":{"line":29,"column":40}},"type":"cond-expr","locations":[{"start":{"line":29,"column":14},"end":{"line":29,"column":23}},{"start":{"line":29,"column":26},"end":{"line":29,"column":40}}],"line":29}},"s":{"0":0,"1":0,"2":0,"3":0,"4":0,"5":0,"6":0,"7":0,"8":0,"9":0,"10":0,"11":0,"12":0,"13":0,"14":0,"15":0,"16":0,"17":0},"f":{"0":0,"1":0,"2":0,"3":0,"4":0,"5":0,"6":0,"7":0,"8":0},"b":{"0":[0,0],"1":[0,0]}},"/Users/emiliedion/Desktop/git/A2019/LOG4420-TP3/routes/publications.js":{"path":"/Users/emiliedion/Desktop/git/A2019/LOG4420-TP3/routes/publications.js","statementMap":{"0":{"start":{"line":1,"column":16},"end":{"line":1,"column":34}},"1":{"start":{"line":2,"column":15},"end":{"line":2,"column":31}},"2":{"start":{"line":3,"column":15},"end":{"line":3,"column":32}},"3":{"start":{"line":4,"column":14},"end":{"line":4,"column":35}},"4":{"start":{"line":5,"column":12},"end":{"line":5,"column":52}},"5":{"start":{"line":8,"column":20},"end":{"line":11,"column":3}},"6":{"start":{"line":13,"column":45},"end":{"line":13,"column":54}},"7":{"start":{"line":14,"column":24},"end":{"line":19,"column":3}},"8":{"start":{"line":21,"column":23},"end":{"line":26,"column":28}},"9":{"start":{"line":25,"column":22},"end":{"line":25,"column":37}},"10":{"start":{"line":26,"column":18},"end":{"line":26,"column":27}},"11":{"start":{"line":27,"column":21},"end":{"line":29,"column":3}},"12":{"start":{"line":28,"column":4},"end":{"line":28,"column":19}},"13":{"start":{"line":30,"column":24},"end":{"line":30,"column":63}},"14":{"start":{"line":31,"column":21},"end":{"line":31,"column":68}},"15":{"start":{"line":32,"column":24},"end":{"line":32,"column":47}},"16":{"start":{"line":33,"column":15},"end":{"line":39,"column":3}},"17":{"start":{"line":41,"column":2},"end":{"line":43,"column":5}},"18":{"start":{"line":42,"column":4},"end":{"line":42,"column":37}},"19":{"start":{"line":47,"column":20},"end":{"line":54,"column":3}},"20":{"start":{"line":56,"column":15},"end":{"line":58,"column":28}},"21":{"start":{"line":57,"column":22},"end":{"line":57,"column":37}},"22":{"start":{"line":58,"column":18},"end":{"line":58,"column":27}},"23":{"start":{"line":60,"column":2},"end":{"line":60,"column":42}},"24":{"start":{"line":61,"column":2},"end":{"line":61,"column":9}},"25":{"start":{"line":65,"column":20},"end":{"line":70,"column":3}},"26":{"start":{"line":72,"column":15},"end":{"line":74,"column":28}},"27":{"start":{"line":73,"column":22},"end":{"line":73,"column":37}},"28":{"start":{"line":74,"column":18},"end":{"line":74,"column":27}},"29":{"start":{"line":76,"column":2},"end":{"line":76,"column":42}},"30":{"start":{"line":77,"column":2},"end":{"line":77,"column":9}},"31":{"start":{"line":79,"column":0},"end":{"line":79,"column":33}},"32":{"start":{"line":80,"column":0},"end":{"line":80,"column":50}},"33":{"start":{"line":81,"column":0},"end":{"line":81,"column":56}},"34":{"start":{"line":82,"column":0},"end":{"line":82,"column":24}}},"fnMap":{"0":{"name":"getPublications","decl":{"start":{"line":7,"column":15},"end":{"line":7,"column":30}},"loc":{"start":{"line":7,"column":47},"end":{"line":44,"column":1}},"line":7},"1":{"name":"(anonymous_1)","decl":{"start":{"line":25,"column":10},"end":{"line":25,"column":11}},"loc":{"start":{"line":25,"column":22},"end":{"line":25,"column":37}},"line":25},"2":{"name":"(anonymous_2)","decl":{"start":{"line":26,"column":11},"end":{"line":26,"column":12}},"loc":{"start":{"line":26,"column":18},"end":{"line":26,"column":27}},"line":26},"3":{"name":"(anonymous_3)","decl":{"start":{"line":27,"column":54},"end":{"line":27,"column":55}},"loc":{"start":{"line":28,"column":4},"end":{"line":28,"column":19}},"line":28},"4":{"name":"(anonymous_4)","decl":{"start":{"line":41,"column":45},"end":{"line":41,"column":46}},"loc":{"start":{"line":41,"column":60},"end":{"line":43,"column":3}},"line":41},"5":{"name":"addPublication","decl":{"start":{"line":46,"column":15},"end":{"line":46,"column":29}},"loc":{"start":{"line":46,"column":46},"end":{"line":62,"column":1}},"line":46},"6":{"name":"(anonymous_6)","decl":{"start":{"line":57,"column":10},"end":{"line":57,"column":11}},"loc":{"start":{"line":57,"column":22},"end":{"line":57,"column":37}},"line":57},"7":{"name":"(anonymous_7)","decl":{"start":{"line":58,"column":11},"end":{"line":58,"column":12}},"loc":{"start":{"line":58,"column":18},"end":{"line":58,"column":27}},"line":58},"8":{"name":"removePublication","decl":{"start":{"line":64,"column":15},"end":{"line":64,"column":32}},"loc":{"start":{"line":64,"column":49},"end":{"line":78,"column":1}},"line":64},"9":{"name":"(anonymous_9)","decl":{"start":{"line":73,"column":10},"end":{"line":73,"column":11}},"loc":{"start":{"line":73,"column":22},"end":{"line":73,"column":37}},"line":73},"10":{"name":"(anonymous_10)","decl":{"start":{"line":74,"column":11},"end":{"line":74,"column":12}},"loc":{"start":{"line":74,"column":18},"end":{"line":74,"column":27}},"line":74}},"branchMap":{"0":{"loc":{"start":{"line":15,"column":11},"end":{"line":15,"column":22}},"type":"binary-expr","locations":[{"start":{"line":15,"column":11},"end":{"line":15,"column":16}},{"start":{"line":15,"column":20},"end":{"line":15,"column":22}}],"line":15},"1":{"loc":{"start":{"line":16,"column":16},"end":{"line":16,"column":25}},"type":"binary-expr","locations":[{"start":{"line":16,"column":16},"end":{"line":16,"column":20}},{"start":{"line":16,"column":24},"end":{"line":16,"column":25}}],"line":16},"2":{"loc":{"start":{"line":32,"column":24},"end":{"line":32,"column":47}},"type":"binary-expr","locations":[{"start":{"line":32,"column":24},"end":{"line":32,"column":41}},{"start":{"line":32,"column":45},"end":{"line":32,"column":47}}],"line":32},"3":{"loc":{"start":{"line":42,"column":4},"end":{"line":42,"column":36}},"type":"cond-expr","locations":[{"start":{"line":42,"column":10},"end":{"line":42,"column":19}},{"start":{"line":42,"column":22},"end":{"line":42,"column":36}}],"line":42},"4":{"loc":{"start":{"line":60,"column":22},"end":{"line":60,"column":41}},"type":"binary-expr","locations":[{"start":{"line":60,"column":22},"end":{"line":60,"column":26}},{"start":{"line":60,"column":30},"end":{"line":60,"column":41}}],"line":60},"5":{"loc":{"start":{"line":76,"column":22},"end":{"line":76,"column":41}},"type":"binary-expr","locations":[{"start":{"line":76,"column":22},"end":{"line":76,"column":26}},{"start":{"line":76,"column":30},"end":{"line":76,"column":41}}],"line":76}},"s":{"0":0,"1":0,"2":0,"3":0,"4":0,"5":0,"6":0,"7":0,"8":0,"9":0,"10":0,"11":0,"12":0,"13":0,"14":0,"15":0,"16":0,"17":0,"18":0,"19":0,"20":0,"21":0,"22":0,"23":0,"24":0,"25":0,"26":0,"27":0,"28":0,"29":0,"30":0,"31":0,"32":0,"33":0,"34":0},"f":{"0":0,"1":0,"2":0,"3":0,"4":0,"5":0,"6":0,"7":0,"8":0,"9":0,"10":0},"b":{"0":[0,0],"1":[0,0],"2":[0,0],"3":[0,0],"4":[0,0],"5":[0,0]}},"/Users/emiliedion/Desktop/git/A2019/LOG4420-TP3/routes/rest/feed.js":{"path":"/Users/emiliedion/Desktop/git/A2019/LOG4420-TP3/routes/rest/feed.js","statementMap":{"0":{"start":{"line":1,"column":16},"end":{"line":1,"column":34}},"1":{"start":{"line":2,"column":22},"end":{"line":2,"column":37}},"2":{"start":{"line":4,"column":0},"end":{"line":29,"column":2}},"3":{"start":{"line":5,"column":17},"end":{"line":5,"column":33}},"4":{"start":{"line":7,"column":2},"end":{"line":26,"column":5}},"5":{"start":{"line":8,"column":24},"end":{"line":8,"column":38}},"6":{"start":{"line":9,"column":26},"end":{"line":9,"column":74}},"7":{"start":{"line":11,"column":4},"end":{"line":25,"column":5}},"8":{"start":{"line":12,"column":19},"end":{"line":12,"column":40}},"9":{"start":{"line":14,"column":20},"end":{"line":16,"column":8}},"10":{"start":{"line":15,"column":8},"end":{"line":15,"column":41}},"11":{"start":{"line":18,"column":6},"end":{"line":18,"column":27}},"12":{"start":{"line":19,"column":6},"end":{"line":19,"column":22}},"13":{"start":{"line":21,"column":6},"end":{"line":21,"column":27}},"14":{"start":{"line":22,"column":24},"end":{"line":22,"column":50}},"15":{"start":{"line":23,"column":21},"end":{"line":23,"column":58}},"16":{"start":{"line":24,"column":6},"end":{"line":24,"column":27}},"17":{"start":{"line":28,"column":2},"end":{"line":28,"column":16}}},"fnMap":{"0":{"name":"(anonymous_0)","decl":{"start":{"line":4,"column":17},"end":{"line":4,"column":18}},"loc":{"start":{"line":4,"column":32},"end":{"line":29,"column":1}},"line":4},"1":{"name":"(anonymous_1)","decl":{"start":{"line":7,"column":18},"end":{"line":7,"column":19}},"loc":{"start":{"line":7,"column":44},"end":{"line":26,"column":3}},"line":7},"2":{"name":"(anonymous_2)","decl":{"start":{"line":14,"column":29},"end":{"line":14,"column":30}},"loc":{"start":{"line":14,"column":39},"end":{"line":16,"column":7}},"line":14}},"branchMap":{"0":{"loc":{"start":{"line":15,"column":22},"end":{"line":15,"column":32}},"type":"binary-expr","locations":[{"start":{"line":15,"column":22},"end":{"line":15,"column":27}},{"start":{"line":15,"column":31},"end":{"line":15,"column":32}}],"line":15},"1":{"loc":{"start":{"line":23,"column":21},"end":{"line":23,"column":58}},"type":"cond-expr","locations":[{"start":{"line":23,"column":33},"end":{"line":23,"column":44}},{"start":{"line":23,"column":47},"end":{"line":23,"column":58}}],"line":23}},"s":{"0":0,"1":0,"2":0,"3":0,"4":0,"5":0,"6":0,"7":0,"8":0,"9":0,"10":0,"11":0,"12":0,"13":0,"14":0,"15":0,"16":0,"17":0},"f":{"0":0,"1":0,"2":0},"b":{"0":[0,0],"1":[0,0]}},"/Users/emiliedion/Desktop/git/A2019/LOG4420-TP3/routes/rest/index.js":{"path":"/Users/emiliedion/Desktop/git/A2019/LOG4420-TP3/routes/rest/index.js","statementMap":{"0":{"start":{"line":1,"column":16},"end":{"line":1,"column":34}},"1":{"start":{"line":2,"column":15},"end":{"line":2,"column":31}},"2":{"start":{"line":4,"column":0},"end":{"line":19,"column":2}},"3":{"start":{"line":6,"column":18},"end":{"line":6,"column":69}},"4":{"start":{"line":9,"column":2},"end":{"line":9,"column":55}},"5":{"start":{"line":10,"column":2},"end":{"line":10,"column":64}},"6":{"start":{"line":11,"column":2},"end":{"line":14,"column":4}},"7":{"start":{"line":16,"column":2},"end":{"line":16,"column":79}},"8":{"start":{"line":18,"column":2},"end":{"line":18,"column":32}}},"fnMap":{"0":{"name":"(anonymous_0)","decl":{"start":{"line":4,"column":17},"end":{"line":4,"column":18}},"loc":{"start":{"line":4,"column":37},"end":{"line":19,"column":1}},"line":4}},"branchMap":{},"s":{"0":0,"1":0,"2":0,"3":0,"4":0,"5":0,"6":0,"7":0,"8":0},"f":{"0":0},"b":{}},"/Users/emiliedion/Desktop/git/A2019/LOG4420-TP3/routes/rest/members.js":{"path":"/Users/emiliedion/Desktop/git/A2019/LOG4420-TP3/routes/rest/members.js","statementMap":{"0":{"start":{"line":1,"column":16},"end":{"line":1,"column":34}},"1":{"start":{"line":2,"column":22},"end":{"line":2,"column":37}},"2":{"start":{"line":4,"column":0},"end":{"line":28,"column":2}},"3":{"start":{"line":5,"column":17},"end":{"line":5,"column":33}},"4":{"start":{"line":7,"column":2},"end":{"line":25,"column":5}},"5":{"start":{"line":8,"column":18},"end":{"line":8,"column":32}},"6":{"start":{"line":9,"column":32},"end":{"line":9,"column":69}},"7":{"start":{"line":10,"column":4},"end":{"line":24,"column":5}},"8":{"start":{"line":11,"column":19},"end":{"line":11,"column":46}},"9":{"start":{"line":13,"column":22},"end":{"line":16,"column":8}},"10":{"start":{"line":14,"column":53},"end":{"line":14,"column":54}},"11":{"start":{"line":15,"column":8},"end":{"line":15,"column":62}},"12":{"start":{"line":17,"column":6},"end":{"line":17,"column":27}},"13":{"start":{"line":18,"column":6},"end":{"line":18,"column":24}},"14":{"start":{"line":20,"column":6},"end":{"line":20,"column":27}},"15":{"start":{"line":21,"column":24},"end":{"line":21,"column":52}},"16":{"start":{"line":22,"column":21},"end":{"line":22,"column":58}},"17":{"start":{"line":23,"column":6},"end":{"line":23,"column":27}},"18":{"start":{"line":27,"column":2},"end":{"line":27,"column":16}}},"fnMap":{"0":{"name":"(anonymous_0)","decl":{"start":{"line":4,"column":17},"end":{"line":4,"column":18}},"loc":{"start":{"line":4,"column":32},"end":{"line":28,"column":1}},"line":4},"1":{"name":"(anonymous_1)","decl":{"start":{"line":7,"column":18},"end":{"line":7,"column":19}},"loc":{"start":{"line":7,"column":44},"end":{"line":25,"column":3}},"line":7},"2":{"name":"(anonymous_2)","decl":{"start":{"line":13,"column":31},"end":{"line":13,"column":32}},"loc":{"start":{"line":13,"column":41},"end":{"line":16,"column":7}},"line":13}},"branchMap":{"0":{"loc":{"start":{"line":15,"column":22},"end":{"line":15,"column":30}},"type":"binary-expr","locations":[{"start":{"line":15,"column":22},"end":{"line":15,"column":25}},{"start":{"line":15,"column":29},"end":{"line":15,"column":30}}],"line":15},"1":{"loc":{"start":{"line":22,"column":21},"end":{"line":22,"column":58}},"type":"cond-expr","locations":[{"start":{"line":22,"column":33},"end":{"line":22,"column":44}},{"start":{"line":22,"column":47},"end":{"line":22,"column":58}}],"line":22}},"s":{"0":0,"1":0,"2":0,"3":0,"4":0,"5":0,"6":0,"7":0,"8":0,"9":0,"10":0,"11":0,"12":0,"13":0,"14":0,"15":0,"16":0,"17":0,"18":0},"f":{"0":0,"1":0,"2":0},"b":{"0":[0,0],"1":[0,0]}},"/Users/emiliedion/Desktop/git/A2019/LOG4420-TP3/routes/rest/projects.js":{"path":"/Users/emiliedion/Desktop/git/A2019/LOG4420-TP3/routes/rest/projects.js","statementMap":{"0":{"start":{"line":1,"column":16},"end":{"line":1,"column":34}},"1":{"start":{"line":2,"column":22},"end":{"line":2,"column":37}},"2":{"start":{"line":4,"column":0},"end":{"line":109,"column":2}},"3":{"start":{"line":5,"column":17},"end":{"line":5,"column":33}},"4":{"start":{"line":7,"column":2},"end":{"line":54,"column":5}},"5":{"start":{"line":8,"column":24},"end":{"line":8,"column":38}},"6":{"start":{"line":9,"column":29},"end":{"line":9,"column":73}},"7":{"start":{"line":11,"column":4},"end":{"line":53,"column":5}},"8":{"start":{"line":12,"column":19},"end":{"line":12,"column":43}},"9":{"start":{"line":13,"column":23},"end":{"line":37,"column":8}},"10":{"start":{"line":21,"column":12},"end":{"line":21,"column":13}},"11":{"start":{"line":23,"column":37},"end":{"line":25,"column":9}},"12":{"start":{"line":26,"column":8},"end":{"line":36,"column":9}},"13":{"start":{"line":27,"column":31},"end":{"line":27,"column":59}},"14":{"start":{"line":28,"column":10},"end":{"line":31,"column":12}},"15":{"start":{"line":33,"column":28},"end":{"line":33,"column":62}},"16":{"start":{"line":34,"column":27},"end":{"line":34,"column":64}},"17":{"start":{"line":35,"column":10},"end":{"line":35,"column":36}},"18":{"start":{"line":39,"column":6},"end":{"line":47,"column":11}},"19":{"start":{"line":41,"column":10},"end":{"line":41,"column":31}},"20":{"start":{"line":42,"column":10},"end":{"line":42,"column":29}},"21":{"start":{"line":45,"column":10},"end":{"line":45,"column":31}},"22":{"start":{"line":46,"column":10},"end":{"line":46,"column":31}},"23":{"start":{"line":49,"column":6},"end":{"line":49,"column":27}},"24":{"start":{"line":50,"column":24},"end":{"line":50,"column":53}},"25":{"start":{"line":51,"column":21},"end":{"line":51,"column":58}},"26":{"start":{"line":52,"column":6},"end":{"line":52,"column":27}},"27":{"start":{"line":56,"column":2},"end":{"line":106,"column":5}},"28":{"start":{"line":57,"column":24},"end":{"line":57,"column":38}},"29":{"start":{"line":58,"column":19},"end":{"line":58,"column":29}},"30":{"start":{"line":60,"column":32},"end":{"line":62,"column":5}},"31":{"start":{"line":64,"column":4},"end":{"line":105,"column":5}},"32":{"start":{"line":65,"column":19},"end":{"line":65,"column":46}},"33":{"start":{"line":73,"column":10},"end":{"line":73,"column":14}},"34":{"start":{"line":75,"column":35},"end":{"line":77,"column":7}},"35":{"start":{"line":78,"column":6},"end":{"line":90,"column":7}},"36":{"start":{"line":79,"column":29},"end":{"line":79,"column":57}},"37":{"start":{"line":80,"column":24},"end":{"line":83,"column":9}},"38":{"start":{"line":84,"column":8},"end":{"line":84,"column":29}},"39":{"start":{"line":85,"column":8},"end":{"line":85,"column":26}},"40":{"start":{"line":87,"column":26},"end":{"line":87,"column":60}},"41":{"start":{"line":88,"column":25},"end":{"line":88,"column":62}},"42":{"start":{"line":89,"column":8},"end":{"line":89,"column":34}},"43":{"start":{"line":92,"column":6},"end":{"line":104,"column":7}},"44":{"start":{"line":93,"column":8},"end":{"line":93,"column":29}},"45":{"start":{"line":94,"column":26},"end":{"line":94,"column":64}},"46":{"start":{"line":95,"column":23},"end":{"line":95,"column":60}},"47":{"start":{"line":96,"column":8},"end":{"line":96,"column":29}},"48":{"start":{"line":97,"column":8},"end":{"line":97,"column":15}},"49":{"start":{"line":99,"column":8},"end":{"line":99,"column":29}},"50":{"start":{"line":100,"column":26},"end":{"line":100,"column":54}},"51":{"start":{"line":101,"column":23},"end":{"line":101,"column":60}},"52":{"start":{"line":102,"column":8},"end":{"line":102,"column":29}},"53":{"start":{"line":103,"column":8},"end":{"line":103,"column":15}},"54":{"start":{"line":108,"column":2},"end":{"line":108,"column":16}}},"fnMap":{"0":{"name":"(anonymous_0)","decl":{"start":{"line":4,"column":17},"end":{"line":4,"column":18}},"loc":{"start":{"line":4,"column":58},"end":{"line":109,"column":1}},"line":4},"1":{"name":"(anonymous_1)","decl":{"start":{"line":7,"column":18},"end":{"line":7,"column":19}},"loc":{"start":{"line":7,"column":44},"end":{"line":54,"column":3}},"line":7},"2":{"name":"(anonymous_2)","decl":{"start":{"line":13,"column":32},"end":{"line":13,"column":33}},"loc":{"start":{"line":13,"column":43},"end":{"line":37,"column":7}},"line":13},"3":{"name":"(anonymous_3)","decl":{"start":{"line":40,"column":14},"end":{"line":40,"column":15}},"loc":{"start":{"line":40,"column":26},"end":{"line":43,"column":9}},"line":40},"4":{"name":"(anonymous_4)","decl":{"start":{"line":44,"column":15},"end":{"line":44,"column":16}},"loc":{"start":{"line":44,"column":25},"end":{"line":47,"column":9}},"line":44},"5":{"name":"(anonymous_5)","decl":{"start":{"line":56,"column":21},"end":{"line":56,"column":22}},"loc":{"start":{"line":56,"column":47},"end":{"line":106,"column":3}},"line":56}},"branchMap":{"0":{"loc":{"start":{"line":34,"column":27},"end":{"line":34,"column":64}},"type":"cond-expr","locations":[{"start":{"line":34,"column":39},"end":{"line":34,"column":50}},{"start":{"line":34,"column":53},"end":{"line":34,"column":64}}],"line":34},"1":{"loc":{"start":{"line":51,"column":21},"end":{"line":51,"column":58}},"type":"cond-expr","locations":[{"start":{"line":51,"column":33},"end":{"line":51,"column":44}},{"start":{"line":51,"column":47},"end":{"line":51,"column":58}}],"line":51},"2":{"loc":{"start":{"line":88,"column":25},"end":{"line":88,"column":62}},"type":"cond-expr","locations":[{"start":{"line":88,"column":37},"end":{"line":88,"column":48}},{"start":{"line":88,"column":51},"end":{"line":88,"column":62}}],"line":88},"3":{"loc":{"start":{"line":92,"column":6},"end":{"line":104,"column":7}},"type":"if","locations":[{"start":{"line":92,"column":6},"end":{"line":104,"column":7}},{"start":{"line":92,"column":6},"end":{"line":104,"column":7}}],"line":92},"4":{"loc":{"start":{"line":95,"column":23},"end":{"line":95,"column":60}},"type":"cond-expr","locations":[{"start":{"line":95,"column":35},"end":{"line":95,"column":46}},{"start":{"line":95,"column":49},"end":{"line":95,"column":60}}],"line":95},"5":{"loc":{"start":{"line":101,"column":23},"end":{"line":101,"column":60}},"type":"cond-expr","locations":[{"start":{"line":101,"column":35},"end":{"line":101,"column":46}},{"start":{"line":101,"column":49},"end":{"line":101,"column":60}}],"line":101}},"s":{"0":0,"1":0,"2":0,"3":0,"4":0,"5":0,"6":0,"7":0,"8":0,"9":0,"10":0,"11":0,"12":0,"13":0,"14":0,"15":0,"16":0,"17":0,"18":0,"19":0,"20":0,"21":0,"22":0,"23":0,"24":0,"25":0,"26":0,"27":0,"28":0,"29":0,"30":0,"31":0,"32":0,"33":0,"34":0,"35":0,"36":0,"37":0,"38":0,"39":0,"40":0,"41":0,"42":0,"43":0,"44":0,"45":0,"46":0,"47":0,"48":0,"49":0,"50":0,"51":0,"52":0,"53":0,"54":0},"f":{"0":0,"1":0,"2":0,"3":0,"4":0,"5":0},"b":{"0":[0,0],"1":[0,0],"2":[0,0],"3":[0,0],"4":[0,0],"5":[0,0]}},"/Users/emiliedion/Desktop/git/A2019/LOG4420-TP3/routes/rest/publications.js":{"path":"/Users/emiliedion/Desktop/git/A2019/LOG4420-TP3/routes/rest/publications.js","statementMap":{"0":{"start":{"line":1,"column":16},"end":{"line":1,"column":34}},"1":{"start":{"line":2,"column":22},"end":{"line":2,"column":37}},"2":{"start":{"line":4,"column":0},"end":{"line":163,"column":2}},"3":{"start":{"line":5,"column":17},"end":{"line":5,"column":33}},"4":{"start":{"line":7,"column":2},"end":{"line":65,"column":5}},"5":{"start":{"line":8,"column":18},"end":{"line":8,"column":32}},"6":{"start":{"line":9,"column":47},"end":{"line":9,"column":56}},"7":{"start":{"line":10,"column":20},"end":{"line":10,"column":22}},"8":{"start":{"line":15,"column":4},"end":{"line":39,"column":5}},"9":{"start":{"line":17,"column":6},"end":{"line":25,"column":7}},"10":{"start":{"line":18,"column":8},"end":{"line":20,"column":11}},"11":{"start":{"line":19,"column":10},"end":{"line":19,"column":51}},"12":{"start":{"line":22,"column":8},"end":{"line":24,"column":11}},"13":{"start":{"line":23,"column":10},"end":{"line":23,"column":50}},"14":{"start":{"line":26,"column":11},"end":{"line":39,"column":5}},"15":{"start":{"line":28,"column":6},"end":{"line":30,"column":9}},"16":{"start":{"line":29,"column":8},"end":{"line":29,"column":54}},"17":{"start":{"line":31,"column":11},"end":{"line":39,"column":5}},"18":{"start":{"line":33,"column":6},"end":{"line":35,"column":9}},"19":{"start":{"line":34,"column":8},"end":{"line":34,"column":53}},"20":{"start":{"line":36,"column":11},"end":{"line":39,"column":5}},"21":{"start":{"line":38,"column":6},"end":{"line":38,"column":40}},"22":{"start":{"line":41,"column":23},"end":{"line":45,"column":5}},"23":{"start":{"line":47,"column":33},"end":{"line":49,"column":5}},"24":{"start":{"line":50,"column":4},"end":{"line":64,"column":5}},"25":{"start":{"line":51,"column":19},"end":{"line":51,"column":47}},"26":{"start":{"line":52,"column":27},"end":{"line":55,"column":8}},"27":{"start":{"line":53,"column":33},"end":{"line":53,"column":34}},"28":{"start":{"line":54,"column":8},"end":{"line":54,"column":37}},"29":{"start":{"line":56,"column":6},"end":{"line":56,"column":27}},"30":{"start":{"line":57,"column":6},"end":{"line":57,"column":29}},"31":{"start":{"line":59,"column":6},"end":{"line":59,"column":23}},"32":{"start":{"line":60,"column":6},"end":{"line":60,"column":27}},"33":{"start":{"line":61,"column":24},"end":{"line":61,"column":49}},"34":{"start":{"line":62,"column":21},"end":{"line":62,"column":58}},"35":{"start":{"line":63,"column":6},"end":{"line":63,"column":27}},"36":{"start":{"line":67,"column":2},"end":{"line":118,"column":5}},"37":{"start":{"line":68,"column":18},"end":{"line":68,"column":32}},"38":{"start":{"line":69,"column":21},"end":{"line":69,"column":24}},"39":{"start":{"line":70,"column":19},"end":{"line":70,"column":21}},"40":{"start":{"line":72,"column":4},"end":{"line":75,"column":5}},"41":{"start":{"line":74,"column":6},"end":{"line":74,"column":53}},"42":{"start":{"line":77,"column":51},"end":{"line":77,"column":55}},"43":{"start":{"line":78,"column":4},"end":{"line":80,"column":5}},"44":{"start":{"line":79,"column":6},"end":{"line":79,"column":54}},"45":{"start":{"line":82,"column":23},"end":{"line":82,"column":41}},"46":{"start":{"line":83,"column":4},"end":{"line":85,"column":5}},"47":{"start":{"line":84,"column":6},"end":{"line":84,"column":54}},"48":{"start":{"line":87,"column":24},"end":{"line":87,"column":43}},"49":{"start":{"line":88,"column":4},"end":{"line":90,"column":5}},"50":{"start":{"line":89,"column":6},"end":{"line":89,"column":53}},"51":{"start":{"line":92,"column":4},"end":{"line":94,"column":5}},"52":{"start":{"line":93,"column":6},"end":{"line":93,"column":61}},"53":{"start":{"line":96,"column":4},"end":{"line":98,"column":5}},"54":{"start":{"line":97,"column":6},"end":{"line":97,"column":63}},"55":{"start":{"line":100,"column":4},"end":{"line":104,"column":5}},"56":{"start":{"line":101,"column":6},"end":{"line":101,"column":27}},"57":{"start":{"line":102,"column":6},"end":{"line":102,"column":27}},"58":{"start":{"line":103,"column":6},"end":{"line":103,"column":13}},"59":{"start":{"line":105,"column":35},"end":{"line":107,"column":5}},"60":{"start":{"line":108,"column":4},"end":{"line":117,"column":5}},"61":{"start":{"line":109,"column":6},"end":{"line":109,"column":37}},"62":{"start":{"line":110,"column":6},"end":{"line":110,"column":27}},"63":{"start":{"line":111,"column":6},"end":{"line":111,"column":31}},"64":{"start":{"line":113,"column":6},"end":{"line":113,"column":27}},"65":{"start":{"line":114,"column":24},"end":{"line":114,"column":55}},"66":{"start":{"line":115,"column":21},"end":{"line":115,"column":58}},"67":{"start":{"line":116,"column":6},"end":{"line":116,"column":27}},"68":{"start":{"line":120,"column":2},"end":{"line":145,"column":5}},"69":{"start":{"line":121,"column":18},"end":{"line":121,"column":32}},"70":{"start":{"line":122,"column":19},"end":{"line":122,"column":29}},"71":{"start":{"line":123,"column":35},"end":{"line":125,"column":5}},"72":{"start":{"line":126,"column":4},"end":{"line":144,"column":5}},"73":{"start":{"line":127,"column":6},"end":{"line":127,"column":37}},"74":{"start":{"line":128,"column":6},"end":{"line":128,"column":27}},"75":{"start":{"line":129,"column":6},"end":{"line":129,"column":31}},"76":{"start":{"line":131,"column":6},"end":{"line":143,"column":7}},"77":{"start":{"line":132,"column":8},"end":{"line":132,"column":29}},"78":{"start":{"line":133,"column":26},"end":{"line":133,"column":60}},"79":{"start":{"line":134,"column":23},"end":{"line":134,"column":60}},"80":{"start":{"line":135,"column":8},"end":{"line":135,"column":29}},"81":{"start":{"line":136,"column":8},"end":{"line":136,"column":15}},"82":{"start":{"line":138,"column":8},"end":{"line":138,"column":29}},"83":{"start":{"line":139,"column":26},"end":{"line":139,"column":57}},"84":{"start":{"line":140,"column":23},"end":{"line":140,"column":60}},"85":{"start":{"line":141,"column":8},"end":{"line":141,"column":29}},"86":{"start":{"line":142,"column":8},"end":{"line":142,"column":15}},"87":{"start":{"line":147,"column":2},"end":{"line":160,"column":5}},"88":{"start":{"line":148,"column":39},"end":{"line":150,"column":5}},"89":{"start":{"line":151,"column":4},"end":{"line":159,"column":5}},"90":{"start":{"line":152,"column":19},"end":{"line":152,"column":53}},"91":{"start":{"line":153,"column":6},"end":{"line":153,"column":33}},"92":{"start":{"line":155,"column":6},"end":{"line":155,"column":27}},"93":{"start":{"line":156,"column":24},"end":{"line":156,"column":49}},"94":{"start":{"line":157,"column":21},"end":{"line":157,"column":58}},"95":{"start":{"line":158,"column":6},"end":{"line":158,"column":27}},"96":{"start":{"line":162,"column":2},"end":{"line":162,"column":16}}},"fnMap":{"0":{"name":"(anonymous_0)","decl":{"start":{"line":4,"column":17},"end":{"line":4,"column":18}},"loc":{"start":{"line":4,"column":39},"end":{"line":163,"column":1}},"line":4},"1":{"name":"(anonymous_1)","decl":{"start":{"line":7,"column":18},"end":{"line":7,"column":19}},"loc":{"start":{"line":7,"column":44},"end":{"line":65,"column":3}},"line":7},"2":{"name":"(anonymous_2)","decl":{"start":{"line":18,"column":24},"end":{"line":18,"column":25}},"loc":{"start":{"line":18,"column":34},"end":{"line":20,"column":9}},"line":18},"3":{"name":"(anonymous_3)","decl":{"start":{"line":22,"column":25},"end":{"line":22,"column":26}},"loc":{"start":{"line":22,"column":35},"end":{"line":24,"column":9}},"line":22},"4":{"name":"(anonymous_4)","decl":{"start":{"line":28,"column":22},"end":{"line":28,"column":23}},"loc":{"start":{"line":28,"column":32},"end":{"line":30,"column":7}},"line":28},"5":{"name":"(anonymous_5)","decl":{"start":{"line":33,"column":23},"end":{"line":33,"column":24}},"loc":{"start":{"line":33,"column":33},"end":{"line":35,"column":7}},"line":33},"6":{"name":"(anonymous_6)","decl":{"start":{"line":52,"column":36},"end":{"line":52,"column":37}},"loc":{"start":{"line":52,"column":41},"end":{"line":55,"column":7}},"line":52},"7":{"name":"(anonymous_7)","decl":{"start":{"line":67,"column":19},"end":{"line":67,"column":20}},"loc":{"start":{"line":67,"column":45},"end":{"line":118,"column":3}},"line":67},"8":{"name":"(anonymous_8)","decl":{"start":{"line":120,"column":24},"end":{"line":120,"column":25}},"loc":{"start":{"line":120,"column":50},"end":{"line":145,"column":3}},"line":120},"9":{"name":"(anonymous_9)","decl":{"start":{"line":147,"column":23},"end":{"line":147,"column":24}},"loc":{"start":{"line":147,"column":49},"end":{"line":160,"column":3}},"line":147}},"branchMap":{"0":{"loc":{"start":{"line":15,"column":4},"end":{"line":39,"column":5}},"type":"if","locations":[{"start":{"line":15,"column":4},"end":{"line":39,"column":5}},{"start":{"line":15,"column":4},"end":{"line":39,"column":5}}],"line":15},"1":{"loc":{"start":{"line":15,"column":8},"end":{"line":15,"column":57}},"type":"binary-expr","locations":[{"start":{"line":15,"column":8},"end":{"line":15,"column":30}},{"start":{"line":15,"column":34},"end":{"line":15,"column":57}}],"line":15},"2":{"loc":{"start":{"line":17,"column":6},"end":{"line":25,"column":7}},"type":"if","locations":[{"start":{"line":17,"column":6},"end":{"line":25,"column":7}},{"start":{"line":17,"column":6},"end":{"line":25,"column":7}}],"line":17},"3":{"loc":{"start":{"line":19,"column":27},"end":{"line":19,"column":48}},"type":"binary-expr","locations":[{"start":{"line":19,"column":27},"end":{"line":19,"column":38}},{"start":{"line":19,"column":42},"end":{"line":19,"column":48}}],"line":19},"4":{"loc":{"start":{"line":23,"column":24},"end":{"line":23,"column":44}},"type":"binary-expr","locations":[{"start":{"line":23,"column":24},"end":{"line":23,"column":34}},{"start":{"line":23,"column":38},"end":{"line":23,"column":44}}],"line":23},"5":{"loc":{"start":{"line":26,"column":11},"end":{"line":39,"column":5}},"type":"if","locations":[{"start":{"line":26,"column":11},"end":{"line":39,"column":5}},{"start":{"line":26,"column":11},"end":{"line":39,"column":5}}],"line":26},"6":{"loc":{"start":{"line":29,"column":25},"end":{"line":29,"column":51}},"type":"cond-expr","locations":[{"start":{"line":29,"column":34},"end":{"line":29,"column":42}},{"start":{"line":29,"column":45},"end":{"line":29,"column":51}}],"line":29},"7":{"loc":{"start":{"line":31,"column":11},"end":{"line":39,"column":5}},"type":"if","locations":[{"start":{"line":31,"column":11},"end":{"line":39,"column":5}},{"start":{"line":31,"column":11},"end":{"line":39,"column":5}}],"line":31},"8":{"loc":{"start":{"line":34,"column":22},"end":{"line":34,"column":47}},"type":"cond-expr","locations":[{"start":{"line":34,"column":31},"end":{"line":34,"column":38}},{"start":{"line":34,"column":41},"end":{"line":34,"column":47}}],"line":34},"9":{"loc":{"start":{"line":36,"column":11},"end":{"line":39,"column":5}},"type":"if","locations":[{"start":{"line":36,"column":11},"end":{"line":39,"column":5}},{"start":{"line":36,"column":11},"end":{"line":39,"column":5}}],"line":36},"10":{"loc":{"start":{"line":36,"column":15},"end":{"line":36,"column":34}},"type":"binary-expr","locations":[{"start":{"line":36,"column":15},"end":{"line":36,"column":22}},{"start":{"line":36,"column":26},"end":{"line":36,"column":34}}],"line":36},"11":{"loc":{"start":{"line":42,"column":18},"end":{"line":42,"column":27}},"type":"binary-expr","locations":[{"start":{"line":42,"column":18},"end":{"line":42,"column":22}},{"start":{"line":42,"column":26},"end":{"line":42,"column":27}}],"line":42},"12":{"loc":{"start":{"line":43,"column":13},"end":{"line":43,"column":24}},"type":"binary-expr","locations":[{"start":{"line":43,"column":13},"end":{"line":43,"column":18}},{"start":{"line":43,"column":22},"end":{"line":43,"column":24}}],"line":43},"13":{"loc":{"start":{"line":62,"column":21},"end":{"line":62,"column":58}},"type":"cond-expr","locations":[{"start":{"line":62,"column":33},"end":{"line":62,"column":44}},{"start":{"line":62,"column":47},"end":{"line":62,"column":58}}],"line":62},"14":{"loc":{"start":{"line":72,"column":4},"end":{"line":75,"column":5}},"type":"if","locations":[{"start":{"line":72,"column":4},"end":{"line":75,"column":5}},{"start":{"line":72,"column":4},"end":{"line":75,"column":5}}],"line":72},"15":{"loc":{"start":{"line":72,"column":8},"end":{"line":72,"column":72}},"type":"binary-expr","locations":[{"start":{"line":72,"column":8},"end":{"line":72,"column":41}},{"start":{"line":72,"column":45},"end":{"line":72,"column":72}}],"line":72},"16":{"loc":{"start":{"line":78,"column":4},"end":{"line":80,"column":5}},"type":"if","locations":[{"start":{"line":78,"column":4},"end":{"line":80,"column":5}},{"start":{"line":78,"column":4},"end":{"line":80,"column":5}}],"line":78},"17":{"loc":{"start":{"line":78,"column":8},"end":{"line":78,"column":40}},"type":"binary-expr","locations":[{"start":{"line":78,"column":8},"end":{"line":78,"column":16}},{"start":{"line":78,"column":20},"end":{"line":78,"column":40}}],"line":78},"18":{"loc":{"start":{"line":83,"column":4},"end":{"line":85,"column":5}},"type":"if","locations":[{"start":{"line":83,"column":4},"end":{"line":85,"column":5}},{"start":{"line":83,"column":4},"end":{"line":85,"column":5}}],"line":83},"19":{"loc":{"start":{"line":83,"column":8},"end":{"line":83,"column":44}},"type":"binary-expr","locations":[{"start":{"line":83,"column":8},"end":{"line":83,"column":25}},{"start":{"line":83,"column":29},"end":{"line":83,"column":44}}],"line":83},"20":{"loc":{"start":{"line":88,"column":4},"end":{"line":90,"column":5}},"type":"if","locations":[{"start":{"line":88,"column":4},"end":{"line":90,"column":5}},{"start":{"line":88,"column":4},"end":{"line":90,"column":5}}],"line":88},"21":{"loc":{"start":{"line":88,"column":8},"end":{"line":88,"column":65}},"type":"binary-expr","locations":[{"start":{"line":88,"column":8},"end":{"line":88,"column":26}},{"start":{"line":88,"column":30},"end":{"line":88,"column":45}},{"start":{"line":88,"column":49},"end":{"line":88,"column":65}}],"line":88},"22":{"loc":{"start":{"line":92,"column":4},"end":{"line":94,"column":5}},"type":"if","locations":[{"start":{"line":92,"column":4},"end":{"line":94,"column":5}},{"start":{"line":92,"column":4},"end":{"line":94,"column":5}}],"line":92},"23":{"loc":{"start":{"line":96,"column":4},"end":{"line":98,"column":5}},"type":"if","locations":[{"start":{"line":96,"column":4},"end":{"line":98,"column":5}},{"start":{"line":96,"column":4},"end":{"line":98,"column":5}}],"line":96},"24":{"loc":{"start":{"line":100,"column":4},"end":{"line":104,"column":5}},"type":"if","locations":[{"start":{"line":100,"column":4},"end":{"line":104,"column":5}},{"start":{"line":100,"column":4},"end":{"line":104,"column":5}}],"line":100},"25":{"loc":{"start":{"line":115,"column":21},"end":{"line":115,"column":58}},"type":"cond-expr","locations":[{"start":{"line":115,"column":33},"end":{"line":115,"column":44}},{"start":{"line":115,"column":47},"end":{"line":115,"column":58}}],"line":115},"26":{"loc":{"start":{"line":131,"column":6},"end":{"line":143,"column":7}},"type":"if","locations":[{"start":{"line":131,"column":6},"end":{"line":143,"column":7}},{"start":{"line":131,"column":6},"end":{"line":143,"column":7}}],"line":131},"27":{"loc":{"start":{"line":134,"column":23},"end":{"line":134,"column":60}},"type":"cond-expr","locations":[{"start":{"line":134,"column":35},"end":{"line":134,"column":46}},{"start":{"line":134,"column":49},"end":{"line":134,"column":60}}],"line":134},"28":{"loc":{"start":{"line":140,"column":23},"end":{"line":140,"column":60}},"type":"cond-expr","locations":[{"start":{"line":140,"column":35},"end":{"line":140,"column":46}},{"start":{"line":140,"column":49},"end":{"line":140,"column":60}}],"line":140},"29":{"loc":{"start":{"line":157,"column":21},"end":{"line":157,"column":58}},"type":"cond-expr","locations":[{"start":{"line":157,"column":33},"end":{"line":157,"column":44}},{"start":{"line":157,"column":47},"end":{"line":157,"column":58}}],"line":157}},"s":{"0":0,"1":0,"2":0,"3":0,"4":0,"5":0,"6":0,"7":0,"8":0,"9":0,"10":0,"11":0,"12":0,"13":0,"14":0,"15":0,"16":0,"17":0,"18":0,"19":0,"20":0,"21":0,"22":0,"23":0,"24":0,"25":0,"26":0,"27":0,"28":0,"29":0,"30":0,"31":0,"32":0,"33":0,"34":0,"35":0,"36":0,"37":0,"38":0,"39":0,"40":0,"41":0,"42":0,"43":0,"44":0,"45":0,"46":0,"47":0,"48":0,"49":0,"50":0,"51":0,"52":0,"53":0,"54":0,"55":0,"56":0,"57":0,"58":0,"59":0,"60":0,"61":0,"62":0,"63":0,"64":0,"65":0,"66":0,"67":0,"68":0,"69":0,"70":0,"71":0,"72":0,"73":0,"74":0,"75":0,"76":0,"77":0,"78":0,"79":0,"80":0,"81":0,"82":0,"83":0,"84":0,"85":0,"86":0,"87":0,"88":0,"89":0,"90":0,"91":0,"92":0,"93":0,"94":0,"95":0,"96":0},"f":{"0":0,"1":0,"2":0,"3":0,"4":0,"5":0,"6":0,"7":0,"8":0,"9":0},"b":{"0":[0,0],"1":[0,0],"2":[0,0],"3":[0,0],"4":[0,0],"5":[0,0],"6":[0,0],"7":[0,0],"8":[0,0],"9":[0,0],"10":[0,0],"11":[0,0],"12":[0,0],"13":[0,0],"14":[0,0],"15":[0,0],"16":[0,0],"17":[0,0],"18":[0,0],"19":[0,0],"20":[0,0],"21":[0,0,0],"22":[0,0],"23":[0,0],"24":[0,0],"25":[0,0],"26":[0,0],"27":[0,0],"28":[0,0],"29":[0,0]}},"/Users/emiliedion/Desktop/git/A2019/LOG4420-TP3/routes/team.js":{"path":"/Users/emiliedion/Desktop/git/A2019/LOG4420-TP3/routes/team.js","statementMap":{"0":{"start":{"line":1,"column":16},"end":{"line":1,"column":34}},"1":{"start":{"line":2,"column":15},"end":{"line":2,"column":31}},"2":{"start":{"line":3,"column":14},"end":{"line":3,"column":35}},"3":{"start":{"line":4,"column":12},"end":{"line":4,"column":48}},"4":{"start":{"line":6,"column":0},"end":{"line":17,"column":2}},"5":{"start":{"line":7,"column":20},"end":{"line":7,"column":75}},"6":{"start":{"line":9,"column":4},"end":{"line":15,"column":11}},"7":{"start":{"line":10,"column":26},"end":{"line":10,"column":41}},"8":{"start":{"line":12,"column":12},"end":{"line":14,"column":15}},"9":{"start":{"line":13,"column":16},"end":{"line":13,"column":48}},"10":{"start":{"line":19,"column":0},"end":{"line":19,"column":23}}},"fnMap":{"0":{"name":"(anonymous_0)","decl":{"start":{"line":6,"column":16},"end":{"line":6,"column":17}},"loc":{"start":{"line":6,"column":36},"end":{"line":17,"column":1}},"line":6},"1":{"name":"(anonymous_1)","decl":{"start":{"line":10,"column":14},"end":{"line":10,"column":15}},"loc":{"start":{"line":10,"column":26},"end":{"line":10,"column":41}},"line":10},"2":{"name":"(anonymous_2)","decl":{"start":{"line":11,"column":14},"end":{"line":11,"column":15}},"loc":{"start":{"line":11,"column":25},"end":{"line":15,"column":9}},"line":11},"3":{"name":"(anonymous_3)","decl":{"start":{"line":12,"column":64},"end":{"line":12,"column":65}},"loc":{"start":{"line":12,"column":79},"end":{"line":14,"column":13}},"line":12}},"branchMap":{"0":{"loc":{"start":{"line":13,"column":16},"end":{"line":13,"column":48}},"type":"cond-expr","locations":[{"start":{"line":13,"column":22},"end":{"line":13,"column":31}},{"start":{"line":13,"column":34},"end":{"line":13,"column":48}}],"line":13}},"s":{"0":0,"1":0,"2":0,"3":0,"4":0,"5":0,"6":0,"7":0,"8":0,"9":0,"10":0},"f":{"0":0,"1":0,"2":0,"3":0},"b":{"0":[0,0]}},"/Users/emiliedion/Desktop/git/A2019/LOG4420-TP3/services/feed.js":{"path":"/Users/emiliedion/Desktop/git/A2019/LOG4420-TP3/services/feed.js","statementMap":{"0":{"start":{"line":1,"column":14},"end":{"line":1,"column":30}},"1":{"start":{"line":20,"column":17},"end":{"line":30,"column":1}},"2":{"start":{"line":20,"column":32},"end":{"line":30,"column":1}},"3":{"start":{"line":20,"column":50},"end":{"line":30,"column":1}},"4":{"start":{"line":20,"column":62},"end":{"line":30,"column":1}},"5":{"start":{"line":20,"column":74},"end":{"line":30,"column":1}},"6":{"start":{"line":21,"column":23},"end":{"line":21,"column":90}},"7":{"start":{"line":23,"column":2},"end":{"line":29,"column":4}},"8":{"start":{"line":24,"column":4},"end":{"line":28,"column":5}},"9":{"start":{"line":25,"column":6},"end":{"line":25,"column":25}},"10":{"start":{"line":27,"column":6},"end":{"line":27,"column":53}},"11":{"start":{"line":40,"column":37},"end":{"line":45,"column":1}},"12":{"start":{"line":41,"column":16},"end":{"line":43,"column":50}},"13":{"start":{"line":42,"column":42},"end":{"line":42,"column":73}},"14":{"start":{"line":43,"column":22},"end":{"line":43,"column":49}},"15":{"start":{"line":44,"column":2},"end":{"line":44,"column":23}},"16":{"start":{"line":47,"column":0},"end":{"line":51,"column":1}},"17":{"start":{"line":48,"column":2},"end":{"line":50,"column":3}}},"fnMap":{"0":{"name":"(anonymous_0)","decl":{"start":{"line":20,"column":17},"end":{"line":20,"column":18}},"loc":{"start":{"line":20,"column":32},"end":{"line":30,"column":1}},"line":20},"1":{"name":"(anonymous_1)","decl":{"start":{"line":20,"column":32},"end":{"line":20,"column":33}},"loc":{"start":{"line":20,"column":50},"end":{"line":30,"column":1}},"line":20},"2":{"name":"(anonymous_2)","decl":{"start":{"line":20,"column":50},"end":{"line":20,"column":51}},"loc":{"start":{"line":20,"column":62},"end":{"line":30,"column":1}},"line":20},"3":{"name":"(anonymous_3)","decl":{"start":{"line":20,"column":62},"end":{"line":20,"column":63}},"loc":{"start":{"line":20,"column":74},"end":{"line":30,"column":1}},"line":20},"4":{"name":"(anonymous_4)","decl":{"start":{"line":20,"column":74},"end":{"line":20,"column":75}},"loc":{"start":{"line":20,"column":86},"end":{"line":30,"column":1}},"line":20},"5":{"name":"(anonymous_5)","decl":{"start":{"line":23,"column":102},"end":{"line":23,"column":103}},"loc":{"start":{"line":23,"column":120},"end":{"line":29,"column":3}},"line":23},"6":{"name":"(anonymous_6)","decl":{"start":{"line":40,"column":37},"end":{"line":40,"column":38}},"loc":{"start":{"line":40,"column":60},"end":{"line":45,"column":1}},"line":40},"7":{"name":"(anonymous_7)","decl":{"start":{"line":42,"column":12},"end":{"line":42,"column":13}},"loc":{"start":{"line":42,"column":42},"end":{"line":42,"column":73}},"line":42},"8":{"name":"(anonymous_8)","decl":{"start":{"line":43,"column":10},"end":{"line":43,"column":11}},"loc":{"start":{"line":43,"column":22},"end":{"line":43,"column":49}},"line":43},"9":{"name":"(anonymous_9)","decl":{"start":{"line":47,"column":17},"end":{"line":47,"column":18}},"loc":{"start":{"line":47,"column":50},"end":{"line":51,"column":1}},"line":47}},"branchMap":{"0":{"loc":{"start":{"line":24,"column":4},"end":{"line":28,"column":5}},"type":"if","locations":[{"start":{"line":24,"column":4},"end":{"line":28,"column":5}},{"start":{"line":24,"column":4},"end":{"line":28,"column":5}}],"line":24}},"s":{"0":0,"1":0,"2":0,"3":0,"4":0,"5":0,"6":0,"7":0,"8":0,"9":0,"10":0,"11":0,"12":0,"13":0,"14":0,"15":0,"16":0,"17":0},"f":{"0":0,"1":0,"2":0,"3":0,"4":0,"5":0,"6":0,"7":0,"8":0,"9":0},"b":{"0":[0,0]}},"/Users/emiliedion/Desktop/git/A2019/LOG4420-TP3/services/mongo/factory.js":{"path":"/Users/emiliedion/Desktop/git/A2019/LOG4420-TP3/services/mongo/factory.js","statementMap":{"0":{"start":{"line":1,"column":0},"end":{"line":10,"column":1}},"1":{"start":{"line":2,"column":2},"end":{"line":9,"column":3}}},"fnMap":{"0":{"name":"(anonymous_0)","decl":{"start":{"line":1,"column":17},"end":{"line":1,"column":18}},"loc":{"start":{"line":1,"column":23},"end":{"line":10,"column":1}},"line":1}},"branchMap":{},"s":{"0":0,"1":0},"f":{"0":0},"b":{}},"/Users/emiliedion/Desktop/git/A2019/LOG4420-TP3/services/mongo/news.js":{"path":"/Users/emiliedion/Desktop/git/A2019/LOG4420-TP3/services/mongo/news.js","statementMap":{"0":{"start":{"line":1,"column":15},"end":{"line":1,"column":32}},"1":{"start":{"line":2,"column":27},"end":{"line":2,"column":46}},"2":{"start":{"line":19,"column":16},"end":{"line":38,"column":1}},"3":{"start":{"line":19,"column":22},"end":{"line":38,"column":1}},"4":{"start":{"line":19,"column":34},"end":{"line":38,"column":1}},"5":{"start":{"line":20,"column":2},"end":{"line":36,"column":5}},"6":{"start":{"line":21,"column":4},"end":{"line":35,"column":5}},"7":{"start":{"line":21,"column":13},"end":{"line":21,"column":32}},"8":{"start":{"line":23,"column":19},"end":{"line":33,"column":10}},"9":{"start":{"line":25,"column":33},"end":{"line":25,"column":65}},"10":{"start":{"line":26,"column":35},"end":{"line":26,"column":86}},"11":{"start":{"line":27,"column":10},"end":{"line":32,"column":11}},"12":{"start":{"line":34,"column":6},"end":{"line":34,"column":26}},"13":{"start":{"line":40,"column":0},"end":{"line":44,"column":1}},"14":{"start":{"line":41,"column":2},"end":{"line":43,"column":3}}},"fnMap":{"0":{"name":"(anonymous_0)","decl":{"start":{"line":19,"column":16},"end":{"line":19,"column":17}},"loc":{"start":{"line":19,"column":22},"end":{"line":38,"column":1}},"line":19},"1":{"name":"(anonymous_1)","decl":{"start":{"line":19,"column":22},"end":{"line":19,"column":23}},"loc":{"start":{"line":19,"column":34},"end":{"line":38,"column":1}},"line":19},"2":{"name":"(anonymous_2)","decl":{"start":{"line":19,"column":34},"end":{"line":19,"column":35}},"loc":{"start":{"line":19,"column":46},"end":{"line":38,"column":1}},"line":19},"3":{"name":"(anonymous_3)","decl":{"start":{"line":20,"column":39},"end":{"line":20,"column":40}},"loc":{"start":{"line":20,"column":54},"end":{"line":36,"column":3}},"line":20},"4":{"name":"(anonymous_4)","decl":{"start":{"line":24,"column":13},"end":{"line":24,"column":14}},"loc":{"start":{"line":24,"column":18},"end":{"line":33,"column":9}},"line":24},"5":{"name":"(anonymous_5)","decl":{"start":{"line":40,"column":17},"end":{"line":40,"column":18}},"loc":{"start":{"line":40,"column":23},"end":{"line":44,"column":1}},"line":40}},"branchMap":{"0":{"loc":{"start":{"line":21,"column":4},"end":{"line":35,"column":5}},"type":"if","locations":[{"start":{"line":21,"column":4},"end":{"line":35,"column":5}},{"start":{"line":21,"column":4},"end":{"line":35,"column":5}}],"line":21},"1":{"loc":{"start":{"line":23,"column":20},"end":{"line":23,"column":47}},"type":"cond-expr","locations":[{"start":{"line":23,"column":38},"end":{"line":23,"column":40}},{"start":{"line":23,"column":43},"end":{"line":23,"column":47}}],"line":23}},"s":{"0":0,"1":0,"2":0,"3":0,"4":0,"5":0,"6":0,"7":0,"8":0,"9":0,"10":0,"11":0,"12":0,"13":0,"14":0},"f":{"0":0,"1":0,"2":0,"3":0,"4":0,"5":0},"b":{"0":[0,0],"1":[0,0]}},"/Users/emiliedion/Desktop/git/A2019/LOG4420-TP3/services/mongo/projects.js":{"path":"/Users/emiliedion/Desktop/git/A2019/LOG4420-TP3/services/mongo/projects.js","statementMap":{"0":{"start":{"line":1,"column":27},"end":{"line":1,"column":46}},"1":{"start":{"line":2,"column":17},"end":{"line":2,"column":44}},"2":{"start":{"line":19,"column":20},"end":{"line":44,"column":1}},"3":{"start":{"line":19,"column":26},"end":{"line":44,"column":1}},"4":{"start":{"line":19,"column":38},"end":{"line":44,"column":1}},"5":{"start":{"line":20,"column":2},"end":{"line":43,"column":7}},"6":{"start":{"line":23,"column":6},"end":{"line":42,"column":7}},"7":{"start":{"line":23,"column":15},"end":{"line":23,"column":35}},"8":{"start":{"line":25,"column":24},"end":{"line":40,"column":12}},"9":{"start":{"line":28,"column":36},"end":{"line":28,"column":75}},"10":{"start":{"line":29,"column":42},"end":{"line":32,"column":13}},"11":{"start":{"line":33,"column":12},"end":{"line":39,"column":14}},"12":{"start":{"line":41,"column":8},"end":{"line":41,"column":32}},"13":{"start":{"line":63,"column":23},"end":{"line":84,"column":1}},"14":{"start":{"line":63,"column":29},"end":{"line":84,"column":1}},"15":{"start":{"line":63,"column":47},"end":{"line":84,"column":1}},"16":{"start":{"line":63,"column":59},"end":{"line":84,"column":1}},"17":{"start":{"line":63,"column":65},"end":{"line":84,"column":1}},"18":{"start":{"line":64,"column":2},"end":{"line":83,"column":5}},"19":{"start":{"line":65,"column":4},"end":{"line":82,"column":5}},"20":{"start":{"line":65,"column":13},"end":{"line":65,"column":33}},"21":{"start":{"line":67,"column":6},"end":{"line":81,"column":7}},"22":{"start":{"line":68,"column":8},"end":{"line":68,"column":64}},"23":{"start":{"line":69,"column":8},"end":{"line":69,"column":76}},"24":{"start":{"line":70,"column":8},"end":{"line":70,"column":32}},"25":{"start":{"line":73,"column":10},"end":{"line":77,"column":65}},"26":{"start":{"line":78,"column":22},"end":{"line":78,"column":41}},"27":{"start":{"line":79,"column":8},"end":{"line":79,"column":33}},"28":{"start":{"line":80,"column":8},"end":{"line":80,"column":30}},"29":{"start":{"line":86,"column":0},"end":{"line":91,"column":2}},"30":{"start":{"line":87,"column":2},"end":{"line":90,"column":4}}},"fnMap":{"0":{"name":"(anonymous_0)","decl":{"start":{"line":19,"column":20},"end":{"line":19,"column":21}},"loc":{"start":{"line":19,"column":26},"end":{"line":44,"column":1}},"line":19},"1":{"name":"(anonymous_1)","decl":{"start":{"line":19,"column":26},"end":{"line":19,"column":27}},"loc":{"start":{"line":19,"column":38},"end":{"line":44,"column":1}},"line":19},"2":{"name":"(anonymous_2)","decl":{"start":{"line":19,"column":38},"end":{"line":19,"column":39}},"loc":{"start":{"line":19,"column":50},"end":{"line":44,"column":1}},"line":19},"3":{"name":"(anonymous_3)","decl":{"start":{"line":22,"column":13},"end":{"line":22,"column":14}},"loc":{"start":{"line":22,"column":28},"end":{"line":43,"column":5}},"line":22},"4":{"name":"(anonymous_4)","decl":{"start":{"line":27,"column":15},"end":{"line":27,"column":16}},"loc":{"start":{"line":27,"column":26},"end":{"line":40,"column":11}},"line":27},"5":{"name":"(anonymous_5)","decl":{"start":{"line":63,"column":23},"end":{"line":63,"column":24}},"loc":{"start":{"line":63,"column":29},"end":{"line":84,"column":1}},"line":63},"6":{"name":"(anonymous_6)","decl":{"start":{"line":63,"column":29},"end":{"line":63,"column":30}},"loc":{"start":{"line":63,"column":47},"end":{"line":84,"column":1}},"line":63},"7":{"name":"(anonymous_7)","decl":{"start":{"line":63,"column":47},"end":{"line":63,"column":48}},"loc":{"start":{"line":63,"column":59},"end":{"line":84,"column":1}},"line":63},"8":{"name":"(anonymous_8)","decl":{"start":{"line":63,"column":59},"end":{"line":63,"column":60}},"loc":{"start":{"line":63,"column":65},"end":{"line":84,"column":1}},"line":63},"9":{"name":"(anonymous_9)","decl":{"start":{"line":63,"column":65},"end":{"line":63,"column":66}},"loc":{"start":{"line":63,"column":77},"end":{"line":84,"column":1}},"line":63},"10":{"name":"(anonymous_10)","decl":{"start":{"line":64,"column":49},"end":{"line":64,"column":50}},"loc":{"start":{"line":64,"column":67},"end":{"line":83,"column":3}},"line":64},"11":{"name":"(anonymous_11)","decl":{"start":{"line":86,"column":17},"end":{"line":86,"column":18}},"loc":{"start":{"line":86,"column":23},"end":{"line":91,"column":1}},"line":86}},"branchMap":{"0":{"loc":{"start":{"line":23,"column":6},"end":{"line":42,"column":7}},"type":"if","locations":[{"start":{"line":23,"column":6},"end":{"line":42,"column":7}},{"start":{"line":23,"column":6},"end":{"line":42,"column":7}}],"line":23},"1":{"loc":{"start":{"line":25,"column":25},"end":{"line":25,"column":50}},"type":"cond-expr","locations":[{"start":{"line":25,"column":41},"end":{"line":25,"column":43}},{"start":{"line":25,"column":46},"end":{"line":25,"column":50}}],"line":25},"2":{"loc":{"start":{"line":38,"column":16},"end":{"line":38,"column":78}},"type":"cond-expr","locations":[{"start":{"line":38,"column":53},"end":{"line":38,"column":55}},{"start":{"line":38,"column":58},"end":{"line":38,"column":78}}],"line":38},"3":{"loc":{"start":{"line":65,"column":4},"end":{"line":82,"column":5}},"type":"if","locations":[{"start":{"line":65,"column":4},"end":{"line":82,"column":5}},{"start":{"line":65,"column":4},"end":{"line":82,"column":5}}],"line":65},"4":{"loc":{"start":{"line":67,"column":6},"end":{"line":81,"column":7}},"type":"if","locations":[{"start":{"line":67,"column":6},"end":{"line":81,"column":7}},{"start":{"line":67,"column":6},"end":{"line":81,"column":7}}],"line":67},"5":{"loc":{"start":{"line":73,"column":10},"end":{"line":77,"column":65}},"type":"cond-expr","locations":[{"start":{"line":76,"column":14},"end":{"line":76,"column":31}},{"start":{"line":77,"column":14},"end":{"line":77,"column":65}}],"line":73},"6":{"loc":{"start":{"line":73,"column":10},"end":{"line":75,"column":75}},"type":"binary-expr","locations":[{"start":{"line":73,"column":10},"end":{"line":73,"column":38}},{"start":{"line":74,"column":10},"end":{"line":74,"column":50}},{"start":{"line":75,"column":10},"end":{"line":75,"column":75}}],"line":73}},"s":{"0":0,"1":0,"2":0,"3":0,"4":0,"5":0,"6":0,"7":0,"8":0,"9":0,"10":0,"11":0,"12":0,"13":0,"14":0,"15":0,"16":0,"17":0,"18":0,"19":0,"20":0,"21":0,"22":0,"23":0,"24":0,"25":0,"26":0,"27":0,"28":0,"29":0,"30":0},"f":{"0":0,"1":0,"2":0,"3":0,"4":0,"5":0,"6":0,"7":0,"8":0,"9":0,"10":0,"11":0},"b":{"0":[0,0],"1":[0,0],"2":[0,0],"3":[0,0],"4":[0,0],"5":[0,0],"6":[0,0,0]}},"/Users/emiliedion/Desktop/git/A2019/LOG4420-TP3/services/mongo/publication.js":{"path":"/Users/emiliedion/Desktop/git/A2019/LOG4420-TP3/services/mongo/publication.js","statementMap":{"0":{"start":{"line":1,"column":15},"end":{"line":1,"column":32}},"1":{"start":{"line":2,"column":16},"end":{"line":2,"column":34}},"2":{"start":{"line":18,"column":32},"end":{"line":27,"column":1}},"3":{"start":{"line":18,"column":38},"end":{"line":27,"column":1}},"4":{"start":{"line":19,"column":2},"end":{"line":26,"column":7}},"5":{"start":{"line":22,"column":6},"end":{"line":25,"column":7}},"6":{"start":{"line":22,"column":15},"end":{"line":22,"column":35}},"7":{"start":{"line":24,"column":8},"end":{"line":24,"column":29}},"8":{"start":{"line":50,"column":24},"end":{"line":78,"column":1}},"9":{"start":{"line":50,"column":30},"end":{"line":78,"column":1}},"10":{"start":{"line":50,"column":44},"end":{"line":78,"column":1}},"11":{"start":{"line":51,"column":17},"end":{"line":54,"column":8}},"12":{"start":{"line":52,"column":4},"end":{"line":52,"column":41}},"13":{"start":{"line":53,"column":4},"end":{"line":53,"column":16}},"14":{"start":{"line":56,"column":2},"end":{"line":77,"column":7}},"15":{"start":{"line":62,"column":6},"end":{"line":76,"column":7}},"16":{"start":{"line":62,"column":15},"end":{"line":62,"column":35}},"17":{"start":{"line":64,"column":29},"end":{"line":74,"column":10}},"18":{"start":{"line":65,"column":10},"end":{"line":73,"column":12}},"19":{"start":{"line":75,"column":8},"end":{"line":75,"column":37}},"20":{"start":{"line":95,"column":26},"end":{"line":99,"column":1}},"21":{"start":{"line":95,"column":32},"end":{"line":99,"column":1}},"22":{"start":{"line":95,"column":47},"end":{"line":99,"column":1}},"23":{"start":{"line":96,"column":2},"end":{"line":98,"column":5}},"24":{"start":{"line":97,"column":4},"end":{"line":97,"column":60}},"25":{"start":{"line":108,"column":26},"end":{"line":115,"column":1}},"26":{"start":{"line":108,"column":32},"end":{"line":115,"column":1}},"27":{"start":{"line":108,"column":38},"end":{"line":115,"column":1}},"28":{"start":{"line":109,"column":2},"end":{"line":114,"column":4}},"29":{"start":{"line":112,"column":6},"end":{"line":112,"column":62}},"30":{"start":{"line":132,"column":29},"end":{"line":141,"column":1}},"31":{"start":{"line":132,"column":35},"end":{"line":141,"column":1}},"32":{"start":{"line":132,"column":45},"end":{"line":141,"column":1}},"33":{"start":{"line":133,"column":2},"end":{"line":140,"column":7}},"34":{"start":{"line":136,"column":6},"end":{"line":139,"column":7}},"35":{"start":{"line":136,"column":15},"end":{"line":136,"column":35}},"36":{"start":{"line":138,"column":8},"end":{"line":138,"column":76}},"37":{"start":{"line":138,"column":46},"end":{"line":138,"column":72}},"38":{"start":{"line":143,"column":0},"end":{"line":151,"column":2}},"39":{"start":{"line":144,"column":2},"end":{"line":150,"column":4}}},"fnMap":{"0":{"name":"(anonymous_0)","decl":{"start":{"line":18,"column":32},"end":{"line":18,"column":33}},"loc":{"start":{"line":18,"column":38},"end":{"line":27,"column":1}},"line":18},"1":{"name":"(anonymous_1)","decl":{"start":{"line":18,"column":38},"end":{"line":18,"column":39}},"loc":{"start":{"line":18,"column":50},"end":{"line":27,"column":1}},"line":18},"2":{"name":"(anonymous_2)","decl":{"start":{"line":21,"column":11},"end":{"line":21,"column":12}},"loc":{"start":{"line":21,"column":26},"end":{"line":26,"column":5}},"line":21},"3":{"name":"(anonymous_3)","decl":{"start":{"line":50,"column":24},"end":{"line":50,"column":25}},"loc":{"start":{"line":50,"column":30},"end":{"line":78,"column":1}},"line":50},"4":{"name":"(anonymous_4)","decl":{"start":{"line":50,"column":30},"end":{"line":50,"column":31}},"loc":{"start":{"line":50,"column":44},"end":{"line":78,"column":1}},"line":50},"5":{"name":"(anonymous_5)","decl":{"start":{"line":50,"column":44},"end":{"line":50,"column":45}},"loc":{"start":{"line":50,"column":56},"end":{"line":78,"column":1}},"line":50},"6":{"name":"(anonymous_6)","decl":{"start":{"line":51,"column":43},"end":{"line":51,"column":44}},"loc":{"start":{"line":51,"column":56},"end":{"line":54,"column":3}},"line":51},"7":{"name":"(anonymous_7)","decl":{"start":{"line":61,"column":13},"end":{"line":61,"column":14}},"loc":{"start":{"line":61,"column":28},"end":{"line":77,"column":5}},"line":61},"8":{"name":"(anonymous_8)","decl":{"start":{"line":64,"column":61},"end":{"line":64,"column":62}},"loc":{"start":{"line":64,"column":76},"end":{"line":74,"column":9}},"line":64},"9":{"name":"(anonymous_9)","decl":{"start":{"line":95,"column":26},"end":{"line":95,"column":27}},"loc":{"start":{"line":95,"column":32},"end":{"line":99,"column":1}},"line":95},"10":{"name":"(anonymous_10)","decl":{"start":{"line":95,"column":32},"end":{"line":95,"column":33}},"loc":{"start":{"line":95,"column":47},"end":{"line":99,"column":1}},"line":95},"11":{"name":"(anonymous_11)","decl":{"start":{"line":95,"column":47},"end":{"line":95,"column":48}},"loc":{"start":{"line":95,"column":59},"end":{"line":99,"column":1}},"line":95},"12":{"name":"(anonymous_12)","decl":{"start":{"line":96,"column":55},"end":{"line":96,"column":56}},"loc":{"start":{"line":96,"column":77},"end":{"line":98,"column":3}},"line":96},"13":{"name":"(anonymous_13)","decl":{"start":{"line":108,"column":26},"end":{"line":108,"column":27}},"loc":{"start":{"line":108,"column":32},"end":{"line":115,"column":1}},"line":108},"14":{"name":"(anonymous_14)","decl":{"start":{"line":108,"column":32},"end":{"line":108,"column":33}},"loc":{"start":{"line":108,"column":38},"end":{"line":115,"column":1}},"line":108},"15":{"name":"(anonymous_15)","decl":{"start":{"line":108,"column":38},"end":{"line":108,"column":39}},"loc":{"start":{"line":108,"column":50},"end":{"line":115,"column":1}},"line":108},"16":{"name":"(anonymous_16)","decl":{"start":{"line":111,"column":4},"end":{"line":111,"column":5}},"loc":{"start":{"line":111,"column":26},"end":{"line":113,"column":5}},"line":111},"17":{"name":"(anonymous_17)","decl":{"start":{"line":132,"column":29},"end":{"line":132,"column":30}},"loc":{"start":{"line":132,"column":35},"end":{"line":141,"column":1}},"line":132},"18":{"name":"(anonymous_18)","decl":{"start":{"line":132,"column":35},"end":{"line":132,"column":36}},"loc":{"start":{"line":132,"column":45},"end":{"line":141,"column":1}},"line":132},"19":{"name":"(anonymous_19)","decl":{"start":{"line":132,"column":45},"end":{"line":132,"column":46}},"loc":{"start":{"line":132,"column":57},"end":{"line":141,"column":1}},"line":132},"20":{"name":"(anonymous_20)","decl":{"start":{"line":135,"column":13},"end":{"line":135,"column":14}},"loc":{"start":{"line":135,"column":28},"end":{"line":140,"column":5}},"line":135},"21":{"name":"(anonymous_21)","decl":{"start":{"line":138,"column":33},"end":{"line":138,"column":34}},"loc":{"start":{"line":138,"column":46},"end":{"line":138,"column":72}},"line":138},"22":{"name":"(anonymous_22)","decl":{"start":{"line":143,"column":17},"end":{"line":143,"column":18}},"loc":{"start":{"line":143,"column":23},"end":{"line":151,"column":1}},"line":143}},"branchMap":{"0":{"loc":{"start":{"line":22,"column":6},"end":{"line":25,"column":7}},"type":"if","locations":[{"start":{"line":22,"column":6},"end":{"line":25,"column":7}},{"start":{"line":22,"column":6},"end":{"line":25,"column":7}}],"line":22},"1":{"loc":{"start":{"line":52,"column":17},"end":{"line":52,"column":40}},"type":"cond-expr","locations":[{"start":{"line":52,"column":34},"end":{"line":52,"column":35}},{"start":{"line":52,"column":38},"end":{"line":52,"column":40}}],"line":52},"2":{"loc":{"start":{"line":62,"column":6},"end":{"line":76,"column":7}},"type":"if","locations":[{"start":{"line":62,"column":6},"end":{"line":76,"column":7}},{"start":{"line":62,"column":6},"end":{"line":76,"column":7}}],"line":62},"3":{"loc":{"start":{"line":64,"column":30},"end":{"line":64,"column":55}},"type":"cond-expr","locations":[{"start":{"line":64,"column":46},"end":{"line":64,"column":48}},{"start":{"line":64,"column":51},"end":{"line":64,"column":55}}],"line":64},"4":{"loc":{"start":{"line":68,"column":14},"end":{"line":72,"column":35}},"type":"cond-expr","locations":[{"start":{"line":69,"column":18},"end":{"line":69,"column":27}},{"start":{"line":70,"column":18},"end":{"line":72,"column":35}}],"line":68},"5":{"loc":{"start":{"line":97,"column":4},"end":{"line":97,"column":59}},"type":"cond-expr","locations":[{"start":{"line":97,"column":10},"end":{"line":97,"column":29}},{"start":{"line":97,"column":32},"end":{"line":97,"column":59}}],"line":97},"6":{"loc":{"start":{"line":112,"column":6},"end":{"line":112,"column":61}},"type":"cond-expr","locations":[{"start":{"line":112,"column":12},"end":{"line":112,"column":31}},{"start":{"line":112,"column":34},"end":{"line":112,"column":61}}],"line":112},"7":{"loc":{"start":{"line":136,"column":6},"end":{"line":139,"column":7}},"type":"if","locations":[{"start":{"line":136,"column":6},"end":{"line":139,"column":7}},{"start":{"line":136,"column":6},"end":{"line":139,"column":7}}],"line":136},"8":{"loc":{"start":{"line":138,"column":46},"end":{"line":138,"column":72}},"type":"cond-expr","locations":[{"start":{"line":138,"column":66},"end":{"line":138,"column":67}},{"start":{"line":138,"column":70},"end":{"line":138,"column":72}}],"line":138}},"s":{"0":0,"1":0,"2":0,"3":0,"4":0,"5":0,"6":0,"7":0,"8":0,"9":0,"10":0,"11":0,"12":0,"13":0,"14":0,"15":0,"16":0,"17":0,"18":0,"19":0,"20":0,"21":0,"22":0,"23":0,"24":0,"25":0,"26":0,"27":0,"28":0,"29":0,"30":0,"31":0,"32":0,"33":0,"34":0,"35":0,"36":0,"37":0,"38":0,"39":0},"f":{"0":0,"1":0,"2":0,"3":0,"4":0,"5":0,"6":0,"7":0,"8":0,"9":0,"10":0,"11":0,"12":0,"13":0,"14":0,"15":0,"16":0,"17":0,"18":0,"19":0,"20":0,"21":0,"22":0},"b":{"0":[0,0],"1":[0,0],"2":[0,0],"3":[0,0],"4":[0,0],"5":[0,0],"6":[0,0],"7":[0,0],"8":[0,0]}},"/Users/emiliedion/Desktop/git/A2019/LOG4420-TP3/services/mongo/seminar.js":{"path":"/Users/emiliedion/Desktop/git/A2019/LOG4420-TP3/services/mongo/seminar.js","statementMap":{"0":{"start":{"line":1,"column":15},"end":{"line":1,"column":32}},"1":{"start":{"line":2,"column":27},"end":{"line":2,"column":46}},"2":{"start":{"line":21,"column":20},"end":{"line":47,"column":1}},"3":{"start":{"line":21,"column":26},"end":{"line":47,"column":1}},"4":{"start":{"line":21,"column":35},"end":{"line":47,"column":1}},"5":{"start":{"line":21,"column":47},"end":{"line":47,"column":1}},"6":{"start":{"line":22,"column":2},"end":{"line":46,"column":4}},"7":{"start":{"line":23,"column":4},"end":{"line":45,"column":5}},"8":{"start":{"line":24,"column":6},"end":{"line":24,"column":25}},"9":{"start":{"line":26,"column":23},"end":{"line":40,"column":10}},"10":{"start":{"line":28,"column":34},"end":{"line":28,"column":67}},"11":{"start":{"line":29,"column":40},"end":{"line":29,"column":79}},"12":{"start":{"line":30,"column":26},"end":{"line":30,"column":72}},"13":{"start":{"line":31,"column":35},"end":{"line":31,"column":86}},"14":{"start":{"line":32,"column":10},"end":{"line":39,"column":11}},"15":{"start":{"line":42,"column":30},"end":{"line":42,"column":84}},"16":{"start":{"line":43,"column":34},"end":{"line":43,"column":86}},"17":{"start":{"line":43,"column":69},"end":{"line":43,"column":75}},"18":{"start":{"line":44,"column":6},"end":{"line":44,"column":41}},"19":{"start":{"line":58,"column":33},"end":{"line":64,"column":1}},"20":{"start":{"line":58,"column":42},"end":{"line":64,"column":1}},"21":{"start":{"line":59,"column":2},"end":{"line":63,"column":3}},"22":{"start":{"line":60,"column":4},"end":{"line":60,"column":52}},"23":{"start":{"line":60,"column":32},"end":{"line":60,"column":51}},"24":{"start":{"line":62,"column":4},"end":{"line":62,"column":19}},"25":{"start":{"line":75,"column":21},"end":{"line":85,"column":1}},"26":{"start":{"line":75,"column":30},"end":{"line":85,"column":1}},"27":{"start":{"line":76,"column":25},"end":{"line":79,"column":63}},"28":{"start":{"line":80,"column":2},"end":{"line":84,"column":3}},"29":{"start":{"line":81,"column":4},"end":{"line":81,"column":81}},"30":{"start":{"line":81,"column":37},"end":{"line":81,"column":80}},"31":{"start":{"line":83,"column":4},"end":{"line":83,"column":19}},"32":{"start":{"line":95,"column":16},"end":{"line":103,"column":1}},"33":{"start":{"line":95,"column":25},"end":{"line":103,"column":1}},"34":{"start":{"line":95,"column":31},"end":{"line":103,"column":1}},"35":{"start":{"line":96,"column":2},"end":{"line":102,"column":3}},"36":{"start":{"line":97,"column":4},"end":{"line":97,"column":43}},"37":{"start":{"line":98,"column":9},"end":{"line":102,"column":3}},"38":{"start":{"line":99,"column":4},"end":{"line":99,"column":43}},"39":{"start":{"line":101,"column":4},"end":{"line":101,"column":12}},"40":{"start":{"line":105,"column":0},"end":{"line":109,"column":1}},"41":{"start":{"line":106,"column":2},"end":{"line":108,"column":3}}},"fnMap":{"0":{"name":"(anonymous_0)","decl":{"start":{"line":21,"column":20},"end":{"line":21,"column":21}},"loc":{"start":{"line":21,"column":26},"end":{"line":47,"column":1}},"line":21},"1":{"name":"(anonymous_1)","decl":{"start":{"line":21,"column":26},"end":{"line":21,"column":27}},"loc":{"start":{"line":21,"column":35},"end":{"line":47,"column":1}},"line":21},"2":{"name":"(anonymous_2)","decl":{"start":{"line":21,"column":35},"end":{"line":21,"column":36}},"loc":{"start":{"line":21,"column":47},"end":{"line":47,"column":1}},"line":21},"3":{"name":"(anonymous_3)","decl":{"start":{"line":21,"column":47},"end":{"line":21,"column":48}},"loc":{"start":{"line":21,"column":59},"end":{"line":47,"column":1}},"line":21},"4":{"name":"(anonymous_4)","decl":{"start":{"line":22,"column":43},"end":{"line":22,"column":44}},"loc":{"start":{"line":22,"column":58},"end":{"line":46,"column":3}},"line":22},"5":{"name":"(anonymous_5)","decl":{"start":{"line":27,"column":13},"end":{"line":27,"column":14}},"loc":{"start":{"line":27,"column":18},"end":{"line":40,"column":9}},"line":27},"6":{"name":"(anonymous_6)","decl":{"start":{"line":43,"column":57},"end":{"line":43,"column":58}},"loc":{"start":{"line":43,"column":69},"end":{"line":43,"column":75}},"line":43},"7":{"name":"(anonymous_7)","decl":{"start":{"line":58,"column":33},"end":{"line":58,"column":34}},"loc":{"start":{"line":58,"column":42},"end":{"line":64,"column":1}},"line":58},"8":{"name":"(anonymous_8)","decl":{"start":{"line":58,"column":42},"end":{"line":58,"column":43}},"loc":{"start":{"line":58,"column":54},"end":{"line":64,"column":1}},"line":58},"9":{"name":"(anonymous_9)","decl":{"start":{"line":60,"column":27},"end":{"line":60,"column":28}},"loc":{"start":{"line":60,"column":32},"end":{"line":60,"column":51}},"line":60},"10":{"name":"(anonymous_10)","decl":{"start":{"line":75,"column":21},"end":{"line":75,"column":22}},"loc":{"start":{"line":75,"column":30},"end":{"line":85,"column":1}},"line":75},"11":{"name":"(anonymous_11)","decl":{"start":{"line":75,"column":30},"end":{"line":75,"column":31}},"loc":{"start":{"line":75,"column":42},"end":{"line":85,"column":1}},"line":75},"12":{"name":"(anonymous_12)","decl":{"start":{"line":81,"column":25},"end":{"line":81,"column":26}},"loc":{"start":{"line":81,"column":37},"end":{"line":81,"column":80}},"line":81},"13":{"name":"(anonymous_13)","decl":{"start":{"line":95,"column":16},"end":{"line":95,"column":17}},"loc":{"start":{"line":95,"column":25},"end":{"line":103,"column":1}},"line":95},"14":{"name":"(anonymous_14)","decl":{"start":{"line":95,"column":25},"end":{"line":95,"column":26}},"loc":{"start":{"line":95,"column":31},"end":{"line":103,"column":1}},"line":95},"15":{"name":"(anonymous_15)","decl":{"start":{"line":95,"column":31},"end":{"line":95,"column":32}},"loc":{"start":{"line":95,"column":37},"end":{"line":103,"column":1}},"line":95},"16":{"name":"(anonymous_16)","decl":{"start":{"line":105,"column":17},"end":{"line":105,"column":18}},"loc":{"start":{"line":105,"column":23},"end":{"line":109,"column":1}},"line":105}},"branchMap":{"0":{"loc":{"start":{"line":23,"column":4},"end":{"line":45,"column":5}},"type":"if","locations":[{"start":{"line":23,"column":4},"end":{"line":45,"column":5}},{"start":{"line":23,"column":4},"end":{"line":45,"column":5}}],"line":23},"1":{"loc":{"start":{"line":26,"column":24},"end":{"line":26,"column":51}},"type":"cond-expr","locations":[{"start":{"line":26,"column":42},"end":{"line":26,"column":44}},{"start":{"line":26,"column":47},"end":{"line":26,"column":51}}],"line":26},"2":{"loc":{"start":{"line":59,"column":2},"end":{"line":63,"column":3}},"type":"if","locations":[{"start":{"line":59,"column":2},"end":{"line":63,"column":3}},{"start":{"line":59,"column":2},"end":{"line":63,"column":3}}],"line":59},"3":{"loc":{"start":{"line":59,"column":6},"end":{"line":59,"column":53}},"type":"binary-expr","locations":[{"start":{"line":59,"column":6},"end":{"line":59,"column":25}},{"start":{"line":59,"column":29},"end":{"line":59,"column":53}}],"line":59},"4":{"loc":{"start":{"line":76,"column":25},"end":{"line":79,"column":63}},"type":"binary-expr","locations":[{"start":{"line":76,"column":25},"end":{"line":76,"column":44}},{"start":{"line":77,"column":4},"end":{"line":77,"column":28}},{"start":{"line":78,"column":4},"end":{"line":78,"column":34}},{"start":{"line":79,"column":5},"end":{"line":79,"column":31}},{"start":{"line":79,"column":35},"end":{"line":79,"column":62}}],"line":76},"5":{"loc":{"start":{"line":80,"column":2},"end":{"line":84,"column":3}},"type":"if","locations":[{"start":{"line":80,"column":2},"end":{"line":84,"column":3}},{"start":{"line":80,"column":2},"end":{"line":84,"column":3}}],"line":80},"6":{"loc":{"start":{"line":96,"column":2},"end":{"line":102,"column":3}},"type":"if","locations":[{"start":{"line":96,"column":2},"end":{"line":102,"column":3}},{"start":{"line":96,"column":2},"end":{"line":102,"column":3}}],"line":96},"7":{"loc":{"start":{"line":97,"column":11},"end":{"line":97,"column":43}},"type":"cond-expr","locations":[{"start":{"line":97,"column":23},"end":{"line":97,"column":25}},{"start":{"line":97,"column":28},"end":{"line":97,"column":43}}],"line":97},"8":{"loc":{"start":{"line":97,"column":28},"end":{"line":97,"column":43}},"type":"cond-expr","locations":[{"start":{"line":97,"column":38},"end":{"line":97,"column":39}},{"start":{"line":97,"column":42},"end":{"line":97,"column":43}}],"line":97},"9":{"loc":{"start":{"line":98,"column":9},"end":{"line":102,"column":3}},"type":"if","locations":[{"start":{"line":98,"column":9},"end":{"line":102,"column":3}},{"start":{"line":98,"column":9},"end":{"line":102,"column":3}}],"line":98},"10":{"loc":{"start":{"line":99,"column":11},"end":{"line":99,"column":43}},"type":"cond-expr","locations":[{"start":{"line":99,"column":23},"end":{"line":99,"column":24}},{"start":{"line":99,"column":27},"end":{"line":99,"column":43}}],"line":99},"11":{"loc":{"start":{"line":99,"column":27},"end":{"line":99,"column":43}},"type":"cond-expr","locations":[{"start":{"line":99,"column":37},"end":{"line":99,"column":39}},{"start":{"line":99,"column":42},"end":{"line":99,"column":43}}],"line":99}},"s":{"0":0,"1":0,"2":0,"3":0,"4":0,"5":0,"6":0,"7":0,"8":0,"9":0,"10":0,"11":0,"12":0,"13":0,"14":0,"15":0,"16":0,"17":0,"18":0,"19":0,"20":0,"21":0,"22":0,"23":0,"24":0,"25":0,"26":0,"27":0,"28":0,"29":0,"30":0,"31":0,"32":0,"33":0,"34":0,"35":0,"36":0,"37":0,"38":0,"39":0,"40":0,"41":0},"f":{"0":0,"1":0,"2":0,"3":0,"4":0,"5":0,"6":0,"7":0,"8":0,"9":0,"10":0,"11":0,"12":0,"13":0,"14":0,"15":0,"16":0},"b":{"0":[0,0],"1":[0,0],"2":[0,0],"3":[0,0],"4":[0,0,0,
[...]
:84,"column":50},"end":{"line":86,"column":1}},"line":84},"15":{"name":"(anonymous_15)","decl":{"start":{"line":97,"column":28},"end":{"line":97,"column":29}},"loc":{"start":{"line":97,"column":42},"end":{"line":108,"column":1}},"line":97},"16":{"name":"(anonymous_16)","decl":{"start":{"line":97,"column":42},"end":{"line":97,"column":43}},"loc":{"start":{"line":97,"column":54},"end":{"line":108,"column":1}},"line":97},"17":{"name":"(anonymous_17)","decl":{"start":{"line":98,"column":35},"end":{"line":98,"column":36}},"loc":{"start":{"line":98,"column":50},"end":{"line":107,"column":3}},"line":98},"18":{"name":"(anonymous_18)","decl":{"start":{"line":117,"column":29},"end":{"line":117,"column":30}},"loc":{"start":{"line":117,"column":35},"end":{"line":130,"column":1}},"line":117},"19":{"name":"(anonymous_19)","decl":{"start":{"line":117,"column":35},"end":{"line":117,"column":36}},"loc":{"start":{"line":117,"column":45},"end":{"line":130,"column":1}},"line":117},"20":{"name":"(anonymous_20)","decl":{"start":{"line":117,"column":45},"end":{"line":117,"column":46}},"loc":{"start":{"line":117,"column":57},"end":{"line":130,"column":1}},"line":117},"21":{"name":"(anonymous_21)","decl":{"start":{"line":118,"column":26},"end":{"line":118,"column":27}},"loc":{"start":{"line":118,"column":49},"end":{"line":129,"column":3}},"line":118},"22":{"name":"(anonymous_22)","decl":{"start":{"line":125,"column":18},"end":{"line":125,"column":19}},"loc":{"start":{"line":125,"column":33},"end":{"line":125,"column":65}},"line":125},"23":{"name":"(anonymous_23)","decl":{"start":{"line":126,"column":16},"end":{"line":126,"column":17}},"loc":{"start":{"line":126,"column":29},"end":{"line":126,"column":55}},"line":126},"24":{"name":"(anonymous_24)","decl":{"start":{"line":132,"column":17},"end":{"line":132,"column":18}},"loc":{"start":{"line":132,"column":23},"end":{"line":140,"column":1}},"line":132}},"branchMap":{"0":{"loc":{"start":{"line":20,"column":4},"end":{"line":26,"column":5}},"type":"if","locations":[{"start":{"line":20,"column":4},"end":{"line":26,"column":5}},{"start":{"line":20,"column":4},"end":{"line":26,"column":5}}],"line":20},"1":{"loc":{"start":{"line":24,"column":27},"end":{"line":24,"column":72}},"type":"cond-expr","locations":[{"start":{"line":24,"column":53},"end":{"line":24,"column":55}},{"start":{"line":24,"column":58},"end":{"line":24,"column":72}}],"line":24},"2":{"loc":{"start":{"line":46,"column":4},"end":{"line":76,"column":5}},"type":"if","locations":[{"start":{"line":46,"column":4},"end":{"line":76,"column":5}},{"start":{"line":46,"column":4},"end":{"line":76,"column":5}}],"line":46},"3":{"loc":{"start":{"line":50,"column":28},"end":{"line":50,"column":73}},"type":"cond-expr","locations":[{"start":{"line":50,"column":54},"end":{"line":50,"column":56}},{"start":{"line":50,"column":59},"end":{"line":50,"column":73}}],"line":50},"4":{"loc":{"start":{"line":51,"column":14},"end":{"line":51,"column":77}},"type":"cond-expr","locations":[{"start":{"line":51,"column":35},"end":{"line":51,"column":66}},{"start":{"line":51,"column":69},"end":{"line":51,"column":77}}],"line":51},"5":{"loc":{"start":{"line":56,"column":14},"end":{"line":60,"column":35}},"type":"cond-expr","locations":[{"start":{"line":57,"column":18},"end":{"line":57,"column":27}},{"start":{"line":58,"column":18},"end":{"line":60,"column":35}}],"line":56},"6":{"loc":{"start":{"line":64,"column":6},"end":{"line":75,"column":7}},"type":"if","locations":[{"start":{"line":64,"column":6},"end":{"line":75,"column":7}},{"start":{"line":64,"column":6},"end":{"line":75,"column":7}}],"line":64},"7":{"loc":{"start":{"line":65,"column":8},"end":{"line":67,"column":38}},"type":"binary-expr","locations":[{"start":{"line":65,"column":8},"end":{"line":65,"column":32}},{"start":{"line":66,"column":8},"end":{"line":66,"column":43}},{"start":{"line":67,"column":8},"end":{"line":67,"column":38}}],"line":65},"8":{"loc":{"start":{"line":99,"column":4},"end":{"line":105,"column":5}},"type":"if","locations":[{"start":{"line":99,"column":4},"end":{"line":105,"column":5}},{"start":{"line":99,"column":4},"end":{"line":105,"column":5}}],"line":99},"9":{"loc":{"start":{"line":103,"column":8},"end":{"line":103,"column":66}},"type":"cond-expr","locations":[{"start":{"line":103,"column":32},"end":{"line":103,"column":34}},{"start":{"line":103,"column":37},"end":{"line":103,"column":66}}],"line":103},"10":{"loc":{"start":{"line":103,"column":37},"end":{"line":103,"column":66}},"type":"cond-expr","locations":[{"start":{"line":103,"column":61},"end":{"line":103,"column":62}},{"start":{"line":103,"column":65},"end":{"line":103,"column":66}}],"line":103},"11":{"loc":{"start":{"line":104,"column":13},"end":{"line":104,"column":78}},"type":"cond-expr","locations":[{"start":{"line":104,"column":31},"end":{"line":104,"column":38}},{"start":{"line":104,"column":41},"end":{"line":104,"column":78}}],"line":104},"12":{"loc":{"start":{"line":104,"column":41},"end":{"line":104,"column":78}},"type":"cond-expr","locations":[{"start":{"line":104,"column":60},"end":{"line":104,"column":68}},{"start":{"line":104,"column":71},"end":{"line":104,"column":78}}],"line":104},"13":{"loc":{"start":{"line":119,"column":4},"end":{"line":128,"column":5}},"type":"if","locations":[{"start":{"line":119,"column":4},"end":{"line":128,"column":5}},{"start":{"line":119,"column":4},"end":{"line":128,"column":5}}],"line":119},"14":{"loc":{"start":{"line":126,"column":29},"end":{"line":126,"column":55}},"type":"cond-expr","locations":[{"start":{"line":126,"column":49},"end":{"line":126,"column":50}},{"start":{"line":126,"column":53},"end":{"line":126,"column":55}}],"line":126}},"s":{"0":0,"1":0,"2":0,"3":0,"4":0,"5":0,"6":0,"7":0,"8":0,"9":0,"10":0,"11":0,"12":0,"13":0,"14":0,"15":0,"16":0,"17":0,"18":0,"19":0,"20":0,"21":0,"22":0,"23":0,"24":0,"25":0,"26":0,"27":0,"28":0,"29":0,"30":0,"31":0,"32":0,"33":0,"34":0,"35":0,"36":0,"37":0,"38":0,"39":0,"40":0,"41":0,"42":0,"43":0,"44":0,"45":0,"46":0,"47":0,"48":0,"49":0,"50":0,"51":0,"52":0},"f":{"0":0,"1":0,"2":0,"3":0,"4":0,"5":0,"6":0,"7":0,"8":0,"9":0,"10":0,"11":0,"12":0,"13":0,"14":0,"15":0,"16":0,"17":0,"18":0,"19":0,"20":0,"21":0,"22":0,"23":0,"24":0},"b":{"0":[0,0],"1":[0,0],"2":[0,0],"3":[0,0],"4":[0,0],"5":[0,0],"6":[0,0],"7":[0,0,0],"8":[0,0],"9":[0,0],"10":[0,0],"11":[0,0],"12":[0,0],"13":[0,0],"14":[0,0]}},"/Users/emiliedion/Desktop/git/A2019/LOG4420-TP3/services/yaml/seminar.js":{"path":"/Users/emiliedion/Desktop/git/A2019/LOG4420-TP3/services/yaml/seminar.js","statementMap":{"0":{"start":{"line":1,"column":13},"end":{"line":1,"column":31}},"1":{"start":{"line":2,"column":15},"end":{"line":2,"column":32}},"2":{"start":{"line":3,"column":27},"end":{"line":3,"column":46}},"3":{"start":{"line":22,"column":20},"end":{"line":49,"column":1}},"4":{"start":{"line":22,"column":26},"end":{"line":49,"column":1}},"5":{"start":{"line":22,"column":35},"end":{"line":49,"column":1}},"6":{"start":{"line":22,"column":47},"end":{"line":49,"column":1}},"7":{"start":{"line":23,"column":2},"end":{"line":48,"column":4}},"8":{"start":{"line":24,"column":4},"end":{"line":47,"column":5}},"9":{"start":{"line":25,"column":6},"end":{"line":25,"column":25}},"10":{"start":{"line":27,"column":29},"end":{"line":27,"column":51}},"11":{"start":{"line":28,"column":23},"end":{"line":42,"column":10}},"12":{"start":{"line":30,"column":34},"end":{"line":30,"column":67}},"13":{"start":{"line":31,"column":40},"end":{"line":31,"column":79}},"14":{"start":{"line":32,"column":26},"end":{"line":32,"column":72}},"15":{"start":{"line":33,"column":35},"end":{"line":33,"column":86}},"16":{"start":{"line":34,"column":10},"end":{"line":41,"column":11}},"17":{"start":{"line":44,"column":30},"end":{"line":44,"column":84}},"18":{"start":{"line":45,"column":34},"end":{"line":45,"column":86}},"19":{"start":{"line":45,"column":69},"end":{"line":45,"column":75}},"20":{"start":{"line":46,"column":6},"end":{"line":46,"column":41}},"21":{"start":{"line":60,"column":33},"end":{"line":66,"column":1}},"22":{"start":{"line":60,"column":42},"end":{"line":66,"column":1}},"23":{"start":{"line":61,"column":2},"end":{"line":65,"column":3}},"24":{"start":{"line":62,"column":4},"end":{"line":62,"column":52}},"25":{"start":{"line":62,"column":32},"end":{"line":62,"column":51}},"26":{"start":{"line":64,"column":4},"end":{"line":64,"column":19}},"27":{"start":{"line":77,"column":21},"end":{"line":87,"column":1}},"28":{"start":{"line":77,"column":30},"end":{"line":87,"column":1}},"29":{"start":{"line":78,"column":25},"end":{"line":81,"column":63}},"30":{"start":{"line":82,"column":2},"end":{"line":86,"column":3}},"31":{"start":{"line":83,"column":4},"end":{"line":83,"column":81}},"32":{"start":{"line":83,"column":37},"end":{"line":83,"column":80}},"33":{"start":{"line":85,"column":4},"end":{"line":85,"column":19}},"34":{"start":{"line":97,"column":16},"end":{"line":105,"column":1}},"35":{"start":{"line":97,"column":25},"end":{"line":105,"column":1}},"36":{"start":{"line":97,"column":31},"end":{"line":105,"column":1}},"37":{"start":{"line":98,"column":2},"end":{"line":104,"column":3}},"38":{"start":{"line":99,"column":4},"end":{"line":99,"column":43}},"39":{"start":{"line":100,"column":9},"end":{"line":104,"column":3}},"40":{"start":{"line":101,"column":4},"end":{"line":101,"column":43}},"41":{"start":{"line":103,"column":4},"end":{"line":103,"column":12}},"42":{"start":{"line":107,"column":0},"end":{"line":111,"column":1}},"43":{"start":{"line":108,"column":2},"end":{"line":110,"column":3}}},"fnMap":{"0":{"name":"(anonymous_0)","decl":{"start":{"line":22,"column":20},"end":{"line":22,"column":21}},"loc":{"start":{"line":22,"column":26},"end":{"line":49,"column":1}},"line":22},"1":{"name":"(anonymous_1)","decl":{"start":{"line":22,"column":26},"end":{"line":22,"column":27}},"loc":{"start":{"line":22,"column":35},"end":{"line":49,"column":1}},"line":22},"2":{"name":"(anonymous_2)","decl":{"start":{"line":22,"column":35},"end":{"line":22,"column":36}},"loc":{"start":{"line":22,"column":47},"end":{"line":49,"column":1}},"line":22},"3":{"name":"(anonymous_3)","decl":{"start":{"line":22,"column":47},"end":{"line":22,"column":48}},"loc":{"start":{"line":22,"column":59},"end":{"line":49,"column":1}},"line":22},"4":{"name":"(anonymous_4)","decl":{"start":{"line":23,"column":45},"end":{"line":23,"column":46}},"loc":{"start":{"line":23,"column":63},"end":{"line":48,"column":3}},"line":23},"5":{"name":"(anonymous_5)","decl":{"start":{"line":29,"column":13},"end":{"line":29,"column":14}},"loc":{"start":{"line":29,"column":18},"end":{"line":42,"column":9}},"line":29},"6":{"name":"(anonymous_6)","decl":{"start":{"line":45,"column":57},"end":{"line":45,"column":58}},"loc":{"start":{"line":45,"column":69},"end":{"line":45,"column":75}},"line":45},"7":{"name":"(anonymous_7)","decl":{"start":{"line":60,"column":33},"end":{"line":60,"column":34}},"loc":{"start":{"line":60,"column":42},"end":{"line":66,"column":1}},"line":60},"8":{"name":"(anonymous_8)","decl":{"start":{"line":60,"column":42},"end":{"line":60,"column":43}},"loc":{"start":{"line":60,"column":54},"end":{"line":66,"column":1}},"line":60},"9":{"name":"(anonymous_9)","decl":{"start":{"line":62,"column":27},"end":{"line":62,"column":28}},"loc":{"start":{"line":62,"column":32},"end":{"line":62,"column":51}},"line":62},"10":{"name":"(anonymous_10)","decl":{"start":{"line":77,"column":21},"end":{"line":77,"column":22}},"loc":{"start":{"line":77,"column":30},"end":{"line":87,"column":1}},"line":77},"11":{"name":"(anonymous_11)","decl":{"start":{"line":77,"column":30},"end":{"line":77,"column":31}},"loc":{"start":{"line":77,"column":42},"end":{"line":87,"column":1}},"line":77},"12":{"name":"(anonymous_12)","decl":{"start":{"line":83,"column":25},"end":{"line":83,"column":26}},"loc":{"start":{"line":83,"column":37},"end":{"line":83,"column":80}},"line":83},"13":{"name":"(anonymous_13)","decl":{"start":{"line":97,"column":16},"end":{"line":97,"column":17}},"loc":{"start":{"line":97,"column":25},"end":{"line":105,"column":1}},"line":97},"14":{"name":"(anonymous_14)","decl":{"start":{"line":97,"column":25},"end":{"line":97,"column":26}},"loc":{"start":{"line":97,"column":31},"end":{"line":105,"column":1}},"line":97},"15":{"name":"(anonymous_15)","decl":{"start":{"line":97,"column":31},"end":{"line":97,"column":32}},"loc":{"start":{"line":97,"column":37},"end":{"line":105,"column":1}},"line":97},"16":{"name":"(anonymous_16)","decl":{"start":{"line":107,"column":17},"end":{"line":107,"column":18}},"loc":{"start":{"line":107,"column":23},"end":{"line":111,"column":1}},"line":107}},"branchMap":{"0":{"loc":{"start":{"line":24,"column":4},"end":{"line":47,"column":5}},"type":"if","locations":[{"start":{"line":24,"column":4},"end":{"line":47,"column":5}},{"start":{"line":24,"column":4},"end":{"line":47,"column":5}}],"line":24},"1":{"loc":{"start":{"line":28,"column":24},"end":{"line":28,"column":71}},"type":"cond-expr","locations":[{"start":{"line":28,"column":52},"end":{"line":28,"column":54}},{"start":{"line":28,"column":57},"end":{"line":28,"column":71}}],"line":28},"2":{"loc":{"start":{"line":61,"column":2},"end":{"line":65,"column":3}},"type":"if","locations":[{"start":{"line":61,"column":2},"end":{"line":65,"column":3}},{"start":{"line":61,"column":2},"end":{"line":65,"column":3}}],"line":61},"3":{"loc":{"start":{"line":61,"column":6},"end":{"line":61,"column":53}},"type":"binary-expr","locations":[{"start":{"line":61,"column":6},"end":{"line":61,"column":25}},{"start":{"line":61,"column":29},"end":{"line":61,"column":53}}],"line":61},"4":{"loc":{"start":{"line":78,"column":25},"end":{"line":81,"column":63}},"type":"binary-expr","locations":[{"start":{"line":78,"column":25},"end":{"line":78,"column":44}},{"start":{"line":79,"column":4},"end":{"line":79,"column":28}},{"start":{"line":80,"column":4},"end":{"line":80,"column":34}},{"start":{"line":81,"column":5},"end":{"line":81,"column":31}},{"start":{"line":81,"column":35},"end":{"line":81,"column":62}}],"line":78},"5":{"loc":{"start":{"line":82,"column":2},"end":{"line":86,"column":3}},"type":"if","locations":[{"start":{"line":82,"column":2},"end":{"line":86,"column":3}},{"start":{"line":82,"column":2},"end":{"line":86,"column":3}}],"line":82},"6":{"loc":{"start":{"line":98,"column":2},"end":{"line":104,"column":3}},"type":"if","locations":[{"start":{"line":98,"column":2},"end":{"line":104,"column":3}},{"start":{"line":98,"column":2},"end":{"line":104,"column":3}}],"line":98},"7":{"loc":{"start":{"line":99,"column":11},"end":{"line":99,"column":43}},"type":"cond-expr","locations":[{"start":{"line":99,"column":23},"end":{"line":99,"column":25}},{"start":{"line":99,"column":28},"end":{"line":99,"column":43}}],"line":99},"8":{"loc":{"start":{"line":99,"column":28},"end":{"line":99,"column":43}},"type":"cond-expr","locations":[{"start":{"line":99,"column":38},"end":{"line":99,"column":39}},{"start":{"line":99,"column":42},"end":{"line":99,"column":43}}],"line":99},"9":{"loc":{"start":{"line":100,"column":9},"end":{"line":104,"column":3}},"type":"if","locations":[{"start":{"line":100,"column":9},"end":{"line":104,"column":3}},{"start":{"line":100,"column":9},"end":{"line":104,"column":3}}],"line":100},"10":{"loc":{"start":{"line":101,"column":11},"end":{"line":101,"column":43}},"type":"cond-expr","locations":[{"start":{"line":101,"column":23},"end":{"line":101,"column":24}},{"start":{"line":101,"column":27},"end":{"line":101,"column":43}}],"line":101},"11":{"loc":{"start":{"line":101,"column":27},"end":{"line":101,"column":43}},"type":"cond-expr","locations":[{"start":{"line":101,"column":37},"end":{"line":101,"column":39}},{"start":{"line":101,"column":42},"end":{"line":101,"column":43}}],"line":101}},"s":{"0":0,"1":0,"2":0,"3":0,"4":0,"5":0,"6":0,"7":0,"8":0,"9":0,"10":0,"11":0,"12":0,"13":0,"14":0,"15":0,"16":0,"17":0,"18":0,"19":0,"20":0,"21":0,"22":0,"23":0,"24":0,"25":0,"26":0,"27":0,"28":0,"29":0,"30":0,"31":0,"32":0,"33":0,"34":0,"35":0,"36":0,"37":0,"38":0,"39":0,"40":0,"41":0,"42":0,"43":0},"f":{"0":0,"1":0,"2":0,"3":0,"4":0,"5":0,"6":0,"7":0,"8":0,"9":0,"10":0,"11":0,"12":0,"13":0,"14":0,"15":0,"16":0},"b":{"0":[0,0],"1":[0,0],"2":[0,0],"3":[0,0],"4":[0,0,0,0,0],"5":[0,0],"6":[0,0],"7":[0,0],"8":[0,0],"9":[0,0],"10":[0,0],"11":[0,0]}},"/Users/emiliedion/Desktop/git/A2019/LOG4420-TP3/services/yaml/team.js":{"path":"/Users/emiliedion/Desktop/git/A2019/LOG4420-TP3/services/yaml/team.js","statementMap":{"0":{"start":{"line":1,"column":13},"end":{"line":1,"column":31}},"1":{"start":{"line":11,"column":23},"end":{"line":28,"column":1}},"2":{"start":{"line":11,"column":29},"end":{"line":28,"column":1}},"3":{"start":{"line":12,"column":2},"end":{"line":27,"column":4}},"4":{"start":{"line":13,"column":4},"end":{"line":26,"column":5}},"5":{"start":{"line":14,"column":6},"end":{"line":14,"column":25}},"6":{"start":{"line":16,"column":29},"end":{"line":16,"column":51}},"7":{"start":{"line":17,"column":19},"end":{"line":24,"column":10}},"8":{"start":{"line":19,"column":10},"end":{"line":23,"column":11}},"9":{"start":{"line":20,"column":12},"end":{"line":20,"column":93}},"10":{"start":{"line":22,"column":12},"end":{"line":22,"column":55}},"11":{"start":{"line":25,"column":6},"end":{"line":25,"column":26}},"12":{"start":{"line":30,"column":0},"end":{"line":34,"column":1}},"13":{"start":{"line":31,"column":2},"end":{"line":33,"column":3}}},"fnMap":{"0":{"name":"(anonymous_0)","decl":{"start":{"line":11,"column":23},"end":{"line":11,"column":24}},"loc":{"start":{"line":11,"column":29},"end":{"line":28,"column":1}},"line":11},"1":{"name":"(anonymous_1)","decl":{"start":{"line":11,"column":29},"end":{"line":11,"column":30}},"loc":{"start":{"line":11,"column":41},"end":{"line":28,"column":1}},"line":11},"2":{"name":"(anonymous_2)","decl":{"start":{"line":12,"column":41},"end":{"line":12,"column":42}},"loc":{"start":{"line":12,"column":59},"end":{"line":27,"column":3}},"line":12},"3":{"name":"(anonymous_3)","decl":{"start":{"line":18,"column":14},"end":{"line":18,"column":15}},"loc":{"start":{"line":18,"column":26},"end":{"line":24,"column":9}},"line":18},"4":{"name":"(anonymous_4)","decl":{"start":{"line":30,"column":17},"end":{"line":30,"column":18}},"loc":{"start":{"line":30,"column":23},"end":{"line":34,"column":1}},"line":30}},"branchMap":{"0":{"loc":{"start":{"line":13,"column":4},"end":{"line":26,"column":5}},"type":"if","locations":[{"start":{"line":13,"column":4},"end":{"line":26,"column":5}},{"start":{"line":13,"column":4},"end":{"line":26,"column":5}}],"line":13},"1":{"loc":{"start":{"line":17,"column":20},"end":{"line":17,"column":67}},"type":"cond-expr","locations":[{"start":{"line":17,"column":48},"end":{"line":17,"column":50}},{"start":{"line":17,"column":53},"end":{"line":17,"column":67}}],"line":17},"2":{"loc":{"start":{"line":19,"column":10},"end":{"line":23,"column":11}},"type":"if","locations":[{"start":{"line":19,"column":10},"end":{"line":23,"column":11}},{"start":{"line":19,"column":10},"end":{"line":23,"column":11}}],"line":19},"3":{"loc":{"start":{"line":20,"column":19},"end":{"line":20,"column":93}},"type":"cond-expr","locations":[{"start":{"line":20,"column":51},"end":{"line":20,"column":53}},{"start":{"line":20,"column":56},"end":{"line":20,"column":93}}],"line":20},"4":{"loc":{"start":{"line":20,"column":56},"end":{"line":20,"column":93}},"type":"cond-expr","locations":[{"start":{"line":20,"column":88},"end":{"line":20,"column":89}},{"start":{"line":20,"column":92},"end":{"line":20,"column":93}}],"line":20},"5":{"loc":{"start":{"line":22,"column":19},"end":{"line":22,"column":55}},"type":"cond-expr","locations":[{"start":{"line":22,"column":49},"end":{"line":22,"column":51}},{"start":{"line":22,"column":54},"end":{"line":22,"column":55}}],"line":22}},"s":{"0":0,"1":0,"2":0,"3":0,"4":0,"5":0,"6":0,"7":0,"8":0,"9":0,"10":0,"11":0,"12":0,"13":0},"f":{"0":0,"1":0,"2":0,"3":0,"4":0},"b":{"0":[0,0],"1":[0,0],"2":[0,0],"3":[0,0],"4":[0,0],"5":[0,0]}}}